[2025-04-24T02:05:30.224+0000] {local_task_job_runner.py:123} INFO - ::group::Pre task execution logs
[2025-04-24T02:05:30.242+0000] {taskinstance.py:2612} INFO - Dependencies all met for dep_context=non-requeueable deps ti=<TaskInstance: build_crypto_dbt.dbt_snapshot manual__2025-04-24T02:05:10.728326+00:00 [queued]>
[2025-04-24T02:05:30.253+0000] {taskinstance.py:2612} INFO - Dependencies all met for dep_context=requeueable deps ti=<TaskInstance: build_crypto_dbt.dbt_snapshot manual__2025-04-24T02:05:10.728326+00:00 [queued]>
[2025-04-24T02:05:30.254+0000] {taskinstance.py:2865} INFO - Starting attempt 1 of 1
[2025-04-24T02:05:30.271+0000] {taskinstance.py:2888} INFO - Executing <Task(BashOperator): dbt_snapshot> on 2025-04-24 02:05:10.728326+00:00
[2025-04-24T02:05:30.280+0000] {standard_task_runner.py:104} INFO - Running: ['***', 'tasks', 'run', 'build_crypto_dbt', 'dbt_snapshot', 'manual__2025-04-24T02:05:10.728326+00:00', '--job-id', '27', '--raw', '--subdir', 'DAGS_FOLDER/build_crypto_dbt.py', '--cfg-path', '/tmp/tmpcexr5jen']
[2025-04-24T02:05:30.283+0000] {standard_task_runner.py:105} INFO - Job 27: Subtask dbt_snapshot
[2025-04-24T02:05:30.283+0000] {logging_mixin.py:190} WARNING - /home/***/.local/lib/python3.12/site-packages/***/task/task_runner/standard_task_runner.py:70 DeprecationWarning: This process (pid=368) is multi-threaded, use of fork() may lead to deadlocks in the child.
[2025-04-24T02:05:30.285+0000] {standard_task_runner.py:72} INFO - Started process 369 to run task
[2025-04-24T02:05:30.333+0000] {task_command.py:467} INFO - Running <TaskInstance: build_crypto_dbt.dbt_snapshot manual__2025-04-24T02:05:10.728326+00:00 [running]> on host 09ab332ca4a7
[2025-04-24T02:05:30.431+0000] {taskinstance.py:3131} INFO - Exporting env vars: AIRFLOW_CTX_DAG_OWNER='***' AIRFLOW_CTX_DAG_ID='build_crypto_dbt' AIRFLOW_CTX_TASK_ID='dbt_snapshot' AIRFLOW_CTX_EXECUTION_DATE='2025-04-24T02:05:10.728326+00:00' AIRFLOW_CTX_TRY_NUMBER='1' AIRFLOW_CTX_DAG_RUN_ID='manual__2025-04-24T02:05:10.728326+00:00'
[2025-04-24T02:05:30.432+0000] {taskinstance.py:731} INFO - ::endgroup::
[2025-04-24T02:05:30.449+0000] {subprocess.py:63} INFO - Tmp dir root location: /tmp
[2025-04-24T02:05:30.453+0000] {subprocess.py:75} INFO - Running command: ['/usr/bin/bash', '-c', '/home/***/.local/bin/dbt snapshot --profiles-dir /opt/***/build_crypto --project-dir /opt/***/build_crypto']
[2025-04-24T02:05:30.466+0000] {subprocess.py:86} INFO - Output:
[2025-04-24T02:05:33.185+0000] {subprocess.py:93} INFO - [0m02:05:33  Running with dbt=1.5.5
[2025-04-24T02:05:34.241+0000] {subprocess.py:93} INFO - [0m02:05:34  Registered adapter: snowflake=1.5.5
[2025-04-24T02:05:34.539+0000] {subprocess.py:93} INFO - [0m02:05:34  Found 3 models, 0 tests, 1 snapshot, 0 analyses, 322 macros, 0 operations, 0 seed files, 3 sources, 0 exposures, 0 metrics, 0 groups
[2025-04-24T02:05:34.542+0000] {subprocess.py:93} INFO - [0m02:05:34
[2025-04-24T02:05:37.868+0000] {subprocess.py:93} INFO - [0m02:05:37  Concurrency: 1 threads (target='dev')
[2025-04-24T02:05:37.869+0000] {subprocess.py:93} INFO - [0m02:05:37
[2025-04-24T02:05:37.894+0000] {subprocess.py:93} INFO - [0m02:05:37  1 of 1 START snapshot analytics.snapshot_crypto_summary ........................ [RUN]
[2025-04-24T02:05:41.226+0000] {subprocess.py:93} INFO - [0m02:05:41  1 of 1 OK snapshotted analytics.snapshot_crypto_summary ........................ [[32msuccess[0m in 3.33s]
[2025-04-24T02:05:41.239+0000] {subprocess.py:93} INFO - [0m02:05:41
[2025-04-24T02:05:41.240+0000] {subprocess.py:93} INFO - [0m02:05:41  Finished running 1 snapshot in 0 hours 0 minutes and 6.70 seconds (6.70s).
[2025-04-24T02:05:41.263+0000] {subprocess.py:93} INFO - [0m02:05:41
[2025-04-24T02:05:41.264+0000] {subprocess.py:93} INFO - [0m02:05:41  [32mCompleted successfully[0m
[2025-04-24T02:05:41.265+0000] {subprocess.py:93} INFO - [0m02:05:41
[2025-04-24T02:05:41.266+0000] {subprocess.py:93} INFO - [0m02:05:41  Done. PASS=1 WARN=0 ERROR=0 SKIP=0 TOTAL=1
[2025-04-24T02:05:42.033+0000] {subprocess.py:97} INFO - Command exited with return code 0
[2025-04-24T02:05:42.073+0000] {taskinstance.py:340} INFO - ::group::Post task execution logs
[2025-04-24T02:05:42.074+0000] {taskinstance.py:352} INFO - Marking task as SUCCESS. dag_id=build_crypto_dbt, task_id=dbt_snapshot, run_id=manual__2025-04-24T02:05:10.728326+00:00, execution_date=20250424T020510, start_date=20250424T020530, end_date=20250424T020542
[2025-04-24T02:05:42.128+0000] {local_task_job_runner.py:266} INFO - Task exited with return code 0
[2025-04-24T02:05:42.157+0000] {taskinstance.py:3900} INFO - 0 downstream tasks scheduled from follow-on schedule check
[2025-04-24T02:05:42.159+0000] {local_task_job_runner.py:245} INFO - ::endgroup::
