[2025-04-23T20:13:49.466+0000] {processor.py:186} INFO - Started process (PID=165) to work on /opt/airflow/dags/build_crypto_dbt.py
[2025-04-23T20:13:49.467+0000] {processor.py:914} INFO - Processing file /opt/airflow/dags/build_crypto_dbt.py for tasks to queue
[2025-04-23T20:13:49.470+0000] {logging_mixin.py:190} INFO - [2025-04-23T20:13:49.470+0000] {dagbag.py:587} INFO - Filling up the DagBag from /opt/airflow/dags/build_crypto_dbt.py
[2025-04-23T20:13:49.523+0000] {logging_mixin.py:190} INFO - [2025-04-23T20:13:49.523+0000] {base.py:84} INFO - Retrieving connection 'snowflake_conn'
[2025-04-23T20:13:49.549+0000] {processor.py:925} INFO - DAG(s) 'build_crypto_dbt' retrieved from /opt/airflow/dags/build_crypto_dbt.py
[2025-04-23T20:13:50.200+0000] {logging_mixin.py:190} INFO - [2025-04-23T20:13:50.199+0000] {override.py:1900} INFO - Created Permission View: can edit on DAG:build_crypto_dbt
[2025-04-23T20:13:50.244+0000] {logging_mixin.py:190} INFO - [2025-04-23T20:13:50.243+0000] {override.py:1900} INFO - Created Permission View: can read on DAG:build_crypto_dbt
[2025-04-23T20:13:50.269+0000] {logging_mixin.py:190} INFO - [2025-04-23T20:13:50.268+0000] {override.py:1900} INFO - Created Permission View: can delete on DAG:build_crypto_dbt
[2025-04-23T20:13:50.287+0000] {logging_mixin.py:190} INFO - [2025-04-23T20:13:50.287+0000] {override.py:1900} INFO - Created Permission View: menu access on DAG Run:build_crypto_dbt
[2025-04-23T20:13:50.310+0000] {logging_mixin.py:190} INFO - [2025-04-23T20:13:50.309+0000] {override.py:1900} INFO - Created Permission View: can read on DAG Run:build_crypto_dbt
[2025-04-23T20:13:50.326+0000] {logging_mixin.py:190} INFO - [2025-04-23T20:13:50.326+0000] {override.py:1900} INFO - Created Permission View: can create on DAG Run:build_crypto_dbt
[2025-04-23T20:13:50.341+0000] {logging_mixin.py:190} INFO - [2025-04-23T20:13:50.340+0000] {override.py:1900} INFO - Created Permission View: can delete on DAG Run:build_crypto_dbt
[2025-04-23T20:13:50.342+0000] {logging_mixin.py:190} INFO - [2025-04-23T20:13:50.341+0000] {dag.py:3229} INFO - Sync 1 DAGs
[2025-04-23T20:13:50.370+0000] {logging_mixin.py:190} INFO - [2025-04-23T20:13:50.369+0000] {dag.py:3252} INFO - Creating ORM DAG for build_crypto_dbt
[2025-04-23T20:13:50.371+0000] {logging_mixin.py:190} INFO - [2025-04-23T20:13:50.371+0000] {dag.py:4156} INFO - Setting next_dagrun for build_crypto_dbt to None, run_after=None
[2025-04-23T20:13:50.406+0000] {processor.py:208} INFO - Processing /opt/airflow/dags/build_crypto_dbt.py took 0.947 seconds
[2025-04-23T20:14:24.000+0000] {processor.py:186} INFO - Started process (PID=182) to work on /opt/airflow/dags/build_crypto_dbt.py
[2025-04-23T20:14:24.002+0000] {processor.py:914} INFO - Processing file /opt/airflow/dags/build_crypto_dbt.py for tasks to queue
[2025-04-23T20:14:24.006+0000] {logging_mixin.py:190} INFO - [2025-04-23T20:14:24.006+0000] {dagbag.py:587} INFO - Filling up the DagBag from /opt/airflow/dags/build_crypto_dbt.py
[2025-04-23T20:14:24.041+0000] {logging_mixin.py:190} INFO - [2025-04-23T20:14:24.041+0000] {base.py:84} INFO - Retrieving connection 'snowflake_conn'
[2025-04-23T20:14:24.053+0000] {processor.py:925} INFO - DAG(s) 'build_crypto_dbt' retrieved from /opt/airflow/dags/build_crypto_dbt.py
[2025-04-23T20:14:24.077+0000] {logging_mixin.py:190} INFO - [2025-04-23T20:14:24.077+0000] {dag.py:3229} INFO - Sync 1 DAGs
[2025-04-23T20:14:24.105+0000] {logging_mixin.py:190} INFO - [2025-04-23T20:14:24.105+0000] {dag.py:4156} INFO - Setting next_dagrun for build_crypto_dbt to None, run_after=None
[2025-04-23T20:14:24.135+0000] {processor.py:208} INFO - Processing /opt/airflow/dags/build_crypto_dbt.py took 0.145 seconds
[2025-04-23T20:14:54.801+0000] {processor.py:186} INFO - Started process (PID=197) to work on /opt/airflow/dags/build_crypto_dbt.py
[2025-04-23T20:14:54.803+0000] {processor.py:914} INFO - Processing file /opt/airflow/dags/build_crypto_dbt.py for tasks to queue
[2025-04-23T20:14:54.806+0000] {logging_mixin.py:190} INFO - [2025-04-23T20:14:54.805+0000] {dagbag.py:587} INFO - Filling up the DagBag from /opt/airflow/dags/build_crypto_dbt.py
[2025-04-23T20:14:54.841+0000] {logging_mixin.py:190} INFO - [2025-04-23T20:14:54.841+0000] {base.py:84} INFO - Retrieving connection 'snowflake_conn'
[2025-04-23T20:14:54.849+0000] {processor.py:925} INFO - DAG(s) 'build_crypto_dbt' retrieved from /opt/airflow/dags/build_crypto_dbt.py
[2025-04-23T20:14:54.870+0000] {logging_mixin.py:190} INFO - [2025-04-23T20:14:54.870+0000] {dag.py:3229} INFO - Sync 1 DAGs
[2025-04-23T20:14:54.890+0000] {logging_mixin.py:190} INFO - [2025-04-23T20:14:54.889+0000] {dag.py:4156} INFO - Setting next_dagrun for build_crypto_dbt to None, run_after=None
[2025-04-23T20:14:54.915+0000] {processor.py:208} INFO - Processing /opt/airflow/dags/build_crypto_dbt.py took 0.124 seconds
[2025-04-23T20:15:25.714+0000] {processor.py:186} INFO - Started process (PID=212) to work on /opt/airflow/dags/build_crypto_dbt.py
[2025-04-23T20:15:25.717+0000] {processor.py:914} INFO - Processing file /opt/airflow/dags/build_crypto_dbt.py for tasks to queue
[2025-04-23T20:15:25.731+0000] {logging_mixin.py:190} INFO - [2025-04-23T20:15:25.730+0000] {dagbag.py:587} INFO - Filling up the DagBag from /opt/airflow/dags/build_crypto_dbt.py
[2025-04-23T20:15:25.837+0000] {logging_mixin.py:190} INFO - [2025-04-23T20:15:25.837+0000] {base.py:84} INFO - Retrieving connection 'snowflake_conn'
[2025-04-23T20:15:25.853+0000] {processor.py:925} INFO - DAG(s) 'build_crypto_dbt' retrieved from /opt/airflow/dags/build_crypto_dbt.py
[2025-04-23T20:15:25.917+0000] {logging_mixin.py:190} INFO - [2025-04-23T20:15:25.916+0000] {dag.py:3229} INFO - Sync 1 DAGs
[2025-04-23T20:15:25.968+0000] {logging_mixin.py:190} INFO - [2025-04-23T20:15:25.967+0000] {dag.py:4156} INFO - Setting next_dagrun for build_crypto_dbt to None, run_after=None
[2025-04-23T20:15:26.065+0000] {processor.py:208} INFO - Processing /opt/airflow/dags/build_crypto_dbt.py took 0.374 seconds
[2025-04-23T20:15:56.758+0000] {processor.py:186} INFO - Started process (PID=227) to work on /opt/airflow/dags/build_crypto_dbt.py
[2025-04-23T20:15:56.759+0000] {processor.py:914} INFO - Processing file /opt/airflow/dags/build_crypto_dbt.py for tasks to queue
[2025-04-23T20:15:56.762+0000] {logging_mixin.py:190} INFO - [2025-04-23T20:15:56.762+0000] {dagbag.py:587} INFO - Filling up the DagBag from /opt/airflow/dags/build_crypto_dbt.py
[2025-04-23T20:15:56.801+0000] {logging_mixin.py:190} INFO - [2025-04-23T20:15:56.801+0000] {base.py:84} INFO - Retrieving connection 'snowflake_conn'
[2025-04-23T20:15:56.809+0000] {processor.py:925} INFO - DAG(s) 'build_crypto_dbt' retrieved from /opt/airflow/dags/build_crypto_dbt.py
[2025-04-23T20:15:56.835+0000] {logging_mixin.py:190} INFO - [2025-04-23T20:15:56.835+0000] {dag.py:3229} INFO - Sync 1 DAGs
[2025-04-23T20:15:56.855+0000] {logging_mixin.py:190} INFO - [2025-04-23T20:15:56.855+0000] {dag.py:4156} INFO - Setting next_dagrun for build_crypto_dbt to None, run_after=None
[2025-04-23T20:15:56.885+0000] {processor.py:208} INFO - Processing /opt/airflow/dags/build_crypto_dbt.py took 0.135 seconds
[2025-04-23T20:16:27.551+0000] {processor.py:186} INFO - Started process (PID=242) to work on /opt/airflow/dags/build_crypto_dbt.py
[2025-04-23T20:16:27.554+0000] {processor.py:914} INFO - Processing file /opt/airflow/dags/build_crypto_dbt.py for tasks to queue
[2025-04-23T20:16:27.560+0000] {logging_mixin.py:190} INFO - [2025-04-23T20:16:27.559+0000] {dagbag.py:587} INFO - Filling up the DagBag from /opt/airflow/dags/build_crypto_dbt.py
[2025-04-23T20:16:27.600+0000] {logging_mixin.py:190} INFO - [2025-04-23T20:16:27.599+0000] {base.py:84} INFO - Retrieving connection 'snowflake_conn'
[2025-04-23T20:16:27.617+0000] {processor.py:925} INFO - DAG(s) 'build_crypto_dbt' retrieved from /opt/airflow/dags/build_crypto_dbt.py
[2025-04-23T20:16:27.645+0000] {logging_mixin.py:190} INFO - [2025-04-23T20:16:27.645+0000] {dag.py:3229} INFO - Sync 1 DAGs
[2025-04-23T20:16:27.670+0000] {logging_mixin.py:190} INFO - [2025-04-23T20:16:27.669+0000] {dag.py:4156} INFO - Setting next_dagrun for build_crypto_dbt to None, run_after=None
[2025-04-23T20:16:27.699+0000] {processor.py:208} INFO - Processing /opt/airflow/dags/build_crypto_dbt.py took 0.163 seconds
[2025-04-23T20:16:58.374+0000] {processor.py:186} INFO - Started process (PID=257) to work on /opt/airflow/dags/build_crypto_dbt.py
[2025-04-23T20:16:58.375+0000] {processor.py:914} INFO - Processing file /opt/airflow/dags/build_crypto_dbt.py for tasks to queue
[2025-04-23T20:16:58.378+0000] {logging_mixin.py:190} INFO - [2025-04-23T20:16:58.378+0000] {dagbag.py:587} INFO - Filling up the DagBag from /opt/airflow/dags/build_crypto_dbt.py
[2025-04-23T20:16:58.418+0000] {logging_mixin.py:190} INFO - [2025-04-23T20:16:58.418+0000] {base.py:84} INFO - Retrieving connection 'snowflake_conn'
[2025-04-23T20:16:58.426+0000] {processor.py:925} INFO - DAG(s) 'build_crypto_dbt' retrieved from /opt/airflow/dags/build_crypto_dbt.py
[2025-04-23T20:16:58.453+0000] {logging_mixin.py:190} INFO - [2025-04-23T20:16:58.452+0000] {dag.py:3229} INFO - Sync 1 DAGs
[2025-04-23T20:16:58.472+0000] {logging_mixin.py:190} INFO - [2025-04-23T20:16:58.472+0000] {dag.py:4156} INFO - Setting next_dagrun for build_crypto_dbt to None, run_after=None
[2025-04-23T20:16:58.503+0000] {processor.py:208} INFO - Processing /opt/airflow/dags/build_crypto_dbt.py took 0.138 seconds
[2025-04-23T20:17:29.272+0000] {processor.py:186} INFO - Started process (PID=272) to work on /opt/airflow/dags/build_crypto_dbt.py
[2025-04-23T20:17:29.273+0000] {processor.py:914} INFO - Processing file /opt/airflow/dags/build_crypto_dbt.py for tasks to queue
[2025-04-23T20:17:29.277+0000] {logging_mixin.py:190} INFO - [2025-04-23T20:17:29.276+0000] {dagbag.py:587} INFO - Filling up the DagBag from /opt/airflow/dags/build_crypto_dbt.py
[2025-04-23T20:17:29.336+0000] {logging_mixin.py:190} INFO - [2025-04-23T20:17:29.335+0000] {base.py:84} INFO - Retrieving connection 'snowflake_conn'
[2025-04-23T20:17:29.362+0000] {processor.py:925} INFO - DAG(s) 'build_crypto_dbt' retrieved from /opt/airflow/dags/build_crypto_dbt.py
[2025-04-23T20:17:29.396+0000] {logging_mixin.py:190} INFO - [2025-04-23T20:17:29.396+0000] {dag.py:3229} INFO - Sync 1 DAGs
[2025-04-23T20:17:29.421+0000] {logging_mixin.py:190} INFO - [2025-04-23T20:17:29.420+0000] {dag.py:4156} INFO - Setting next_dagrun for build_crypto_dbt to None, run_after=None
[2025-04-23T20:17:29.446+0000] {processor.py:208} INFO - Processing /opt/airflow/dags/build_crypto_dbt.py took 0.184 seconds
[2025-04-23T20:20:28.058+0000] {processor.py:186} INFO - Started process (PID=165) to work on /opt/airflow/dags/build_crypto_dbt.py
[2025-04-23T20:20:28.061+0000] {processor.py:914} INFO - Processing file /opt/airflow/dags/build_crypto_dbt.py for tasks to queue
[2025-04-23T20:20:28.066+0000] {logging_mixin.py:190} INFO - [2025-04-23T20:20:28.066+0000] {dagbag.py:587} INFO - Filling up the DagBag from /opt/airflow/dags/build_crypto_dbt.py
[2025-04-23T20:20:28.124+0000] {logging_mixin.py:190} INFO - [2025-04-23T20:20:28.124+0000] {base.py:84} INFO - Retrieving connection 'snowflake_conn'
[2025-04-23T20:20:28.151+0000] {processor.py:925} INFO - DAG(s) 'build_crypto_dbt' retrieved from /opt/airflow/dags/build_crypto_dbt.py
[2025-04-23T20:20:28.228+0000] {logging_mixin.py:190} INFO - [2025-04-23T20:20:28.227+0000] {dag.py:3229} INFO - Sync 1 DAGs
[2025-04-23T20:20:28.259+0000] {logging_mixin.py:190} INFO - [2025-04-23T20:20:28.259+0000] {dag.py:4156} INFO - Setting next_dagrun for build_crypto_dbt to None, run_after=None
[2025-04-23T20:20:28.307+0000] {processor.py:208} INFO - Processing /opt/airflow/dags/build_crypto_dbt.py took 0.264 seconds
[2025-04-23T20:21:02.294+0000] {processor.py:186} INFO - Started process (PID=182) to work on /opt/airflow/dags/build_crypto_dbt.py
[2025-04-23T20:21:02.299+0000] {processor.py:914} INFO - Processing file /opt/airflow/dags/build_crypto_dbt.py for tasks to queue
[2025-04-23T20:21:02.312+0000] {logging_mixin.py:190} INFO - [2025-04-23T20:21:02.311+0000] {dagbag.py:587} INFO - Filling up the DagBag from /opt/airflow/dags/build_crypto_dbt.py
[2025-04-23T20:21:02.358+0000] {logging_mixin.py:190} INFO - [2025-04-23T20:21:02.358+0000] {base.py:84} INFO - Retrieving connection 'snowflake_conn'
[2025-04-23T20:21:02.370+0000] {processor.py:925} INFO - DAG(s) 'build_crypto_dbt' retrieved from /opt/airflow/dags/build_crypto_dbt.py
[2025-04-23T20:21:02.397+0000] {logging_mixin.py:190} INFO - [2025-04-23T20:21:02.397+0000] {dag.py:3229} INFO - Sync 1 DAGs
[2025-04-23T20:21:02.418+0000] {logging_mixin.py:190} INFO - [2025-04-23T20:21:02.418+0000] {dag.py:4156} INFO - Setting next_dagrun for build_crypto_dbt to None, run_after=None
[2025-04-23T20:21:02.447+0000] {processor.py:208} INFO - Processing /opt/airflow/dags/build_crypto_dbt.py took 0.180 seconds
[2025-04-23T20:21:33.001+0000] {processor.py:186} INFO - Started process (PID=197) to work on /opt/airflow/dags/build_crypto_dbt.py
[2025-04-23T20:21:33.002+0000] {processor.py:914} INFO - Processing file /opt/airflow/dags/build_crypto_dbt.py for tasks to queue
[2025-04-23T20:21:33.005+0000] {logging_mixin.py:190} INFO - [2025-04-23T20:21:33.004+0000] {dagbag.py:587} INFO - Filling up the DagBag from /opt/airflow/dags/build_crypto_dbt.py
[2025-04-23T20:21:33.039+0000] {logging_mixin.py:190} INFO - [2025-04-23T20:21:33.039+0000] {base.py:84} INFO - Retrieving connection 'snowflake_conn'
[2025-04-23T20:21:33.048+0000] {processor.py:925} INFO - DAG(s) 'build_crypto_dbt' retrieved from /opt/airflow/dags/build_crypto_dbt.py
[2025-04-23T20:21:33.068+0000] {logging_mixin.py:190} INFO - [2025-04-23T20:21:33.068+0000] {dag.py:3229} INFO - Sync 1 DAGs
[2025-04-23T20:21:33.086+0000] {logging_mixin.py:190} INFO - [2025-04-23T20:21:33.086+0000] {dag.py:4156} INFO - Setting next_dagrun for build_crypto_dbt to None, run_after=None
[2025-04-23T20:21:33.112+0000] {processor.py:208} INFO - Processing /opt/airflow/dags/build_crypto_dbt.py took 0.119 seconds
[2025-04-23T20:22:03.684+0000] {processor.py:186} INFO - Started process (PID=212) to work on /opt/airflow/dags/build_crypto_dbt.py
[2025-04-23T20:22:03.686+0000] {processor.py:914} INFO - Processing file /opt/airflow/dags/build_crypto_dbt.py for tasks to queue
[2025-04-23T20:22:03.690+0000] {logging_mixin.py:190} INFO - [2025-04-23T20:22:03.689+0000] {dagbag.py:587} INFO - Filling up the DagBag from /opt/airflow/dags/build_crypto_dbt.py
[2025-04-23T20:22:03.735+0000] {logging_mixin.py:190} INFO - [2025-04-23T20:22:03.734+0000] {base.py:84} INFO - Retrieving connection 'snowflake_conn'
[2025-04-23T20:22:03.744+0000] {processor.py:925} INFO - DAG(s) 'build_crypto_dbt' retrieved from /opt/airflow/dags/build_crypto_dbt.py
[2025-04-23T20:22:03.775+0000] {logging_mixin.py:190} INFO - [2025-04-23T20:22:03.775+0000] {dag.py:3229} INFO - Sync 1 DAGs
[2025-04-23T20:22:03.801+0000] {logging_mixin.py:190} INFO - [2025-04-23T20:22:03.800+0000] {dag.py:4156} INFO - Setting next_dagrun for build_crypto_dbt to None, run_after=None
[2025-04-23T20:22:03.830+0000] {processor.py:208} INFO - Processing /opt/airflow/dags/build_crypto_dbt.py took 0.155 seconds
[2025-04-23T20:22:34.449+0000] {processor.py:186} INFO - Started process (PID=227) to work on /opt/airflow/dags/build_crypto_dbt.py
[2025-04-23T20:22:34.451+0000] {processor.py:914} INFO - Processing file /opt/airflow/dags/build_crypto_dbt.py for tasks to queue
[2025-04-23T20:22:34.454+0000] {logging_mixin.py:190} INFO - [2025-04-23T20:22:34.454+0000] {dagbag.py:587} INFO - Filling up the DagBag from /opt/airflow/dags/build_crypto_dbt.py
[2025-04-23T20:22:34.490+0000] {logging_mixin.py:190} INFO - [2025-04-23T20:22:34.490+0000] {base.py:84} INFO - Retrieving connection 'snowflake_conn'
[2025-04-23T20:22:34.498+0000] {processor.py:925} INFO - DAG(s) 'build_crypto_dbt' retrieved from /opt/airflow/dags/build_crypto_dbt.py
[2025-04-23T20:22:34.521+0000] {logging_mixin.py:190} INFO - [2025-04-23T20:22:34.521+0000] {dag.py:3229} INFO - Sync 1 DAGs
[2025-04-23T20:22:34.545+0000] {logging_mixin.py:190} INFO - [2025-04-23T20:22:34.544+0000] {dag.py:4156} INFO - Setting next_dagrun for build_crypto_dbt to None, run_after=None
[2025-04-23T20:22:34.570+0000] {processor.py:208} INFO - Processing /opt/airflow/dags/build_crypto_dbt.py took 0.129 seconds
[2025-04-23T20:23:04.790+0000] {processor.py:186} INFO - Started process (PID=242) to work on /opt/airflow/dags/build_crypto_dbt.py
[2025-04-23T20:23:04.792+0000] {processor.py:914} INFO - Processing file /opt/airflow/dags/build_crypto_dbt.py for tasks to queue
[2025-04-23T20:23:04.796+0000] {logging_mixin.py:190} INFO - [2025-04-23T20:23:04.796+0000] {dagbag.py:587} INFO - Filling up the DagBag from /opt/airflow/dags/build_crypto_dbt.py
[2025-04-23T20:23:06.197+0000] {logging_mixin.py:190} INFO - [2025-04-23T20:23:06.197+0000] {base.py:84} INFO - Retrieving connection 'snowflake_conn'
[2025-04-23T20:23:06.206+0000] {processor.py:925} INFO - DAG(s) 'build_crypto_dbt' retrieved from /opt/airflow/dags/build_crypto_dbt.py
[2025-04-23T20:23:06.230+0000] {logging_mixin.py:190} INFO - [2025-04-23T20:23:06.230+0000] {dag.py:3229} INFO - Sync 1 DAGs
[2025-04-23T20:23:06.254+0000] {logging_mixin.py:190} INFO - [2025-04-23T20:23:06.254+0000] {dag.py:4156} INFO - Setting next_dagrun for build_crypto_dbt to None, run_after=None
[2025-04-23T20:23:06.283+0000] {processor.py:208} INFO - Processing /opt/airflow/dags/build_crypto_dbt.py took 0.142 seconds
[2025-04-23T20:23:38.866+0000] {processor.py:186} INFO - Started process (PID=257) to work on /opt/airflow/dags/build_crypto_dbt.py
[2025-04-23T20:23:38.867+0000] {processor.py:914} INFO - Processing file /opt/airflow/dags/build_crypto_dbt.py for tasks to queue
[2025-04-23T20:23:38.870+0000] {logging_mixin.py:190} INFO - [2025-04-23T20:23:38.870+0000] {dagbag.py:587} INFO - Filling up the DagBag from /opt/airflow/dags/build_crypto_dbt.py
[2025-04-23T20:23:38.904+0000] {logging_mixin.py:190} INFO - [2025-04-23T20:23:38.904+0000] {base.py:84} INFO - Retrieving connection 'snowflake_conn'
[2025-04-23T20:23:38.914+0000] {processor.py:925} INFO - DAG(s) 'build_crypto_dbt' retrieved from /opt/airflow/dags/build_crypto_dbt.py
[2025-04-23T20:23:38.943+0000] {logging_mixin.py:190} INFO - [2025-04-23T20:23:38.943+0000] {dag.py:3229} INFO - Sync 1 DAGs
[2025-04-23T20:23:38.964+0000] {logging_mixin.py:190} INFO - [2025-04-23T20:23:38.963+0000] {dag.py:4156} INFO - Setting next_dagrun for build_crypto_dbt to None, run_after=None
[2025-04-23T20:23:38.991+0000] {processor.py:208} INFO - Processing /opt/airflow/dags/build_crypto_dbt.py took 0.132 seconds
[2025-04-23T20:24:09.166+0000] {processor.py:186} INFO - Started process (PID=272) to work on /opt/airflow/dags/build_crypto_dbt.py
[2025-04-23T20:24:09.168+0000] {processor.py:914} INFO - Processing file /opt/airflow/dags/build_crypto_dbt.py for tasks to queue
[2025-04-23T20:24:09.171+0000] {logging_mixin.py:190} INFO - [2025-04-23T20:24:09.171+0000] {dagbag.py:587} INFO - Filling up the DagBag from /opt/airflow/dags/build_crypto_dbt.py
[2025-04-23T20:24:09.208+0000] {logging_mixin.py:190} INFO - [2025-04-23T20:24:09.208+0000] {base.py:84} INFO - Retrieving connection 'snowflake_conn'
[2025-04-23T20:24:09.216+0000] {processor.py:925} INFO - DAG(s) 'build_crypto_dbt' retrieved from /opt/airflow/dags/build_crypto_dbt.py
[2025-04-23T20:24:09.238+0000] {logging_mixin.py:190} INFO - [2025-04-23T20:24:09.237+0000] {dag.py:3229} INFO - Sync 1 DAGs
[2025-04-23T20:24:10.620+0000] {logging_mixin.py:190} INFO - [2025-04-23T20:24:10.620+0000] {dag.py:4156} INFO - Setting next_dagrun for build_crypto_dbt to None, run_after=None
[2025-04-23T20:24:10.644+0000] {processor.py:208} INFO - Processing /opt/airflow/dags/build_crypto_dbt.py took 0.123 seconds
[2025-04-23T20:24:43.343+0000] {processor.py:186} INFO - Started process (PID=292) to work on /opt/airflow/dags/build_crypto_dbt.py
[2025-04-23T20:24:43.349+0000] {processor.py:914} INFO - Processing file /opt/airflow/dags/build_crypto_dbt.py for tasks to queue
[2025-04-23T20:24:43.356+0000] {logging_mixin.py:190} INFO - [2025-04-23T20:24:43.355+0000] {dagbag.py:587} INFO - Filling up the DagBag from /opt/airflow/dags/build_crypto_dbt.py
[2025-04-23T20:24:43.413+0000] {logging_mixin.py:190} INFO - [2025-04-23T20:24:43.412+0000] {base.py:84} INFO - Retrieving connection 'snowflake_conn'
[2025-04-23T20:24:43.426+0000] {processor.py:925} INFO - DAG(s) 'build_crypto_dbt' retrieved from /opt/airflow/dags/build_crypto_dbt.py
[2025-04-23T20:24:43.460+0000] {logging_mixin.py:190} INFO - [2025-04-23T20:24:43.459+0000] {dag.py:3229} INFO - Sync 1 DAGs
[2025-04-23T20:24:43.485+0000] {logging_mixin.py:190} INFO - [2025-04-23T20:24:43.485+0000] {dag.py:4156} INFO - Setting next_dagrun for build_crypto_dbt to None, run_after=None
[2025-04-23T20:24:43.522+0000] {processor.py:208} INFO - Processing /opt/airflow/dags/build_crypto_dbt.py took 0.200 seconds
[2025-04-23T20:25:13.727+0000] {processor.py:186} INFO - Started process (PID=307) to work on /opt/airflow/dags/build_crypto_dbt.py
[2025-04-23T20:25:13.729+0000] {processor.py:914} INFO - Processing file /opt/airflow/dags/build_crypto_dbt.py for tasks to queue
[2025-04-23T20:25:13.734+0000] {logging_mixin.py:190} INFO - [2025-04-23T20:25:13.734+0000] {dagbag.py:587} INFO - Filling up the DagBag from /opt/airflow/dags/build_crypto_dbt.py
[2025-04-23T20:25:15.146+0000] {logging_mixin.py:190} INFO - [2025-04-23T20:25:15.146+0000] {base.py:84} INFO - Retrieving connection 'snowflake_conn'
[2025-04-23T20:25:15.159+0000] {processor.py:925} INFO - DAG(s) 'build_crypto_dbt' retrieved from /opt/airflow/dags/build_crypto_dbt.py
[2025-04-23T20:25:15.201+0000] {logging_mixin.py:190} INFO - [2025-04-23T20:25:15.201+0000] {dag.py:3229} INFO - Sync 1 DAGs
[2025-04-23T20:25:15.224+0000] {logging_mixin.py:190} INFO - [2025-04-23T20:25:15.224+0000] {dag.py:4156} INFO - Setting next_dagrun for build_crypto_dbt to None, run_after=None
[2025-04-23T20:25:15.255+0000] {processor.py:208} INFO - Processing /opt/airflow/dags/build_crypto_dbt.py took 0.170 seconds
[2025-04-23T20:25:47.891+0000] {processor.py:186} INFO - Started process (PID=322) to work on /opt/airflow/dags/build_crypto_dbt.py
[2025-04-23T20:25:47.892+0000] {processor.py:914} INFO - Processing file /opt/airflow/dags/build_crypto_dbt.py for tasks to queue
[2025-04-23T20:25:47.895+0000] {logging_mixin.py:190} INFO - [2025-04-23T20:25:47.895+0000] {dagbag.py:587} INFO - Filling up the DagBag from /opt/airflow/dags/build_crypto_dbt.py
[2025-04-23T20:25:47.928+0000] {logging_mixin.py:190} INFO - [2025-04-23T20:25:47.927+0000] {base.py:84} INFO - Retrieving connection 'snowflake_conn'
[2025-04-23T20:25:47.935+0000] {processor.py:925} INFO - DAG(s) 'build_crypto_dbt' retrieved from /opt/airflow/dags/build_crypto_dbt.py
[2025-04-23T20:25:47.956+0000] {logging_mixin.py:190} INFO - [2025-04-23T20:25:47.956+0000] {dag.py:3229} INFO - Sync 1 DAGs
[2025-04-23T20:25:47.975+0000] {logging_mixin.py:190} INFO - [2025-04-23T20:25:47.974+0000] {dag.py:4156} INFO - Setting next_dagrun for build_crypto_dbt to None, run_after=None
[2025-04-23T20:25:47.996+0000] {processor.py:208} INFO - Processing /opt/airflow/dags/build_crypto_dbt.py took 0.111 seconds
[2025-04-23T20:26:18.155+0000] {processor.py:186} INFO - Started process (PID=337) to work on /opt/airflow/dags/build_crypto_dbt.py
[2025-04-23T20:26:18.157+0000] {processor.py:914} INFO - Processing file /opt/airflow/dags/build_crypto_dbt.py for tasks to queue
[2025-04-23T20:26:18.165+0000] {logging_mixin.py:190} INFO - [2025-04-23T20:26:18.164+0000] {dagbag.py:587} INFO - Filling up the DagBag from /opt/airflow/dags/build_crypto_dbt.py
[2025-04-23T20:26:19.589+0000] {logging_mixin.py:190} INFO - [2025-04-23T20:26:19.589+0000] {base.py:84} INFO - Retrieving connection 'snowflake_conn'
[2025-04-23T20:26:19.602+0000] {processor.py:925} INFO - DAG(s) 'build_crypto_dbt' retrieved from /opt/airflow/dags/build_crypto_dbt.py
[2025-04-23T20:26:19.626+0000] {logging_mixin.py:190} INFO - [2025-04-23T20:26:19.626+0000] {dag.py:3229} INFO - Sync 1 DAGs
[2025-04-23T20:26:19.646+0000] {logging_mixin.py:190} INFO - [2025-04-23T20:26:19.646+0000] {dag.py:4156} INFO - Setting next_dagrun for build_crypto_dbt to None, run_after=None
[2025-04-23T20:26:19.668+0000] {processor.py:208} INFO - Processing /opt/airflow/dags/build_crypto_dbt.py took 0.150 seconds
[2025-04-23T20:26:52.246+0000] {processor.py:186} INFO - Started process (PID=352) to work on /opt/airflow/dags/build_crypto_dbt.py
[2025-04-23T20:26:52.247+0000] {processor.py:914} INFO - Processing file /opt/airflow/dags/build_crypto_dbt.py for tasks to queue
[2025-04-23T20:26:52.250+0000] {logging_mixin.py:190} INFO - [2025-04-23T20:26:52.250+0000] {dagbag.py:587} INFO - Filling up the DagBag from /opt/airflow/dags/build_crypto_dbt.py
[2025-04-23T20:26:52.284+0000] {logging_mixin.py:190} INFO - [2025-04-23T20:26:52.283+0000] {base.py:84} INFO - Retrieving connection 'snowflake_conn'
[2025-04-23T20:26:52.292+0000] {processor.py:925} INFO - DAG(s) 'build_crypto_dbt' retrieved from /opt/airflow/dags/build_crypto_dbt.py
[2025-04-23T20:26:52.314+0000] {logging_mixin.py:190} INFO - [2025-04-23T20:26:52.314+0000] {dag.py:3229} INFO - Sync 1 DAGs
[2025-04-23T20:26:52.334+0000] {logging_mixin.py:190} INFO - [2025-04-23T20:26:52.334+0000] {dag.py:4156} INFO - Setting next_dagrun for build_crypto_dbt to None, run_after=None
[2025-04-23T20:26:52.360+0000] {processor.py:208} INFO - Processing /opt/airflow/dags/build_crypto_dbt.py took 0.121 seconds
[2025-04-23T20:27:24.120+0000] {processor.py:186} INFO - Started process (PID=367) to work on /opt/airflow/dags/build_crypto_dbt.py
[2025-04-23T20:27:24.130+0000] {processor.py:914} INFO - Processing file /opt/airflow/dags/build_crypto_dbt.py for tasks to queue
[2025-04-23T20:27:24.141+0000] {logging_mixin.py:190} INFO - [2025-04-23T20:27:24.140+0000] {dagbag.py:587} INFO - Filling up the DagBag from /opt/airflow/dags/build_crypto_dbt.py
[2025-04-23T20:27:24.338+0000] {logging_mixin.py:190} INFO - [2025-04-23T20:27:24.338+0000] {base.py:84} INFO - Retrieving connection 'snowflake_conn'
[2025-04-23T20:27:24.440+0000] {processor.py:925} INFO - DAG(s) 'build_crypto_dbt' retrieved from /opt/airflow/dags/build_crypto_dbt.py
[2025-04-23T20:27:24.504+0000] {logging_mixin.py:190} INFO - [2025-04-23T20:27:24.503+0000] {dag.py:3229} INFO - Sync 1 DAGs
[2025-04-23T20:27:24.545+0000] {logging_mixin.py:190} INFO - [2025-04-23T20:27:24.544+0000] {dag.py:4156} INFO - Setting next_dagrun for build_crypto_dbt to None, run_after=None
[2025-04-23T20:27:24.590+0000] {processor.py:208} INFO - Processing /opt/airflow/dags/build_crypto_dbt.py took 0.488 seconds
[2025-04-23T20:27:54.884+0000] {processor.py:186} INFO - Started process (PID=382) to work on /opt/airflow/dags/build_crypto_dbt.py
[2025-04-23T20:27:54.885+0000] {processor.py:914} INFO - Processing file /opt/airflow/dags/build_crypto_dbt.py for tasks to queue
[2025-04-23T20:27:56.258+0000] {logging_mixin.py:190} INFO - [2025-04-23T20:27:54.891+0000] {dagbag.py:587} INFO - Filling up the DagBag from /opt/airflow/dags/build_crypto_dbt.py
[2025-04-23T20:27:56.319+0000] {logging_mixin.py:190} INFO - [2025-04-23T20:27:56.318+0000] {base.py:84} INFO - Retrieving connection 'snowflake_conn'
[2025-04-23T20:27:56.335+0000] {processor.py:925} INFO - DAG(s) 'build_crypto_dbt' retrieved from /opt/airflow/dags/build_crypto_dbt.py
[2025-04-23T20:27:56.383+0000] {logging_mixin.py:190} INFO - [2025-04-23T20:27:56.383+0000] {dag.py:3229} INFO - Sync 1 DAGs
[2025-04-23T20:27:56.417+0000] {logging_mixin.py:190} INFO - [2025-04-23T20:27:56.416+0000] {dag.py:4156} INFO - Setting next_dagrun for build_crypto_dbt to None, run_after=None
[2025-04-23T20:27:56.448+0000] {processor.py:208} INFO - Processing /opt/airflow/dags/build_crypto_dbt.py took 0.211 seconds
[2025-04-23T20:28:27.065+0000] {processor.py:186} INFO - Started process (PID=397) to work on /opt/airflow/dags/build_crypto_dbt.py
[2025-04-23T20:28:27.067+0000] {processor.py:914} INFO - Processing file /opt/airflow/dags/build_crypto_dbt.py for tasks to queue
[2025-04-23T20:28:27.080+0000] {logging_mixin.py:190} INFO - [2025-04-23T20:28:27.079+0000] {dagbag.py:587} INFO - Filling up the DagBag from /opt/airflow/dags/build_crypto_dbt.py
[2025-04-23T20:28:28.503+0000] {logging_mixin.py:190} INFO - [2025-04-23T20:28:28.503+0000] {base.py:84} INFO - Retrieving connection 'snowflake_conn'
[2025-04-23T20:28:28.516+0000] {processor.py:925} INFO - DAG(s) 'build_crypto_dbt' retrieved from /opt/airflow/dags/build_crypto_dbt.py
[2025-04-23T20:28:28.547+0000] {logging_mixin.py:190} INFO - [2025-04-23T20:28:28.546+0000] {dag.py:3229} INFO - Sync 1 DAGs
[2025-04-23T20:28:28.567+0000] {logging_mixin.py:190} INFO - [2025-04-23T20:28:28.567+0000] {dag.py:4156} INFO - Setting next_dagrun for build_crypto_dbt to None, run_after=None
[2025-04-23T20:28:28.597+0000] {processor.py:208} INFO - Processing /opt/airflow/dags/build_crypto_dbt.py took 0.188 seconds
[2025-04-23T20:29:01.175+0000] {processor.py:186} INFO - Started process (PID=412) to work on /opt/airflow/dags/build_crypto_dbt.py
[2025-04-23T20:29:01.177+0000] {processor.py:914} INFO - Processing file /opt/airflow/dags/build_crypto_dbt.py for tasks to queue
[2025-04-23T20:29:01.180+0000] {logging_mixin.py:190} INFO - [2025-04-23T20:29:01.180+0000] {dagbag.py:587} INFO - Filling up the DagBag from /opt/airflow/dags/build_crypto_dbt.py
[2025-04-23T20:29:01.209+0000] {logging_mixin.py:190} INFO - [2025-04-23T20:29:01.208+0000] {base.py:84} INFO - Retrieving connection 'snowflake_conn'
[2025-04-23T20:29:01.216+0000] {processor.py:925} INFO - DAG(s) 'build_crypto_dbt' retrieved from /opt/airflow/dags/build_crypto_dbt.py
[2025-04-23T20:29:01.236+0000] {logging_mixin.py:190} INFO - [2025-04-23T20:29:01.235+0000] {dag.py:3229} INFO - Sync 1 DAGs
[2025-04-23T20:29:01.251+0000] {logging_mixin.py:190} INFO - [2025-04-23T20:29:01.251+0000] {dag.py:4156} INFO - Setting next_dagrun for build_crypto_dbt to None, run_after=None
[2025-04-23T20:29:01.273+0000] {processor.py:208} INFO - Processing /opt/airflow/dags/build_crypto_dbt.py took 0.104 seconds
[2025-04-23T20:29:31.583+0000] {processor.py:186} INFO - Started process (PID=427) to work on /opt/airflow/dags/build_crypto_dbt.py
[2025-04-23T20:29:31.585+0000] {processor.py:914} INFO - Processing file /opt/airflow/dags/build_crypto_dbt.py for tasks to queue
[2025-04-23T20:29:31.592+0000] {logging_mixin.py:190} INFO - [2025-04-23T20:29:31.591+0000] {dagbag.py:587} INFO - Filling up the DagBag from /opt/airflow/dags/build_crypto_dbt.py
[2025-04-23T20:29:33.029+0000] {logging_mixin.py:190} INFO - [2025-04-23T20:29:33.028+0000] {base.py:84} INFO - Retrieving connection 'snowflake_conn'
[2025-04-23T20:29:33.043+0000] {processor.py:925} INFO - DAG(s) 'build_crypto_dbt' retrieved from /opt/airflow/dags/build_crypto_dbt.py
[2025-04-23T20:29:33.080+0000] {logging_mixin.py:190} INFO - [2025-04-23T20:29:33.079+0000] {dag.py:3229} INFO - Sync 1 DAGs
[2025-04-23T20:29:33.110+0000] {logging_mixin.py:190} INFO - [2025-04-23T20:29:33.110+0000] {dag.py:4156} INFO - Setting next_dagrun for build_crypto_dbt to None, run_after=None
[2025-04-23T20:29:33.168+0000] {processor.py:208} INFO - Processing /opt/airflow/dags/build_crypto_dbt.py took 0.233 seconds
[2025-04-23T20:30:05.668+0000] {processor.py:186} INFO - Started process (PID=442) to work on /opt/airflow/dags/build_crypto_dbt.py
[2025-04-23T20:30:05.670+0000] {processor.py:914} INFO - Processing file /opt/airflow/dags/build_crypto_dbt.py for tasks to queue
[2025-04-23T20:30:05.674+0000] {logging_mixin.py:190} INFO - [2025-04-23T20:30:05.673+0000] {dagbag.py:587} INFO - Filling up the DagBag from /opt/airflow/dags/build_crypto_dbt.py
[2025-04-23T20:30:05.732+0000] {logging_mixin.py:190} INFO - [2025-04-23T20:30:05.732+0000] {base.py:84} INFO - Retrieving connection 'snowflake_conn'
[2025-04-23T20:30:05.742+0000] {processor.py:925} INFO - DAG(s) 'build_crypto_dbt' retrieved from /opt/airflow/dags/build_crypto_dbt.py
[2025-04-23T20:30:05.778+0000] {logging_mixin.py:190} INFO - [2025-04-23T20:30:05.777+0000] {dag.py:3229} INFO - Sync 1 DAGs
[2025-04-23T20:30:05.820+0000] {logging_mixin.py:190} INFO - [2025-04-23T20:30:05.819+0000] {dag.py:4156} INFO - Setting next_dagrun for build_crypto_dbt to None, run_after=None
[2025-04-23T20:30:05.872+0000] {processor.py:208} INFO - Processing /opt/airflow/dags/build_crypto_dbt.py took 0.212 seconds
[2025-04-23T20:30:37.391+0000] {processor.py:186} INFO - Started process (PID=457) to work on /opt/airflow/dags/build_crypto_dbt.py
[2025-04-23T20:30:37.393+0000] {processor.py:914} INFO - Processing file /opt/airflow/dags/build_crypto_dbt.py for tasks to queue
[2025-04-23T20:30:37.396+0000] {logging_mixin.py:190} INFO - [2025-04-23T20:30:37.395+0000] {dagbag.py:587} INFO - Filling up the DagBag from /opt/airflow/dags/build_crypto_dbt.py
[2025-04-23T20:30:37.429+0000] {logging_mixin.py:190} INFO - [2025-04-23T20:30:37.429+0000] {base.py:84} INFO - Retrieving connection 'snowflake_conn'
[2025-04-23T20:30:37.437+0000] {processor.py:925} INFO - DAG(s) 'build_crypto_dbt' retrieved from /opt/airflow/dags/build_crypto_dbt.py
[2025-04-23T20:30:37.457+0000] {logging_mixin.py:190} INFO - [2025-04-23T20:30:37.457+0000] {dag.py:3229} INFO - Sync 1 DAGs
[2025-04-23T20:30:37.475+0000] {logging_mixin.py:190} INFO - [2025-04-23T20:30:37.475+0000] {dag.py:4156} INFO - Setting next_dagrun for build_crypto_dbt to None, run_after=None
[2025-04-23T20:30:37.497+0000] {processor.py:208} INFO - Processing /opt/airflow/dags/build_crypto_dbt.py took 0.113 seconds
[2025-04-23T20:31:10.018+0000] {processor.py:186} INFO - Started process (PID=472) to work on /opt/airflow/dags/build_crypto_dbt.py
[2025-04-23T20:31:10.019+0000] {processor.py:914} INFO - Processing file /opt/airflow/dags/build_crypto_dbt.py for tasks to queue
[2025-04-23T20:31:10.022+0000] {logging_mixin.py:190} INFO - [2025-04-23T20:31:10.021+0000] {dagbag.py:587} INFO - Filling up the DagBag from /opt/airflow/dags/build_crypto_dbt.py
[2025-04-23T20:31:10.054+0000] {logging_mixin.py:190} INFO - [2025-04-23T20:31:10.053+0000] {base.py:84} INFO - Retrieving connection 'snowflake_conn'
[2025-04-23T20:31:10.061+0000] {processor.py:925} INFO - DAG(s) 'build_crypto_dbt' retrieved from /opt/airflow/dags/build_crypto_dbt.py
[2025-04-23T20:31:10.084+0000] {logging_mixin.py:190} INFO - [2025-04-23T20:31:10.083+0000] {dag.py:3229} INFO - Sync 1 DAGs
[2025-04-23T20:31:10.103+0000] {logging_mixin.py:190} INFO - [2025-04-23T20:31:10.103+0000] {dag.py:4156} INFO - Setting next_dagrun for build_crypto_dbt to None, run_after=None
[2025-04-23T20:31:10.126+0000] {processor.py:208} INFO - Processing /opt/airflow/dags/build_crypto_dbt.py took 0.114 seconds
[2025-04-23T20:31:42.139+0000] {processor.py:186} INFO - Started process (PID=487) to work on /opt/airflow/dags/build_crypto_dbt.py
[2025-04-23T20:31:42.142+0000] {processor.py:914} INFO - Processing file /opt/airflow/dags/build_crypto_dbt.py for tasks to queue
[2025-04-23T20:31:42.147+0000] {logging_mixin.py:190} INFO - [2025-04-23T20:31:42.146+0000] {dagbag.py:587} INFO - Filling up the DagBag from /opt/airflow/dags/build_crypto_dbt.py
[2025-04-23T20:31:42.184+0000] {logging_mixin.py:190} INFO - [2025-04-23T20:31:42.184+0000] {base.py:84} INFO - Retrieving connection 'snowflake_conn'
[2025-04-23T20:31:42.194+0000] {processor.py:925} INFO - DAG(s) 'build_crypto_dbt' retrieved from /opt/airflow/dags/build_crypto_dbt.py
[2025-04-23T20:31:42.219+0000] {logging_mixin.py:190} INFO - [2025-04-23T20:31:42.218+0000] {dag.py:3229} INFO - Sync 1 DAGs
[2025-04-23T20:31:42.235+0000] {logging_mixin.py:190} INFO - [2025-04-23T20:31:42.235+0000] {dag.py:4156} INFO - Setting next_dagrun for build_crypto_dbt to None, run_after=None
[2025-04-23T20:31:42.260+0000] {processor.py:208} INFO - Processing /opt/airflow/dags/build_crypto_dbt.py took 0.137 seconds
[2025-04-23T20:32:14.899+0000] {processor.py:186} INFO - Started process (PID=502) to work on /opt/airflow/dags/build_crypto_dbt.py
[2025-04-23T20:32:14.901+0000] {processor.py:914} INFO - Processing file /opt/airflow/dags/build_crypto_dbt.py for tasks to queue
[2025-04-23T20:32:14.907+0000] {logging_mixin.py:190} INFO - [2025-04-23T20:32:14.906+0000] {dagbag.py:587} INFO - Filling up the DagBag from /opt/airflow/dags/build_crypto_dbt.py
[2025-04-23T20:32:14.957+0000] {logging_mixin.py:190} INFO - [2025-04-23T20:32:14.957+0000] {base.py:84} INFO - Retrieving connection 'snowflake_conn'
[2025-04-23T20:32:14.976+0000] {processor.py:925} INFO - DAG(s) 'build_crypto_dbt' retrieved from /opt/airflow/dags/build_crypto_dbt.py
[2025-04-23T20:32:15.025+0000] {logging_mixin.py:190} INFO - [2025-04-23T20:32:15.024+0000] {dag.py:3229} INFO - Sync 1 DAGs
[2025-04-23T20:32:15.058+0000] {logging_mixin.py:190} INFO - [2025-04-23T20:32:15.057+0000] {dag.py:4156} INFO - Setting next_dagrun for build_crypto_dbt to None, run_after=None
[2025-04-23T20:32:15.091+0000] {processor.py:208} INFO - Processing /opt/airflow/dags/build_crypto_dbt.py took 0.204 seconds
[2025-04-23T20:32:46.734+0000] {processor.py:186} INFO - Started process (PID=517) to work on /opt/airflow/dags/build_crypto_dbt.py
[2025-04-23T20:32:46.738+0000] {processor.py:914} INFO - Processing file /opt/airflow/dags/build_crypto_dbt.py for tasks to queue
[2025-04-23T20:32:46.745+0000] {logging_mixin.py:190} INFO - [2025-04-23T20:32:46.745+0000] {dagbag.py:587} INFO - Filling up the DagBag from /opt/airflow/dags/build_crypto_dbt.py
[2025-04-23T20:32:46.783+0000] {logging_mixin.py:190} INFO - [2025-04-23T20:32:46.783+0000] {base.py:84} INFO - Retrieving connection 'snowflake_conn'
[2025-04-23T20:32:46.793+0000] {processor.py:925} INFO - DAG(s) 'build_crypto_dbt' retrieved from /opt/airflow/dags/build_crypto_dbt.py
[2025-04-23T20:32:46.820+0000] {logging_mixin.py:190} INFO - [2025-04-23T20:32:46.819+0000] {dag.py:3229} INFO - Sync 1 DAGs
[2025-04-23T20:32:46.839+0000] {logging_mixin.py:190} INFO - [2025-04-23T20:32:46.839+0000] {dag.py:4156} INFO - Setting next_dagrun for build_crypto_dbt to None, run_after=None
[2025-04-23T20:32:46.865+0000] {processor.py:208} INFO - Processing /opt/airflow/dags/build_crypto_dbt.py took 0.142 seconds
[2025-04-23T20:33:18.594+0000] {processor.py:186} INFO - Started process (PID=532) to work on /opt/airflow/dags/build_crypto_dbt.py
[2025-04-23T20:33:18.595+0000] {processor.py:914} INFO - Processing file /opt/airflow/dags/build_crypto_dbt.py for tasks to queue
[2025-04-23T20:33:18.598+0000] {logging_mixin.py:190} INFO - [2025-04-23T20:33:18.598+0000] {dagbag.py:587} INFO - Filling up the DagBag from /opt/airflow/dags/build_crypto_dbt.py
[2025-04-23T20:33:18.626+0000] {logging_mixin.py:190} INFO - [2025-04-23T20:33:18.626+0000] {base.py:84} INFO - Retrieving connection 'snowflake_conn'
[2025-04-23T20:33:18.633+0000] {processor.py:925} INFO - DAG(s) 'build_crypto_dbt' retrieved from /opt/airflow/dags/build_crypto_dbt.py
[2025-04-23T20:33:18.659+0000] {logging_mixin.py:190} INFO - [2025-04-23T20:33:18.659+0000] {dag.py:3229} INFO - Sync 1 DAGs
[2025-04-23T20:33:18.680+0000] {logging_mixin.py:190} INFO - [2025-04-23T20:33:18.680+0000] {dag.py:4156} INFO - Setting next_dagrun for build_crypto_dbt to None, run_after=None
[2025-04-23T20:33:18.704+0000] {processor.py:208} INFO - Processing /opt/airflow/dags/build_crypto_dbt.py took 0.116 seconds
[2025-04-23T20:33:49.371+0000] {processor.py:186} INFO - Started process (PID=547) to work on /opt/airflow/dags/build_crypto_dbt.py
[2025-04-23T20:33:49.372+0000] {processor.py:914} INFO - Processing file /opt/airflow/dags/build_crypto_dbt.py for tasks to queue
[2025-04-23T20:33:49.376+0000] {logging_mixin.py:190} INFO - [2025-04-23T20:33:49.376+0000] {dagbag.py:587} INFO - Filling up the DagBag from /opt/airflow/dags/build_crypto_dbt.py
[2025-04-23T20:33:50.778+0000] {logging_mixin.py:190} INFO - [2025-04-23T20:33:50.777+0000] {base.py:84} INFO - Retrieving connection 'snowflake_conn'
[2025-04-23T20:33:50.785+0000] {processor.py:925} INFO - DAG(s) 'build_crypto_dbt' retrieved from /opt/airflow/dags/build_crypto_dbt.py
[2025-04-23T20:33:50.804+0000] {logging_mixin.py:190} INFO - [2025-04-23T20:33:50.804+0000] {dag.py:3229} INFO - Sync 1 DAGs
[2025-04-23T20:33:50.820+0000] {logging_mixin.py:190} INFO - [2025-04-23T20:33:50.820+0000] {dag.py:4156} INFO - Setting next_dagrun for build_crypto_dbt to None, run_after=None
[2025-04-23T20:33:50.841+0000] {processor.py:208} INFO - Processing /opt/airflow/dags/build_crypto_dbt.py took 0.108 seconds
[2025-04-23T20:34:23.427+0000] {processor.py:186} INFO - Started process (PID=562) to work on /opt/airflow/dags/build_crypto_dbt.py
[2025-04-23T20:34:23.429+0000] {processor.py:914} INFO - Processing file /opt/airflow/dags/build_crypto_dbt.py for tasks to queue
[2025-04-23T20:34:23.434+0000] {logging_mixin.py:190} INFO - [2025-04-23T20:34:23.433+0000] {dagbag.py:587} INFO - Filling up the DagBag from /opt/airflow/dags/build_crypto_dbt.py
[2025-04-23T20:34:23.487+0000] {logging_mixin.py:190} INFO - [2025-04-23T20:34:23.487+0000] {base.py:84} INFO - Retrieving connection 'snowflake_conn'
[2025-04-23T20:34:23.501+0000] {processor.py:925} INFO - DAG(s) 'build_crypto_dbt' retrieved from /opt/airflow/dags/build_crypto_dbt.py
[2025-04-23T20:34:23.530+0000] {logging_mixin.py:190} INFO - [2025-04-23T20:34:23.530+0000] {dag.py:3229} INFO - Sync 1 DAGs
[2025-04-23T20:34:23.551+0000] {logging_mixin.py:190} INFO - [2025-04-23T20:34:23.550+0000] {dag.py:4156} INFO - Setting next_dagrun for build_crypto_dbt to None, run_after=None
[2025-04-23T20:34:23.579+0000] {processor.py:208} INFO - Processing /opt/airflow/dags/build_crypto_dbt.py took 0.164 seconds
[2025-04-23T20:34:53.761+0000] {processor.py:186} INFO - Started process (PID=577) to work on /opt/airflow/dags/build_crypto_dbt.py
[2025-04-23T20:34:53.762+0000] {processor.py:914} INFO - Processing file /opt/airflow/dags/build_crypto_dbt.py for tasks to queue
[2025-04-23T20:34:53.765+0000] {logging_mixin.py:190} INFO - [2025-04-23T20:34:53.764+0000] {dagbag.py:587} INFO - Filling up the DagBag from /opt/airflow/dags/build_crypto_dbt.py
[2025-04-23T20:34:53.799+0000] {logging_mixin.py:190} INFO - [2025-04-23T20:34:53.799+0000] {base.py:84} INFO - Retrieving connection 'snowflake_conn'
[2025-04-23T20:34:53.806+0000] {processor.py:925} INFO - DAG(s) 'build_crypto_dbt' retrieved from /opt/airflow/dags/build_crypto_dbt.py
[2025-04-23T20:34:55.202+0000] {logging_mixin.py:190} INFO - [2025-04-23T20:34:55.201+0000] {dag.py:3229} INFO - Sync 1 DAGs
[2025-04-23T20:34:55.219+0000] {logging_mixin.py:190} INFO - [2025-04-23T20:34:55.219+0000] {dag.py:4156} INFO - Setting next_dagrun for build_crypto_dbt to None, run_after=None
[2025-04-23T20:34:55.241+0000] {processor.py:208} INFO - Processing /opt/airflow/dags/build_crypto_dbt.py took 0.120 seconds
[2025-04-23T20:35:27.851+0000] {processor.py:186} INFO - Started process (PID=597) to work on /opt/airflow/dags/build_crypto_dbt.py
[2025-04-23T20:35:27.852+0000] {processor.py:914} INFO - Processing file /opt/airflow/dags/build_crypto_dbt.py for tasks to queue
[2025-04-23T20:35:27.855+0000] {logging_mixin.py:190} INFO - [2025-04-23T20:35:27.855+0000] {dagbag.py:587} INFO - Filling up the DagBag from /opt/airflow/dags/build_crypto_dbt.py
[2025-04-23T20:35:27.894+0000] {logging_mixin.py:190} INFO - [2025-04-23T20:35:27.894+0000] {base.py:84} INFO - Retrieving connection 'snowflake_conn'
[2025-04-23T20:35:27.904+0000] {processor.py:925} INFO - DAG(s) 'build_crypto_dbt' retrieved from /opt/airflow/dags/build_crypto_dbt.py
[2025-04-23T20:35:27.933+0000] {logging_mixin.py:190} INFO - [2025-04-23T20:35:27.933+0000] {dag.py:3229} INFO - Sync 1 DAGs
[2025-04-23T20:35:27.958+0000] {logging_mixin.py:190} INFO - [2025-04-23T20:35:27.958+0000] {dag.py:4156} INFO - Setting next_dagrun for build_crypto_dbt to None, run_after=None
[2025-04-23T20:35:27.998+0000] {processor.py:208} INFO - Processing /opt/airflow/dags/build_crypto_dbt.py took 0.155 seconds
[2025-04-23T20:35:58.189+0000] {processor.py:186} INFO - Started process (PID=612) to work on /opt/airflow/dags/build_crypto_dbt.py
[2025-04-23T20:35:58.190+0000] {processor.py:914} INFO - Processing file /opt/airflow/dags/build_crypto_dbt.py for tasks to queue
[2025-04-23T20:35:58.194+0000] {logging_mixin.py:190} INFO - [2025-04-23T20:35:58.193+0000] {dagbag.py:587} INFO - Filling up the DagBag from /opt/airflow/dags/build_crypto_dbt.py
[2025-04-23T20:35:58.233+0000] {logging_mixin.py:190} INFO - [2025-04-23T20:35:58.233+0000] {base.py:84} INFO - Retrieving connection 'snowflake_conn'
[2025-04-23T20:35:58.242+0000] {processor.py:925} INFO - DAG(s) 'build_crypto_dbt' retrieved from /opt/airflow/dags/build_crypto_dbt.py
[2025-04-23T20:35:59.641+0000] {logging_mixin.py:190} INFO - [2025-04-23T20:35:59.641+0000] {dag.py:3229} INFO - Sync 1 DAGs
[2025-04-23T20:35:59.662+0000] {logging_mixin.py:190} INFO - [2025-04-23T20:35:59.662+0000] {dag.py:4156} INFO - Setting next_dagrun for build_crypto_dbt to None, run_after=None
[2025-04-23T20:35:59.687+0000] {processor.py:208} INFO - Processing /opt/airflow/dags/build_crypto_dbt.py took 0.136 seconds
[2025-04-23T21:13:44.639+0000] {processor.py:186} INFO - Started process (PID=181) to work on /opt/airflow/dags/build_crypto_dbt.py
[2025-04-23T21:13:44.642+0000] {processor.py:914} INFO - Processing file /opt/airflow/dags/build_crypto_dbt.py for tasks to queue
[2025-04-23T21:13:44.646+0000] {logging_mixin.py:190} INFO - [2025-04-23T21:13:44.645+0000] {dagbag.py:587} INFO - Filling up the DagBag from /opt/airflow/dags/build_crypto_dbt.py
[2025-04-23T21:13:44.711+0000] {logging_mixin.py:190} INFO - [2025-04-23T21:13:44.711+0000] {base.py:84} INFO - Retrieving connection 'snowflake_conn'
[2025-04-23T21:13:44.758+0000] {processor.py:925} INFO - DAG(s) 'build_crypto_dbt' retrieved from /opt/airflow/dags/build_crypto_dbt.py
[2025-04-23T21:13:45.107+0000] {logging_mixin.py:190} INFO - [2025-04-23T21:13:45.106+0000] {dag.py:3229} INFO - Sync 1 DAGs
[2025-04-23T21:13:45.282+0000] {logging_mixin.py:190} INFO - [2025-04-23T21:13:45.281+0000] {dag.py:4156} INFO - Setting next_dagrun for build_crypto_dbt to None, run_after=None
[2025-04-23T21:13:45.451+0000] {processor.py:208} INFO - Processing /opt/airflow/dags/build_crypto_dbt.py took 0.825 seconds
[2025-04-23T21:14:16.194+0000] {processor.py:186} INFO - Started process (PID=202) to work on /opt/airflow/dags/build_crypto_dbt.py
[2025-04-23T21:14:16.206+0000] {processor.py:914} INFO - Processing file /opt/airflow/dags/build_crypto_dbt.py for tasks to queue
[2025-04-23T21:14:16.233+0000] {logging_mixin.py:190} INFO - [2025-04-23T21:14:16.231+0000] {dagbag.py:587} INFO - Filling up the DagBag from /opt/airflow/dags/build_crypto_dbt.py
[2025-04-23T21:14:16.333+0000] {logging_mixin.py:190} INFO - [2025-04-23T21:14:16.332+0000] {base.py:84} INFO - Retrieving connection 'snowflake_conn'
[2025-04-23T21:14:16.391+0000] {processor.py:925} INFO - DAG(s) 'build_crypto_dbt' retrieved from /opt/airflow/dags/build_crypto_dbt.py
[2025-04-23T21:14:16.462+0000] {logging_mixin.py:190} INFO - [2025-04-23T21:14:16.462+0000] {dag.py:3229} INFO - Sync 1 DAGs
[2025-04-23T21:14:16.544+0000] {logging_mixin.py:190} INFO - [2025-04-23T21:14:16.544+0000] {dag.py:4156} INFO - Setting next_dagrun for build_crypto_dbt to None, run_after=None
[2025-04-23T21:14:16.588+0000] {processor.py:208} INFO - Processing /opt/airflow/dags/build_crypto_dbt.py took 0.458 seconds
[2025-04-23T21:14:47.317+0000] {processor.py:186} INFO - Started process (PID=207) to work on /opt/airflow/dags/build_crypto_dbt.py
[2025-04-23T21:14:47.375+0000] {processor.py:914} INFO - Processing file /opt/airflow/dags/build_crypto_dbt.py for tasks to queue
[2025-04-23T21:14:47.424+0000] {logging_mixin.py:190} INFO - [2025-04-23T21:14:47.419+0000] {dagbag.py:587} INFO - Filling up the DagBag from /opt/airflow/dags/build_crypto_dbt.py
[2025-04-23T21:14:48.474+0000] {logging_mixin.py:190} INFO - [2025-04-23T21:14:48.473+0000] {base.py:84} INFO - Retrieving connection 'snowflake_conn'
[2025-04-23T21:14:48.563+0000] {processor.py:925} INFO - DAG(s) 'build_crypto_dbt' retrieved from /opt/airflow/dags/build_crypto_dbt.py
[2025-04-23T21:14:48.907+0000] {logging_mixin.py:190} INFO - [2025-04-23T21:14:48.907+0000] {dag.py:3229} INFO - Sync 1 DAGs
[2025-04-23T21:14:48.977+0000] {logging_mixin.py:190} INFO - [2025-04-23T21:14:48.977+0000] {dag.py:4156} INFO - Setting next_dagrun for build_crypto_dbt to None, run_after=None
[2025-04-23T21:14:49.030+0000] {processor.py:208} INFO - Processing /opt/airflow/dags/build_crypto_dbt.py took 1.943 seconds
[2025-04-23T21:15:19.610+0000] {processor.py:186} INFO - Started process (PID=212) to work on /opt/airflow/dags/build_crypto_dbt.py
[2025-04-23T21:15:19.622+0000] {processor.py:914} INFO - Processing file /opt/airflow/dags/build_crypto_dbt.py for tasks to queue
[2025-04-23T21:15:19.654+0000] {logging_mixin.py:190} INFO - [2025-04-23T21:15:19.649+0000] {dagbag.py:587} INFO - Filling up the DagBag from /opt/airflow/dags/build_crypto_dbt.py
[2025-04-23T21:15:19.773+0000] {logging_mixin.py:190} INFO - [2025-04-23T21:15:19.772+0000] {base.py:84} INFO - Retrieving connection 'snowflake_conn'
[2025-04-23T21:15:19.841+0000] {processor.py:925} INFO - DAG(s) 'build_crypto_dbt' retrieved from /opt/airflow/dags/build_crypto_dbt.py
[2025-04-23T21:15:19.989+0000] {logging_mixin.py:190} INFO - [2025-04-23T21:15:19.989+0000] {dag.py:3229} INFO - Sync 1 DAGs
[2025-04-23T21:15:20.124+0000] {logging_mixin.py:190} INFO - [2025-04-23T21:15:20.124+0000] {dag.py:4156} INFO - Setting next_dagrun for build_crypto_dbt to None, run_after=None
[2025-04-23T21:15:20.254+0000] {processor.py:208} INFO - Processing /opt/airflow/dags/build_crypto_dbt.py took 0.730 seconds
[2025-04-23T21:15:51.047+0000] {processor.py:186} INFO - Started process (PID=217) to work on /opt/airflow/dags/build_crypto_dbt.py
[2025-04-23T21:15:51.063+0000] {processor.py:914} INFO - Processing file /opt/airflow/dags/build_crypto_dbt.py for tasks to queue
[2025-04-23T21:15:51.148+0000] {logging_mixin.py:190} INFO - [2025-04-23T21:15:51.141+0000] {dagbag.py:587} INFO - Filling up the DagBag from /opt/airflow/dags/build_crypto_dbt.py
[2025-04-23T21:15:51.332+0000] {logging_mixin.py:190} INFO - [2025-04-23T21:15:51.331+0000] {base.py:84} INFO - Retrieving connection 'snowflake_conn'
[2025-04-23T21:15:51.371+0000] {processor.py:925} INFO - DAG(s) 'build_crypto_dbt' retrieved from /opt/airflow/dags/build_crypto_dbt.py
[2025-04-23T21:15:51.415+0000] {logging_mixin.py:190} INFO - [2025-04-23T21:15:51.415+0000] {dag.py:3229} INFO - Sync 1 DAGs
[2025-04-23T21:15:51.506+0000] {logging_mixin.py:190} INFO - [2025-04-23T21:15:51.506+0000] {dag.py:4156} INFO - Setting next_dagrun for build_crypto_dbt to None, run_after=None
[2025-04-23T21:15:51.604+0000] {processor.py:208} INFO - Processing /opt/airflow/dags/build_crypto_dbt.py took 0.619 seconds
[2025-04-23T21:16:21.892+0000] {processor.py:186} INFO - Started process (PID=222) to work on /opt/airflow/dags/build_crypto_dbt.py
[2025-04-23T21:16:21.917+0000] {processor.py:914} INFO - Processing file /opt/airflow/dags/build_crypto_dbt.py for tasks to queue
[2025-04-23T21:16:21.926+0000] {logging_mixin.py:190} INFO - [2025-04-23T21:16:21.925+0000] {dagbag.py:587} INFO - Filling up the DagBag from /opt/airflow/dags/build_crypto_dbt.py
[2025-04-23T21:16:21.991+0000] {logging_mixin.py:190} INFO - [2025-04-23T21:16:21.990+0000] {base.py:84} INFO - Retrieving connection 'snowflake_conn'
[2025-04-23T21:16:22.009+0000] {processor.py:925} INFO - DAG(s) 'build_crypto_dbt' retrieved from /opt/airflow/dags/build_crypto_dbt.py
[2025-04-23T21:16:22.064+0000] {logging_mixin.py:190} INFO - [2025-04-23T21:16:22.064+0000] {dag.py:3229} INFO - Sync 1 DAGs
[2025-04-23T21:16:22.098+0000] {logging_mixin.py:190} INFO - [2025-04-23T21:16:22.098+0000] {dag.py:4156} INFO - Setting next_dagrun for build_crypto_dbt to None, run_after=None
[2025-04-23T21:16:22.135+0000] {processor.py:208} INFO - Processing /opt/airflow/dags/build_crypto_dbt.py took 0.250 seconds
[2025-04-23T21:16:52.551+0000] {processor.py:186} INFO - Started process (PID=227) to work on /opt/airflow/dags/build_crypto_dbt.py
[2025-04-23T21:16:52.553+0000] {processor.py:914} INFO - Processing file /opt/airflow/dags/build_crypto_dbt.py for tasks to queue
[2025-04-23T21:16:52.557+0000] {logging_mixin.py:190} INFO - [2025-04-23T21:16:52.556+0000] {dagbag.py:587} INFO - Filling up the DagBag from /opt/airflow/dags/build_crypto_dbt.py
[2025-04-23T21:16:52.614+0000] {logging_mixin.py:190} INFO - [2025-04-23T21:16:52.613+0000] {base.py:84} INFO - Retrieving connection 'snowflake_conn'
[2025-04-23T21:16:52.640+0000] {processor.py:925} INFO - DAG(s) 'build_crypto_dbt' retrieved from /opt/airflow/dags/build_crypto_dbt.py
[2025-04-23T21:16:52.673+0000] {logging_mixin.py:190} INFO - [2025-04-23T21:16:52.673+0000] {dag.py:3229} INFO - Sync 1 DAGs
[2025-04-23T21:16:52.702+0000] {logging_mixin.py:190} INFO - [2025-04-23T21:16:52.701+0000] {dag.py:4156} INFO - Setting next_dagrun for build_crypto_dbt to None, run_after=None
[2025-04-23T21:16:52.734+0000] {processor.py:208} INFO - Processing /opt/airflow/dags/build_crypto_dbt.py took 0.190 seconds
[2025-04-23T21:17:23.091+0000] {processor.py:186} INFO - Started process (PID=232) to work on /opt/airflow/dags/build_crypto_dbt.py
[2025-04-23T21:17:23.093+0000] {processor.py:914} INFO - Processing file /opt/airflow/dags/build_crypto_dbt.py for tasks to queue
[2025-04-23T21:17:23.098+0000] {logging_mixin.py:190} INFO - [2025-04-23T21:17:23.097+0000] {dagbag.py:587} INFO - Filling up the DagBag from /opt/airflow/dags/build_crypto_dbt.py
[2025-04-23T21:17:23.140+0000] {logging_mixin.py:190} INFO - [2025-04-23T21:17:23.139+0000] {base.py:84} INFO - Retrieving connection 'snowflake_conn'
[2025-04-23T21:17:23.152+0000] {processor.py:925} INFO - DAG(s) 'build_crypto_dbt' retrieved from /opt/airflow/dags/build_crypto_dbt.py
[2025-04-23T21:17:23.179+0000] {logging_mixin.py:190} INFO - [2025-04-23T21:17:23.179+0000] {dag.py:3229} INFO - Sync 1 DAGs
[2025-04-23T21:17:23.201+0000] {logging_mixin.py:190} INFO - [2025-04-23T21:17:23.200+0000] {dag.py:4156} INFO - Setting next_dagrun for build_crypto_dbt to None, run_after=None
[2025-04-23T21:17:23.230+0000] {processor.py:208} INFO - Processing /opt/airflow/dags/build_crypto_dbt.py took 0.147 seconds
[2025-04-23T21:17:55.749+0000] {processor.py:186} INFO - Started process (PID=237) to work on /opt/airflow/dags/build_crypto_dbt.py
[2025-04-23T21:17:55.751+0000] {processor.py:914} INFO - Processing file /opt/airflow/dags/build_crypto_dbt.py for tasks to queue
[2025-04-23T21:17:55.754+0000] {logging_mixin.py:190} INFO - [2025-04-23T21:17:55.753+0000] {dagbag.py:587} INFO - Filling up the DagBag from /opt/airflow/dags/build_crypto_dbt.py
[2025-04-23T21:17:55.810+0000] {logging_mixin.py:190} INFO - [2025-04-23T21:17:55.810+0000] {base.py:84} INFO - Retrieving connection 'snowflake_conn'
[2025-04-23T21:17:55.832+0000] {processor.py:925} INFO - DAG(s) 'build_crypto_dbt' retrieved from /opt/airflow/dags/build_crypto_dbt.py
[2025-04-23T21:17:55.870+0000] {logging_mixin.py:190} INFO - [2025-04-23T21:17:55.870+0000] {dag.py:3229} INFO - Sync 1 DAGs
[2025-04-23T21:17:55.904+0000] {logging_mixin.py:190} INFO - [2025-04-23T21:17:55.904+0000] {dag.py:4156} INFO - Setting next_dagrun for build_crypto_dbt to None, run_after=None
[2025-04-23T21:17:55.940+0000] {processor.py:208} INFO - Processing /opt/airflow/dags/build_crypto_dbt.py took 0.198 seconds
[2025-04-23T21:18:27.551+0000] {processor.py:186} INFO - Started process (PID=242) to work on /opt/airflow/dags/build_crypto_dbt.py
[2025-04-23T21:18:27.553+0000] {processor.py:914} INFO - Processing file /opt/airflow/dags/build_crypto_dbt.py for tasks to queue
[2025-04-23T21:18:27.556+0000] {logging_mixin.py:190} INFO - [2025-04-23T21:18:27.556+0000] {dagbag.py:587} INFO - Filling up the DagBag from /opt/airflow/dags/build_crypto_dbt.py
[2025-04-23T21:18:27.590+0000] {logging_mixin.py:190} INFO - [2025-04-23T21:18:27.589+0000] {base.py:84} INFO - Retrieving connection 'snowflake_conn'
[2025-04-23T21:18:27.599+0000] {processor.py:925} INFO - DAG(s) 'build_crypto_dbt' retrieved from /opt/airflow/dags/build_crypto_dbt.py
[2025-04-23T21:18:27.620+0000] {logging_mixin.py:190} INFO - [2025-04-23T21:18:27.620+0000] {dag.py:3229} INFO - Sync 1 DAGs
[2025-04-23T21:18:27.639+0000] {logging_mixin.py:190} INFO - [2025-04-23T21:18:27.639+0000] {dag.py:4156} INFO - Setting next_dagrun for build_crypto_dbt to None, run_after=None
[2025-04-23T21:18:27.669+0000] {processor.py:208} INFO - Processing /opt/airflow/dags/build_crypto_dbt.py took 0.127 seconds
[2025-04-23T21:19:00.354+0000] {processor.py:186} INFO - Started process (PID=247) to work on /opt/airflow/dags/build_crypto_dbt.py
[2025-04-23T21:19:00.356+0000] {processor.py:914} INFO - Processing file /opt/airflow/dags/build_crypto_dbt.py for tasks to queue
[2025-04-23T21:19:00.359+0000] {logging_mixin.py:190} INFO - [2025-04-23T21:19:00.358+0000] {dagbag.py:587} INFO - Filling up the DagBag from /opt/airflow/dags/build_crypto_dbt.py
[2025-04-23T21:19:00.405+0000] {logging_mixin.py:190} INFO - [2025-04-23T21:19:00.405+0000] {base.py:84} INFO - Retrieving connection 'snowflake_conn'
[2025-04-23T21:19:00.421+0000] {processor.py:925} INFO - DAG(s) 'build_crypto_dbt' retrieved from /opt/airflow/dags/build_crypto_dbt.py
[2025-04-23T21:19:00.447+0000] {logging_mixin.py:190} INFO - [2025-04-23T21:19:00.447+0000] {dag.py:3229} INFO - Sync 1 DAGs
[2025-04-23T21:19:00.469+0000] {logging_mixin.py:190} INFO - [2025-04-23T21:19:00.468+0000] {dag.py:4156} INFO - Setting next_dagrun for build_crypto_dbt to None, run_after=None
[2025-04-23T21:19:00.500+0000] {processor.py:208} INFO - Processing /opt/airflow/dags/build_crypto_dbt.py took 0.152 seconds
[2025-04-23T21:19:32.229+0000] {processor.py:186} INFO - Started process (PID=252) to work on /opt/airflow/dags/build_crypto_dbt.py
[2025-04-23T21:19:32.230+0000] {processor.py:914} INFO - Processing file /opt/airflow/dags/build_crypto_dbt.py for tasks to queue
[2025-04-23T21:19:32.233+0000] {logging_mixin.py:190} INFO - [2025-04-23T21:19:32.233+0000] {dagbag.py:587} INFO - Filling up the DagBag from /opt/airflow/dags/build_crypto_dbt.py
[2025-04-23T21:19:32.264+0000] {logging_mixin.py:190} INFO - [2025-04-23T21:19:32.264+0000] {base.py:84} INFO - Retrieving connection 'snowflake_conn'
[2025-04-23T21:19:32.273+0000] {processor.py:925} INFO - DAG(s) 'build_crypto_dbt' retrieved from /opt/airflow/dags/build_crypto_dbt.py
[2025-04-23T21:19:32.292+0000] {logging_mixin.py:190} INFO - [2025-04-23T21:19:32.291+0000] {dag.py:3229} INFO - Sync 1 DAGs
[2025-04-23T21:19:32.309+0000] {logging_mixin.py:190} INFO - [2025-04-23T21:19:32.308+0000] {dag.py:4156} INFO - Setting next_dagrun for build_crypto_dbt to None, run_after=None
[2025-04-23T21:19:32.331+0000] {processor.py:208} INFO - Processing /opt/airflow/dags/build_crypto_dbt.py took 0.108 seconds
[2025-04-23T21:20:04.983+0000] {processor.py:186} INFO - Started process (PID=257) to work on /opt/airflow/dags/build_crypto_dbt.py
[2025-04-23T21:20:04.985+0000] {processor.py:914} INFO - Processing file /opt/airflow/dags/build_crypto_dbt.py for tasks to queue
[2025-04-23T21:20:04.989+0000] {logging_mixin.py:190} INFO - [2025-04-23T21:20:04.989+0000] {dagbag.py:587} INFO - Filling up the DagBag from /opt/airflow/dags/build_crypto_dbt.py
[2025-04-23T21:20:05.027+0000] {logging_mixin.py:190} INFO - [2025-04-23T21:20:05.026+0000] {base.py:84} INFO - Retrieving connection 'snowflake_conn'
[2025-04-23T21:20:05.038+0000] {processor.py:925} INFO - DAG(s) 'build_crypto_dbt' retrieved from /opt/airflow/dags/build_crypto_dbt.py
[2025-04-23T21:20:05.071+0000] {logging_mixin.py:190} INFO - [2025-04-23T21:20:05.071+0000] {dag.py:3229} INFO - Sync 1 DAGs
[2025-04-23T21:20:05.094+0000] {logging_mixin.py:190} INFO - [2025-04-23T21:20:05.093+0000] {dag.py:4156} INFO - Setting next_dagrun for build_crypto_dbt to None, run_after=None
[2025-04-23T21:20:05.124+0000] {processor.py:208} INFO - Processing /opt/airflow/dags/build_crypto_dbt.py took 0.149 seconds
[2025-04-23T21:20:25.573+0000] {processor.py:186} INFO - Started process (PID=262) to work on /opt/airflow/dags/build_crypto_dbt.py
[2025-04-23T21:20:25.575+0000] {processor.py:914} INFO - Processing file /opt/airflow/dags/build_crypto_dbt.py for tasks to queue
[2025-04-23T21:20:25.581+0000] {logging_mixin.py:190} INFO - [2025-04-23T21:20:25.580+0000] {dagbag.py:587} INFO - Filling up the DagBag from /opt/airflow/dags/build_crypto_dbt.py
[2025-04-23T21:20:25.627+0000] {logging_mixin.py:190} INFO - [2025-04-23T21:20:25.627+0000] {base.py:84} INFO - Retrieving connection 'snowflake_conn'
[2025-04-23T21:20:25.636+0000] {processor.py:925} INFO - DAG(s) 'build_crypto_dbt' retrieved from /opt/airflow/dags/build_crypto_dbt.py
[2025-04-23T21:20:25.663+0000] {logging_mixin.py:190} INFO - [2025-04-23T21:20:25.662+0000] {dag.py:3229} INFO - Sync 1 DAGs
[2025-04-23T21:20:25.683+0000] {logging_mixin.py:190} INFO - [2025-04-23T21:20:25.683+0000] {dag.py:4156} INFO - Setting next_dagrun for build_crypto_dbt to None, run_after=None
[2025-04-23T21:20:25.728+0000] {processor.py:208} INFO - Processing /opt/airflow/dags/build_crypto_dbt.py took 0.162 seconds
[2025-04-23T21:20:48.165+0000] {processor.py:186} INFO - Started process (PID=267) to work on /opt/airflow/dags/build_crypto_dbt.py
[2025-04-23T21:20:48.166+0000] {processor.py:914} INFO - Processing file /opt/airflow/dags/build_crypto_dbt.py for tasks to queue
[2025-04-23T21:20:48.169+0000] {logging_mixin.py:190} INFO - [2025-04-23T21:20:48.169+0000] {dagbag.py:587} INFO - Filling up the DagBag from /opt/airflow/dags/build_crypto_dbt.py
[2025-04-23T21:20:48.297+0000] {logging_mixin.py:190} INFO - [2025-04-23T21:20:48.296+0000] {base.py:84} INFO - Retrieving connection 'snowflake_conn'
[2025-04-23T21:20:48.447+0000] {processor.py:925} INFO - DAG(s) 'build_crypto_dbt' retrieved from /opt/airflow/dags/build_crypto_dbt.py
[2025-04-23T21:20:49.285+0000] {logging_mixin.py:190} INFO - [2025-04-23T21:20:49.285+0000] {dag.py:3229} INFO - Sync 1 DAGs
[2025-04-23T21:20:51.441+0000] {logging_mixin.py:190} INFO - [2025-04-23T21:20:51.441+0000] {dag.py:4156} INFO - Setting next_dagrun for build_crypto_dbt to None, run_after=None
[2025-04-23T21:20:51.484+0000] {processor.py:208} INFO - Processing /opt/airflow/dags/build_crypto_dbt.py took 3.326 seconds
[2025-04-23T21:21:08.898+0000] {processor.py:186} INFO - Started process (PID=272) to work on /opt/airflow/dags/build_crypto_dbt.py
[2025-04-23T21:21:08.899+0000] {processor.py:914} INFO - Processing file /opt/airflow/dags/build_crypto_dbt.py for tasks to queue
[2025-04-23T21:21:08.902+0000] {logging_mixin.py:190} INFO - [2025-04-23T21:21:08.902+0000] {dagbag.py:587} INFO - Filling up the DagBag from /opt/airflow/dags/build_crypto_dbt.py
[2025-04-23T21:21:08.959+0000] {logging_mixin.py:190} INFO - [2025-04-23T21:21:08.959+0000] {base.py:84} INFO - Retrieving connection 'snowflake_conn'
[2025-04-23T21:21:09.018+0000] {processor.py:925} INFO - DAG(s) 'build_crypto_dbt' retrieved from /opt/airflow/dags/build_crypto_dbt.py
[2025-04-23T21:21:09.160+0000] {logging_mixin.py:190} INFO - [2025-04-23T21:21:09.154+0000] {dag.py:3229} INFO - Sync 1 DAGs
[2025-04-23T21:21:09.272+0000] {logging_mixin.py:190} INFO - [2025-04-23T21:21:09.272+0000] {dag.py:4156} INFO - Setting next_dagrun for build_crypto_dbt to None, run_after=None
[2025-04-23T21:21:09.312+0000] {processor.py:208} INFO - Processing /opt/airflow/dags/build_crypto_dbt.py took 0.423 seconds
[2025-04-23T21:21:16.005+0000] {processor.py:186} INFO - Started process (PID=277) to work on /opt/airflow/dags/build_crypto_dbt.py
[2025-04-23T21:21:16.006+0000] {processor.py:914} INFO - Processing file /opt/airflow/dags/build_crypto_dbt.py for tasks to queue
[2025-04-23T21:21:16.011+0000] {logging_mixin.py:190} INFO - [2025-04-23T21:21:16.010+0000] {dagbag.py:587} INFO - Filling up the DagBag from /opt/airflow/dags/build_crypto_dbt.py
[2025-04-23T21:21:16.060+0000] {logging_mixin.py:190} INFO - [2025-04-23T21:21:16.059+0000] {base.py:84} INFO - Retrieving connection 'snowflake_conn'
[2025-04-23T21:21:16.072+0000] {processor.py:925} INFO - DAG(s) 'build_crypto_dbt' retrieved from /opt/airflow/dags/build_crypto_dbt.py
[2025-04-23T21:21:16.077+0000] {logging_mixin.py:190} INFO - [2025-04-23T21:21:16.077+0000] {dag.py:3229} INFO - Sync 1 DAGs
[2025-04-23T21:21:16.096+0000] {logging_mixin.py:190} INFO - [2025-04-23T21:21:16.096+0000] {dag.py:4156} INFO - Setting next_dagrun for build_crypto_dbt to None, run_after=None
[2025-04-23T21:21:16.134+0000] {processor.py:208} INFO - Processing /opt/airflow/dags/build_crypto_dbt.py took 0.136 seconds
[2025-04-23T21:21:21.284+0000] {processor.py:186} INFO - Started process (PID=282) to work on /opt/airflow/dags/build_crypto_dbt.py
[2025-04-23T21:21:21.285+0000] {processor.py:914} INFO - Processing file /opt/airflow/dags/build_crypto_dbt.py for tasks to queue
[2025-04-23T21:21:21.289+0000] {logging_mixin.py:190} INFO - [2025-04-23T21:21:21.289+0000] {dagbag.py:587} INFO - Filling up the DagBag from /opt/airflow/dags/build_crypto_dbt.py
[2025-04-23T21:21:21.332+0000] {logging_mixin.py:190} INFO - [2025-04-23T21:21:21.331+0000] {base.py:84} INFO - Retrieving connection 'snowflake_conn'
[2025-04-23T21:21:21.341+0000] {processor.py:925} INFO - DAG(s) 'build_crypto_dbt' retrieved from /opt/airflow/dags/build_crypto_dbt.py
[2025-04-23T21:21:21.499+0000] {logging_mixin.py:190} INFO - [2025-04-23T21:21:21.499+0000] {dag.py:3229} INFO - Sync 1 DAGs
[2025-04-23T21:21:21.515+0000] {logging_mixin.py:190} INFO - [2025-04-23T21:21:21.515+0000] {dag.py:4156} INFO - Setting next_dagrun for build_crypto_dbt to None, run_after=None
[2025-04-23T21:21:21.569+0000] {processor.py:208} INFO - Processing /opt/airflow/dags/build_crypto_dbt.py took 0.293 seconds
[2025-04-23T21:21:51.935+0000] {processor.py:186} INFO - Started process (PID=287) to work on /opt/airflow/dags/build_crypto_dbt.py
[2025-04-23T21:21:51.936+0000] {processor.py:914} INFO - Processing file /opt/airflow/dags/build_crypto_dbt.py for tasks to queue
[2025-04-23T21:21:51.939+0000] {logging_mixin.py:190} INFO - [2025-04-23T21:21:51.939+0000] {dagbag.py:587} INFO - Filling up the DagBag from /opt/airflow/dags/build_crypto_dbt.py
[2025-04-23T21:21:51.971+0000] {logging_mixin.py:190} INFO - [2025-04-23T21:21:51.971+0000] {base.py:84} INFO - Retrieving connection 'snowflake_conn'
[2025-04-23T21:21:51.980+0000] {processor.py:925} INFO - DAG(s) 'build_crypto_dbt' retrieved from /opt/airflow/dags/build_crypto_dbt.py
[2025-04-23T21:21:52.000+0000] {logging_mixin.py:190} INFO - [2025-04-23T21:21:52.000+0000] {dag.py:3229} INFO - Sync 1 DAGs
[2025-04-23T21:21:52.019+0000] {logging_mixin.py:190} INFO - [2025-04-23T21:21:52.019+0000] {dag.py:4156} INFO - Setting next_dagrun for build_crypto_dbt to None, run_after=None
[2025-04-23T21:21:52.045+0000] {processor.py:208} INFO - Processing /opt/airflow/dags/build_crypto_dbt.py took 0.116 seconds
[2025-04-23T21:22:22.504+0000] {processor.py:186} INFO - Started process (PID=292) to work on /opt/airflow/dags/build_crypto_dbt.py
[2025-04-23T21:22:22.506+0000] {processor.py:914} INFO - Processing file /opt/airflow/dags/build_crypto_dbt.py for tasks to queue
[2025-04-23T21:22:22.510+0000] {logging_mixin.py:190} INFO - [2025-04-23T21:22:22.510+0000] {dagbag.py:587} INFO - Filling up the DagBag from /opt/airflow/dags/build_crypto_dbt.py
[2025-04-23T21:22:22.563+0000] {logging_mixin.py:190} INFO - [2025-04-23T21:22:22.563+0000] {base.py:84} INFO - Retrieving connection 'snowflake_conn'
[2025-04-23T21:22:22.580+0000] {processor.py:925} INFO - DAG(s) 'build_crypto_dbt' retrieved from /opt/airflow/dags/build_crypto_dbt.py
[2025-04-23T21:22:22.612+0000] {logging_mixin.py:190} INFO - [2025-04-23T21:22:22.612+0000] {dag.py:3229} INFO - Sync 1 DAGs
[2025-04-23T21:22:22.634+0000] {logging_mixin.py:190} INFO - [2025-04-23T21:22:22.634+0000] {dag.py:4156} INFO - Setting next_dagrun for build_crypto_dbt to None, run_after=None
[2025-04-23T21:22:22.659+0000] {processor.py:208} INFO - Processing /opt/airflow/dags/build_crypto_dbt.py took 0.167 seconds
[2025-04-23T21:22:53.253+0000] {processor.py:186} INFO - Started process (PID=297) to work on /opt/airflow/dags/build_crypto_dbt.py
[2025-04-23T21:22:53.254+0000] {processor.py:914} INFO - Processing file /opt/airflow/dags/build_crypto_dbt.py for tasks to queue
[2025-04-23T21:22:53.258+0000] {logging_mixin.py:190} INFO - [2025-04-23T21:22:53.257+0000] {dagbag.py:587} INFO - Filling up the DagBag from /opt/airflow/dags/build_crypto_dbt.py
[2025-04-23T21:22:53.296+0000] {logging_mixin.py:190} INFO - [2025-04-23T21:22:53.296+0000] {base.py:84} INFO - Retrieving connection 'snowflake_conn'
[2025-04-23T21:22:53.306+0000] {processor.py:925} INFO - DAG(s) 'build_crypto_dbt' retrieved from /opt/airflow/dags/build_crypto_dbt.py
[2025-04-23T21:22:53.330+0000] {logging_mixin.py:190} INFO - [2025-04-23T21:22:53.330+0000] {dag.py:3229} INFO - Sync 1 DAGs
[2025-04-23T21:22:53.348+0000] {logging_mixin.py:190} INFO - [2025-04-23T21:22:53.348+0000] {dag.py:4156} INFO - Setting next_dagrun for build_crypto_dbt to None, run_after=None
[2025-04-23T21:22:53.383+0000] {processor.py:208} INFO - Processing /opt/airflow/dags/build_crypto_dbt.py took 0.137 seconds
[2025-04-23T21:23:24.615+0000] {processor.py:186} INFO - Started process (PID=302) to work on /opt/airflow/dags/build_crypto_dbt.py
[2025-04-23T21:23:24.648+0000] {processor.py:914} INFO - Processing file /opt/airflow/dags/build_crypto_dbt.py for tasks to queue
[2025-04-23T21:23:25.914+0000] {logging_mixin.py:190} INFO - [2025-04-23T21:23:25.887+0000] {dagbag.py:587} INFO - Filling up the DagBag from /opt/airflow/dags/build_crypto_dbt.py
[2025-04-23T21:23:26.188+0000] {logging_mixin.py:190} INFO - [2025-04-23T21:23:26.187+0000] {base.py:84} INFO - Retrieving connection 'snowflake_conn'
[2025-04-23T21:23:26.315+0000] {processor.py:925} INFO - DAG(s) 'build_crypto_dbt' retrieved from /opt/airflow/dags/build_crypto_dbt.py
[2025-04-23T21:23:26.593+0000] {logging_mixin.py:190} INFO - [2025-04-23T21:23:26.587+0000] {dag.py:3229} INFO - Sync 1 DAGs
[2025-04-23T21:23:26.973+0000] {logging_mixin.py:190} INFO - [2025-04-23T21:23:26.973+0000] {dag.py:4156} INFO - Setting next_dagrun for build_crypto_dbt to None, run_after=None
[2025-04-23T21:24:02.166+0000] {processor.py:186} INFO - Started process (PID=182) to work on /opt/airflow/dags/build_crypto_dbt.py
[2025-04-23T21:24:02.172+0000] {processor.py:914} INFO - Processing file /opt/airflow/dags/build_crypto_dbt.py for tasks to queue
[2025-04-23T21:24:02.192+0000] {logging_mixin.py:190} INFO - [2025-04-23T21:24:02.188+0000] {dagbag.py:587} INFO - Filling up the DagBag from /opt/airflow/dags/build_crypto_dbt.py
[2025-04-23T21:24:02.284+0000] {logging_mixin.py:190} INFO - [2025-04-23T21:24:02.282+0000] {base.py:84} INFO - Retrieving connection 'snowflake_conn'
[2025-04-23T21:24:02.324+0000] {processor.py:925} INFO - DAG(s) 'build_crypto_dbt' retrieved from /opt/airflow/dags/build_crypto_dbt.py
[2025-04-23T21:24:02.389+0000] {logging_mixin.py:190} INFO - [2025-04-23T21:24:02.389+0000] {dag.py:3229} INFO - Sync 1 DAGs
[2025-04-23T21:24:02.428+0000] {logging_mixin.py:190} INFO - [2025-04-23T21:24:02.427+0000] {dag.py:4156} INFO - Setting next_dagrun for build_crypto_dbt to None, run_after=None
[2025-04-23T21:24:02.487+0000] {processor.py:208} INFO - Processing /opt/airflow/dags/build_crypto_dbt.py took 0.347 seconds
[2025-04-23T21:24:34.926+0000] {processor.py:186} INFO - Started process (PID=187) to work on /opt/airflow/dags/build_crypto_dbt.py
[2025-04-23T21:24:35.001+0000] {processor.py:914} INFO - Processing file /opt/airflow/dags/build_crypto_dbt.py for tasks to queue
[2025-04-23T21:24:35.232+0000] {logging_mixin.py:190} INFO - [2025-04-23T21:24:35.228+0000] {dagbag.py:587} INFO - Filling up the DagBag from /opt/airflow/dags/build_crypto_dbt.py
[2025-04-23T21:24:36.535+0000] {logging_mixin.py:190} INFO - [2025-04-23T21:24:36.533+0000] {base.py:84} INFO - Retrieving connection 'snowflake_conn'
[2025-04-23T21:24:36.884+0000] {processor.py:925} INFO - DAG(s) 'build_crypto_dbt' retrieved from /opt/airflow/dags/build_crypto_dbt.py
[2025-04-23T21:24:37.167+0000] {logging_mixin.py:190} INFO - [2025-04-23T21:24:37.166+0000] {dag.py:3229} INFO - Sync 1 DAGs
[2025-04-23T21:24:37.526+0000] {logging_mixin.py:190} INFO - [2025-04-23T21:24:37.525+0000] {dag.py:4156} INFO - Setting next_dagrun for build_crypto_dbt to None, run_after=None
[2025-04-23T21:24:37.776+0000] {processor.py:208} INFO - Processing /opt/airflow/dags/build_crypto_dbt.py took 4.066 seconds
[2025-04-23T21:25:07.982+0000] {processor.py:186} INFO - Started process (PID=197) to work on /opt/airflow/dags/build_crypto_dbt.py
[2025-04-23T21:25:07.983+0000] {processor.py:914} INFO - Processing file /opt/airflow/dags/build_crypto_dbt.py for tasks to queue
[2025-04-23T21:25:07.986+0000] {logging_mixin.py:190} INFO - [2025-04-23T21:25:07.986+0000] {dagbag.py:587} INFO - Filling up the DagBag from /opt/airflow/dags/build_crypto_dbt.py
[2025-04-23T21:25:08.020+0000] {logging_mixin.py:190} INFO - [2025-04-23T21:25:08.020+0000] {base.py:84} INFO - Retrieving connection 'snowflake_conn'
[2025-04-23T21:25:08.029+0000] {processor.py:925} INFO - DAG(s) 'build_crypto_dbt' retrieved from /opt/airflow/dags/build_crypto_dbt.py
[2025-04-23T21:25:08.050+0000] {logging_mixin.py:190} INFO - [2025-04-23T21:25:08.050+0000] {dag.py:3229} INFO - Sync 1 DAGs
[2025-04-23T21:25:08.073+0000] {logging_mixin.py:190} INFO - [2025-04-23T21:25:08.072+0000] {dag.py:4156} INFO - Setting next_dagrun for build_crypto_dbt to None, run_after=None
[2025-04-23T21:25:08.118+0000] {processor.py:208} INFO - Processing /opt/airflow/dags/build_crypto_dbt.py took 0.146 seconds
[2025-04-23T21:25:38.526+0000] {processor.py:186} INFO - Started process (PID=202) to work on /opt/airflow/dags/build_crypto_dbt.py
[2025-04-23T21:25:38.527+0000] {processor.py:914} INFO - Processing file /opt/airflow/dags/build_crypto_dbt.py for tasks to queue
[2025-04-23T21:25:38.530+0000] {logging_mixin.py:190} INFO - [2025-04-23T21:25:38.530+0000] {dagbag.py:587} INFO - Filling up the DagBag from /opt/airflow/dags/build_crypto_dbt.py
[2025-04-23T21:25:38.570+0000] {logging_mixin.py:190} INFO - [2025-04-23T21:25:38.570+0000] {base.py:84} INFO - Retrieving connection 'snowflake_conn'
[2025-04-23T21:25:38.580+0000] {processor.py:925} INFO - DAG(s) 'build_crypto_dbt' retrieved from /opt/airflow/dags/build_crypto_dbt.py
[2025-04-23T21:25:38.603+0000] {logging_mixin.py:190} INFO - [2025-04-23T21:25:38.603+0000] {dag.py:3229} INFO - Sync 1 DAGs
[2025-04-23T21:25:38.621+0000] {logging_mixin.py:190} INFO - [2025-04-23T21:25:38.620+0000] {dag.py:4156} INFO - Setting next_dagrun for build_crypto_dbt to None, run_after=None
[2025-04-23T21:25:38.643+0000] {processor.py:208} INFO - Processing /opt/airflow/dags/build_crypto_dbt.py took 0.122 seconds
[2025-04-23T21:26:09.153+0000] {processor.py:186} INFO - Started process (PID=207) to work on /opt/airflow/dags/build_crypto_dbt.py
[2025-04-23T21:26:09.155+0000] {processor.py:914} INFO - Processing file /opt/airflow/dags/build_crypto_dbt.py for tasks to queue
[2025-04-23T21:26:09.158+0000] {logging_mixin.py:190} INFO - [2025-04-23T21:26:09.158+0000] {dagbag.py:587} INFO - Filling up the DagBag from /opt/airflow/dags/build_crypto_dbt.py
[2025-04-23T21:26:09.207+0000] {logging_mixin.py:190} INFO - [2025-04-23T21:26:09.206+0000] {base.py:84} INFO - Retrieving connection 'snowflake_conn'
[2025-04-23T21:26:09.217+0000] {processor.py:925} INFO - DAG(s) 'build_crypto_dbt' retrieved from /opt/airflow/dags/build_crypto_dbt.py
[2025-04-23T21:26:09.261+0000] {logging_mixin.py:190} INFO - [2025-04-23T21:26:09.261+0000] {dag.py:3229} INFO - Sync 1 DAGs
[2025-04-23T21:26:09.282+0000] {logging_mixin.py:190} INFO - [2025-04-23T21:26:09.282+0000] {dag.py:4156} INFO - Setting next_dagrun for build_crypto_dbt to None, run_after=None
[2025-04-23T21:26:09.307+0000] {processor.py:208} INFO - Processing /opt/airflow/dags/build_crypto_dbt.py took 0.162 seconds
[2025-04-23T21:26:39.839+0000] {processor.py:186} INFO - Started process (PID=212) to work on /opt/airflow/dags/build_crypto_dbt.py
[2025-04-23T21:26:39.841+0000] {processor.py:914} INFO - Processing file /opt/airflow/dags/build_crypto_dbt.py for tasks to queue
[2025-04-23T21:26:39.847+0000] {logging_mixin.py:190} INFO - [2025-04-23T21:26:39.846+0000] {dagbag.py:587} INFO - Filling up the DagBag from /opt/airflow/dags/build_crypto_dbt.py
[2025-04-23T21:26:39.882+0000] {logging_mixin.py:190} INFO - [2025-04-23T21:26:39.882+0000] {base.py:84} INFO - Retrieving connection 'snowflake_conn'
[2025-04-23T21:26:39.898+0000] {processor.py:925} INFO - DAG(s) 'build_crypto_dbt' retrieved from /opt/airflow/dags/build_crypto_dbt.py
[2025-04-23T21:26:39.931+0000] {logging_mixin.py:190} INFO - [2025-04-23T21:26:39.931+0000] {dag.py:3229} INFO - Sync 1 DAGs
[2025-04-23T21:26:39.954+0000] {logging_mixin.py:190} INFO - [2025-04-23T21:26:39.954+0000] {dag.py:4156} INFO - Setting next_dagrun for build_crypto_dbt to None, run_after=None
[2025-04-23T21:26:39.981+0000] {processor.py:208} INFO - Processing /opt/airflow/dags/build_crypto_dbt.py took 0.154 seconds
[2025-04-23T21:27:10.517+0000] {processor.py:186} INFO - Started process (PID=217) to work on /opt/airflow/dags/build_crypto_dbt.py
[2025-04-23T21:27:10.518+0000] {processor.py:914} INFO - Processing file /opt/airflow/dags/build_crypto_dbt.py for tasks to queue
[2025-04-23T21:27:10.522+0000] {logging_mixin.py:190} INFO - [2025-04-23T21:27:10.522+0000] {dagbag.py:587} INFO - Filling up the DagBag from /opt/airflow/dags/build_crypto_dbt.py
[2025-04-23T21:27:10.558+0000] {logging_mixin.py:190} INFO - [2025-04-23T21:27:10.558+0000] {base.py:84} INFO - Retrieving connection 'snowflake_conn'
[2025-04-23T21:27:10.568+0000] {processor.py:925} INFO - DAG(s) 'build_crypto_dbt' retrieved from /opt/airflow/dags/build_crypto_dbt.py
[2025-04-23T21:27:10.588+0000] {logging_mixin.py:190} INFO - [2025-04-23T21:27:10.588+0000] {dag.py:3229} INFO - Sync 1 DAGs
[2025-04-23T21:27:10.606+0000] {logging_mixin.py:190} INFO - [2025-04-23T21:27:10.605+0000] {dag.py:4156} INFO - Setting next_dagrun for build_crypto_dbt to None, run_after=None
[2025-04-23T21:27:10.629+0000] {processor.py:208} INFO - Processing /opt/airflow/dags/build_crypto_dbt.py took 0.119 seconds
[2025-04-23T21:27:41.231+0000] {processor.py:186} INFO - Started process (PID=222) to work on /opt/airflow/dags/build_crypto_dbt.py
[2025-04-23T21:27:41.233+0000] {processor.py:914} INFO - Processing file /opt/airflow/dags/build_crypto_dbt.py for tasks to queue
[2025-04-23T21:27:41.240+0000] {logging_mixin.py:190} INFO - [2025-04-23T21:27:41.239+0000] {dagbag.py:587} INFO - Filling up the DagBag from /opt/airflow/dags/build_crypto_dbt.py
[2025-04-23T21:27:41.280+0000] {logging_mixin.py:190} INFO - [2025-04-23T21:27:41.280+0000] {base.py:84} INFO - Retrieving connection 'snowflake_conn'
[2025-04-23T21:27:41.291+0000] {processor.py:925} INFO - DAG(s) 'build_crypto_dbt' retrieved from /opt/airflow/dags/build_crypto_dbt.py
[2025-04-23T21:27:41.314+0000] {logging_mixin.py:190} INFO - [2025-04-23T21:27:41.314+0000] {dag.py:3229} INFO - Sync 1 DAGs
[2025-04-23T21:27:41.336+0000] {logging_mixin.py:190} INFO - [2025-04-23T21:27:41.335+0000] {dag.py:4156} INFO - Setting next_dagrun for build_crypto_dbt to None, run_after=None
[2025-04-23T21:27:41.360+0000] {processor.py:208} INFO - Processing /opt/airflow/dags/build_crypto_dbt.py took 0.142 seconds
[2025-04-23T21:28:11.950+0000] {processor.py:186} INFO - Started process (PID=227) to work on /opt/airflow/dags/build_crypto_dbt.py
[2025-04-23T21:28:11.952+0000] {processor.py:914} INFO - Processing file /opt/airflow/dags/build_crypto_dbt.py for tasks to queue
[2025-04-23T21:28:11.955+0000] {logging_mixin.py:190} INFO - [2025-04-23T21:28:11.955+0000] {dagbag.py:587} INFO - Filling up the DagBag from /opt/airflow/dags/build_crypto_dbt.py
[2025-04-23T21:28:11.991+0000] {logging_mixin.py:190} INFO - [2025-04-23T21:28:11.990+0000] {base.py:84} INFO - Retrieving connection 'snowflake_conn'
[2025-04-23T21:28:12.000+0000] {processor.py:925} INFO - DAG(s) 'build_crypto_dbt' retrieved from /opt/airflow/dags/build_crypto_dbt.py
[2025-04-23T21:28:12.023+0000] {logging_mixin.py:190} INFO - [2025-04-23T21:28:12.022+0000] {dag.py:3229} INFO - Sync 1 DAGs
[2025-04-23T21:28:12.041+0000] {logging_mixin.py:190} INFO - [2025-04-23T21:28:12.041+0000] {dag.py:4156} INFO - Setting next_dagrun for build_crypto_dbt to None, run_after=None
[2025-04-23T21:28:12.065+0000] {processor.py:208} INFO - Processing /opt/airflow/dags/build_crypto_dbt.py took 0.122 seconds
[2025-04-23T21:28:42.585+0000] {processor.py:186} INFO - Started process (PID=232) to work on /opt/airflow/dags/build_crypto_dbt.py
[2025-04-23T21:28:42.586+0000] {processor.py:914} INFO - Processing file /opt/airflow/dags/build_crypto_dbt.py for tasks to queue
[2025-04-23T21:28:42.589+0000] {logging_mixin.py:190} INFO - [2025-04-23T21:28:42.589+0000] {dagbag.py:587} INFO - Filling up the DagBag from /opt/airflow/dags/build_crypto_dbt.py
[2025-04-23T21:28:42.623+0000] {logging_mixin.py:190} INFO - [2025-04-23T21:28:42.623+0000] {base.py:84} INFO - Retrieving connection 'snowflake_conn'
[2025-04-23T21:28:42.631+0000] {processor.py:925} INFO - DAG(s) 'build_crypto_dbt' retrieved from /opt/airflow/dags/build_crypto_dbt.py
[2025-04-23T21:28:42.651+0000] {logging_mixin.py:190} INFO - [2025-04-23T21:28:42.651+0000] {dag.py:3229} INFO - Sync 1 DAGs
[2025-04-23T21:28:42.666+0000] {logging_mixin.py:190} INFO - [2025-04-23T21:28:42.665+0000] {dag.py:4156} INFO - Setting next_dagrun for build_crypto_dbt to None, run_after=None
[2025-04-23T21:28:42.689+0000] {processor.py:208} INFO - Processing /opt/airflow/dags/build_crypto_dbt.py took 0.110 seconds
[2025-04-23T21:29:13.309+0000] {processor.py:186} INFO - Started process (PID=237) to work on /opt/airflow/dags/build_crypto_dbt.py
[2025-04-23T21:29:13.311+0000] {processor.py:914} INFO - Processing file /opt/airflow/dags/build_crypto_dbt.py for tasks to queue
[2025-04-23T21:29:13.315+0000] {logging_mixin.py:190} INFO - [2025-04-23T21:29:13.314+0000] {dagbag.py:587} INFO - Filling up the DagBag from /opt/airflow/dags/build_crypto_dbt.py
[2025-04-23T21:29:13.356+0000] {logging_mixin.py:190} INFO - [2025-04-23T21:29:13.355+0000] {base.py:84} INFO - Retrieving connection 'snowflake_conn'
[2025-04-23T21:29:13.365+0000] {processor.py:925} INFO - DAG(s) 'build_crypto_dbt' retrieved from /opt/airflow/dags/build_crypto_dbt.py
[2025-04-23T21:29:13.388+0000] {logging_mixin.py:190} INFO - [2025-04-23T21:29:13.387+0000] {dag.py:3229} INFO - Sync 1 DAGs
[2025-04-23T21:29:13.408+0000] {logging_mixin.py:190} INFO - [2025-04-23T21:29:13.408+0000] {dag.py:4156} INFO - Setting next_dagrun for build_crypto_dbt to None, run_after=None
[2025-04-23T21:29:13.437+0000] {processor.py:208} INFO - Processing /opt/airflow/dags/build_crypto_dbt.py took 0.139 seconds
[2025-04-23T21:29:46.081+0000] {processor.py:186} INFO - Started process (PID=242) to work on /opt/airflow/dags/build_crypto_dbt.py
[2025-04-23T21:29:46.082+0000] {processor.py:914} INFO - Processing file /opt/airflow/dags/build_crypto_dbt.py for tasks to queue
[2025-04-23T21:29:46.086+0000] {logging_mixin.py:190} INFO - [2025-04-23T21:29:46.085+0000] {dagbag.py:587} INFO - Filling up the DagBag from /opt/airflow/dags/build_crypto_dbt.py
[2025-04-23T21:29:46.116+0000] {logging_mixin.py:190} INFO - [2025-04-23T21:29:46.116+0000] {base.py:84} INFO - Retrieving connection 'snowflake_conn'
[2025-04-23T21:29:46.124+0000] {processor.py:925} INFO - DAG(s) 'build_crypto_dbt' retrieved from /opt/airflow/dags/build_crypto_dbt.py
[2025-04-23T21:29:46.145+0000] {logging_mixin.py:190} INFO - [2025-04-23T21:29:46.145+0000] {dag.py:3229} INFO - Sync 1 DAGs
[2025-04-23T21:29:46.163+0000] {logging_mixin.py:190} INFO - [2025-04-23T21:29:46.163+0000] {dag.py:4156} INFO - Setting next_dagrun for build_crypto_dbt to None, run_after=None
[2025-04-23T21:29:46.185+0000] {processor.py:208} INFO - Processing /opt/airflow/dags/build_crypto_dbt.py took 0.110 seconds
[2025-04-23T21:30:17.907+0000] {processor.py:186} INFO - Started process (PID=247) to work on /opt/airflow/dags/build_crypto_dbt.py
[2025-04-23T21:30:17.910+0000] {processor.py:914} INFO - Processing file /opt/airflow/dags/build_crypto_dbt.py for tasks to queue
[2025-04-23T21:30:17.913+0000] {logging_mixin.py:190} INFO - [2025-04-23T21:30:17.913+0000] {dagbag.py:587} INFO - Filling up the DagBag from /opt/airflow/dags/build_crypto_dbt.py
[2025-04-23T21:30:17.956+0000] {logging_mixin.py:190} INFO - [2025-04-23T21:30:17.956+0000] {base.py:84} INFO - Retrieving connection 'snowflake_conn'
[2025-04-23T21:30:17.966+0000] {processor.py:925} INFO - DAG(s) 'build_crypto_dbt' retrieved from /opt/airflow/dags/build_crypto_dbt.py
[2025-04-23T21:30:17.992+0000] {logging_mixin.py:190} INFO - [2025-04-23T21:30:17.991+0000] {dag.py:3229} INFO - Sync 1 DAGs
[2025-04-23T21:30:18.010+0000] {logging_mixin.py:190} INFO - [2025-04-23T21:30:18.009+0000] {dag.py:4156} INFO - Setting next_dagrun for build_crypto_dbt to None, run_after=None
[2025-04-23T21:30:18.036+0000] {processor.py:208} INFO - Processing /opt/airflow/dags/build_crypto_dbt.py took 0.137 seconds
