[2025-04-24T01:56:37.119+0000] {local_task_job_runner.py:123} INFO - ::group::Pre task execution logs
[2025-04-24T01:56:37.153+0000] {taskinstance.py:2612} INFO - Dependencies all met for dep_context=non-requeueable deps ti=<TaskInstance: build_crypto_dbt.dbt_run manual__2025-04-24T01:56:35.915043+00:00 [queued]>
[2025-04-24T01:56:37.172+0000] {taskinstance.py:2612} INFO - Dependencies all met for dep_context=requeueable deps ti=<TaskInstance: build_crypto_dbt.dbt_run manual__2025-04-24T01:56:35.915043+00:00 [queued]>
[2025-04-24T01:56:37.173+0000] {taskinstance.py:2865} INFO - Starting attempt 1 of 1
[2025-04-24T01:56:37.220+0000] {taskinstance.py:2888} INFO - Executing <Task(BashOperator): dbt_run> on 2025-04-24 01:56:35.915043+00:00
[2025-04-24T01:56:37.265+0000] {logging_mixin.py:190} WARNING - /home/***/.local/lib/python3.12/site-packages/***/task/task_runner/standard_task_runner.py:70 DeprecationWarning: This process (pid=197) is multi-threaded, use of fork() may lead to deadlocks in the child.
[2025-04-24T01:56:37.255+0000] {standard_task_runner.py:104} INFO - Running: ['***', 'tasks', 'run', 'build_crypto_dbt', 'dbt_run', 'manual__2025-04-24T01:56:35.915043+00:00', '--job-id', '22', '--raw', '--subdir', 'DAGS_FOLDER/build_crypto_dbt.py', '--cfg-path', '/tmp/tmpt568u5td']
[2025-04-24T01:56:37.269+0000] {standard_task_runner.py:72} INFO - Started process 198 to run task
[2025-04-24T01:56:37.270+0000] {standard_task_runner.py:105} INFO - Job 22: Subtask dbt_run
[2025-04-24T01:56:37.360+0000] {task_command.py:467} INFO - Running <TaskInstance: build_crypto_dbt.dbt_run manual__2025-04-24T01:56:35.915043+00:00 [running]> on host 09ab332ca4a7
[2025-04-24T01:56:37.532+0000] {taskinstance.py:3131} INFO - Exporting env vars: AIRFLOW_CTX_DAG_OWNER='***' AIRFLOW_CTX_DAG_ID='build_crypto_dbt' AIRFLOW_CTX_TASK_ID='dbt_run' AIRFLOW_CTX_EXECUTION_DATE='2025-04-24T01:56:35.915043+00:00' AIRFLOW_CTX_TRY_NUMBER='1' AIRFLOW_CTX_DAG_RUN_ID='manual__2025-04-24T01:56:35.915043+00:00'
[2025-04-24T01:56:37.533+0000] {taskinstance.py:731} INFO - ::endgroup::
[2025-04-24T01:56:37.621+0000] {subprocess.py:63} INFO - Tmp dir root location: /tmp
[2025-04-24T01:56:37.624+0000] {subprocess.py:75} INFO - Running command: ['/usr/bin/bash', '-c', '/home/***/.local/bin/dbt run --profiles-dir /opt/***/build_crypto --project-dir /opt/***/build_crypto']
[2025-04-24T01:56:37.644+0000] {subprocess.py:86} INFO - Output:
[2025-04-24T01:56:41.134+0000] {subprocess.py:93} INFO - [0m01:56:41  Running with dbt=1.5.5
[2025-04-24T01:56:44.111+0000] {subprocess.py:93} INFO - [0m01:56:44  Registered adapter: snowflake=1.5.5
[2025-04-24T01:56:44.134+0000] {subprocess.py:93} INFO - [0m01:56:44  Unable to do partial parsing because saved manifest not found. Starting full parse.
[2025-04-24T01:56:45.596+0000] {subprocess.py:93} INFO - [0m01:56:45  Found 3 models, 0 tests, 1 snapshot, 0 analyses, 322 macros, 0 operations, 0 seed files, 3 sources, 0 exposures, 0 metrics, 0 groups
[2025-04-24T01:56:45.600+0000] {subprocess.py:93} INFO - [0m01:56:45
[2025-04-24T01:56:47.940+0000] {subprocess.py:93} INFO - [0m01:56:47  Concurrency: 1 threads (target='dev')
[2025-04-24T01:56:47.940+0000] {subprocess.py:93} INFO - [0m01:56:47
[2025-04-24T01:56:48.021+0000] {subprocess.py:93} INFO - [0m01:56:48  1 of 1 START sql table model analytics.crypto_summary .......................... [RUN]
[2025-04-24T01:56:49.783+0000] {subprocess.py:93} INFO - [0m01:56:49  1 of 1 OK created sql table model analytics.crypto_summary ..................... [[32mSUCCESS 1[0m in 1.76s]
[2025-04-24T01:56:49.788+0000] {subprocess.py:93} INFO - [0m01:56:49
[2025-04-24T01:56:49.789+0000] {subprocess.py:93} INFO - [0m01:56:49  Finished running 1 table model in 0 hours 0 minutes and 4.19 seconds (4.19s).
[2025-04-24T01:56:49.808+0000] {subprocess.py:93} INFO - [0m01:56:49
[2025-04-24T01:56:49.809+0000] {subprocess.py:93} INFO - [0m01:56:49  [32mCompleted successfully[0m
[2025-04-24T01:56:49.810+0000] {subprocess.py:93} INFO - [0m01:56:49
[2025-04-24T01:56:49.810+0000] {subprocess.py:93} INFO - [0m01:56:49  Done. PASS=1 WARN=0 ERROR=0 SKIP=0 TOTAL=1
[2025-04-24T01:56:50.619+0000] {subprocess.py:97} INFO - Command exited with return code 0
[2025-04-24T01:56:50.643+0000] {taskinstance.py:340} INFO - ::group::Post task execution logs
[2025-04-24T01:56:50.644+0000] {taskinstance.py:352} INFO - Marking task as SUCCESS. dag_id=build_crypto_dbt, task_id=dbt_run, run_id=manual__2025-04-24T01:56:35.915043+00:00, execution_date=20250424T015635, start_date=20250424T015637, end_date=20250424T015650
[2025-04-24T01:56:50.696+0000] {local_task_job_runner.py:266} INFO - Task exited with return code 0
[2025-04-24T01:56:50.733+0000] {taskinstance.py:3900} INFO - 1 downstream tasks scheduled from follow-on schedule check
[2025-04-24T01:56:50.736+0000] {local_task_job_runner.py:245} INFO - ::endgroup::
