[2025-04-24T01:56:57.939+0000] {local_task_job_runner.py:123} INFO - ::group::Pre task execution logs
[2025-04-24T01:56:57.969+0000] {taskinstance.py:2612} INFO - Dependencies all met for dep_context=non-requeueable deps ti=<TaskInstance: build_crypto_dbt.dbt_snapshot manual__2025-04-24T01:56:35.915043+00:00 [queued]>
[2025-04-24T01:56:57.991+0000] {taskinstance.py:2612} INFO - Dependencies all met for dep_context=requeueable deps ti=<TaskInstance: build_crypto_dbt.dbt_snapshot manual__2025-04-24T01:56:35.915043+00:00 [queued]>
[2025-04-24T01:56:57.993+0000] {taskinstance.py:2865} INFO - Starting attempt 1 of 1
[2025-04-24T01:56:58.012+0000] {taskinstance.py:2888} INFO - Executing <Task(BashOperator): dbt_snapshot> on 2025-04-24 01:56:35.915043+00:00
[2025-04-24T01:56:58.022+0000] {standard_task_runner.py:104} INFO - Running: ['***', 'tasks', 'run', 'build_crypto_dbt', 'dbt_snapshot', 'manual__2025-04-24T01:56:35.915043+00:00', '--job-id', '24', '--raw', '--subdir', 'DAGS_FOLDER/build_crypto_dbt.py', '--cfg-path', '/tmp/tmp9u_2nl2o']
[2025-04-24T01:56:58.025+0000] {standard_task_runner.py:105} INFO - Job 24: Subtask dbt_snapshot
[2025-04-24T01:56:58.026+0000] {logging_mixin.py:190} WARNING - /home/***/.local/lib/python3.12/site-packages/***/task/task_runner/standard_task_runner.py:70 DeprecationWarning: This process (pid=237) is multi-threaded, use of fork() may lead to deadlocks in the child.
[2025-04-24T01:56:58.027+0000] {standard_task_runner.py:72} INFO - Started process 238 to run task
[2025-04-24T01:56:58.081+0000] {task_command.py:467} INFO - Running <TaskInstance: build_crypto_dbt.dbt_snapshot manual__2025-04-24T01:56:35.915043+00:00 [running]> on host 09ab332ca4a7
[2025-04-24T01:56:58.238+0000] {taskinstance.py:3131} INFO - Exporting env vars: AIRFLOW_CTX_DAG_OWNER='***' AIRFLOW_CTX_DAG_ID='build_crypto_dbt' AIRFLOW_CTX_TASK_ID='dbt_snapshot' AIRFLOW_CTX_EXECUTION_DATE='2025-04-24T01:56:35.915043+00:00' AIRFLOW_CTX_TRY_NUMBER='1' AIRFLOW_CTX_DAG_RUN_ID='manual__2025-04-24T01:56:35.915043+00:00'
[2025-04-24T01:56:58.239+0000] {taskinstance.py:731} INFO - ::endgroup::
[2025-04-24T01:56:58.270+0000] {subprocess.py:63} INFO - Tmp dir root location: /tmp
[2025-04-24T01:56:58.272+0000] {subprocess.py:75} INFO - Running command: ['/usr/bin/bash', '-c', '/home/***/.local/bin/dbt snapshot --profiles-dir /opt/***/build_crypto --project-dir /opt/***/build_crypto']
[2025-04-24T01:56:58.290+0000] {subprocess.py:86} INFO - Output:
[2025-04-24T01:57:03.749+0000] {subprocess.py:93} INFO - [0m01:57:03  Running with dbt=1.5.5
[2025-04-24T01:57:04.794+0000] {subprocess.py:93} INFO - [0m01:57:04  Registered adapter: snowflake=1.5.5
[2025-04-24T01:57:05.111+0000] {subprocess.py:93} INFO - [0m01:57:05  Found 3 models, 0 tests, 1 snapshot, 0 analyses, 322 macros, 0 operations, 0 seed files, 3 sources, 0 exposures, 0 metrics, 0 groups
[2025-04-24T01:57:05.114+0000] {subprocess.py:93} INFO - [0m01:57:05
[2025-04-24T01:57:06.581+0000] {subprocess.py:93} INFO - [0m01:57:06  Concurrency: 1 threads (target='dev')
[2025-04-24T01:57:06.582+0000] {subprocess.py:93} INFO - [0m01:57:06
[2025-04-24T01:57:06.610+0000] {subprocess.py:93} INFO - [0m01:57:06  1 of 1 START snapshot analytics.snapshot_crypto_summary ........................ [RUN]
[2025-04-24T01:57:10.825+0000] {subprocess.py:93} INFO - [0m01:57:10  1 of 1 OK snapshotted analytics.snapshot_crypto_summary ........................ [[32msuccess[0m in 4.21s]
[2025-04-24T01:57:10.830+0000] {subprocess.py:93} INFO - [0m01:57:10
[2025-04-24T01:57:10.831+0000] {subprocess.py:93} INFO - [0m01:57:10  Finished running 1 snapshot in 0 hours 0 minutes and 5.72 seconds (5.72s).
[2025-04-24T01:57:10.855+0000] {subprocess.py:93} INFO - [0m01:57:10
[2025-04-24T01:57:10.856+0000] {subprocess.py:93} INFO - [0m01:57:10  [32mCompleted successfully[0m
[2025-04-24T01:57:10.856+0000] {subprocess.py:93} INFO - [0m01:57:10
[2025-04-24T01:57:10.857+0000] {subprocess.py:93} INFO - [0m01:57:10  Done. PASS=1 WARN=0 ERROR=0 SKIP=0 TOTAL=1
[2025-04-24T01:57:11.673+0000] {subprocess.py:97} INFO - Command exited with return code 0
[2025-04-24T01:57:11.707+0000] {taskinstance.py:340} INFO - ::group::Post task execution logs
[2025-04-24T01:57:11.708+0000] {taskinstance.py:352} INFO - Marking task as SUCCESS. dag_id=build_crypto_dbt, task_id=dbt_snapshot, run_id=manual__2025-04-24T01:56:35.915043+00:00, execution_date=20250424T015635, start_date=20250424T015657, end_date=20250424T015711
[2025-04-24T01:57:11.739+0000] {local_task_job_runner.py:266} INFO - Task exited with return code 0
[2025-04-24T01:57:11.758+0000] {taskinstance.py:3900} INFO - 0 downstream tasks scheduled from follow-on schedule check
[2025-04-24T01:57:11.760+0000] {local_task_job_runner.py:245} INFO - ::endgroup::
