[2025-03-03T06:48:59.954+0000] {processor.py:186} INFO - Started process (PID=213) to work on /opt/airflow/dags/lab1.py
[2025-03-03T06:48:59.955+0000] {processor.py:914} INFO - Processing file /opt/airflow/dags/lab1.py for tasks to queue
[2025-03-03T06:48:59.964+0000] {logging_mixin.py:190} INFO - [2025-03-03T06:48:59.962+0000] {dagbag.py:587} INFO - Filling up the DagBag from /opt/airflow/dags/lab1.py
[2025-03-03T06:49:00.294+0000] {processor.py:925} INFO - DAG(s) 'lab1_dag' retrieved from /opt/airflow/dags/lab1.py
[2025-03-03T06:49:00.351+0000] {logging_mixin.py:190} INFO - [2025-03-03T06:49:00.350+0000] {dag.py:3229} INFO - Sync 1 DAGs
[2025-03-03T06:49:00.401+0000] {logging_mixin.py:190} INFO - [2025-03-03T06:49:00.401+0000] {dag.py:4156} INFO - Setting next_dagrun for lab1_dag to 2025-03-03 06:40:00+00:00, run_after=2025-03-03 06:45:00+00:00
[2025-03-03T06:49:00.426+0000] {processor.py:208} INFO - Processing /opt/airflow/dags/lab1.py took 0.486 seconds
[2025-03-03T06:49:31.481+0000] {processor.py:186} INFO - Started process (PID=253) to work on /opt/airflow/dags/lab1.py
[2025-03-03T06:49:31.497+0000] {processor.py:914} INFO - Processing file /opt/airflow/dags/lab1.py for tasks to queue
[2025-03-03T06:49:31.539+0000] {logging_mixin.py:190} INFO - [2025-03-03T06:49:31.534+0000] {dagbag.py:587} INFO - Filling up the DagBag from /opt/airflow/dags/lab1.py
[2025-03-03T06:49:32.709+0000] {processor.py:925} INFO - DAG(s) 'lab1_dag' retrieved from /opt/airflow/dags/lab1.py
[2025-03-03T06:49:33.054+0000] {logging_mixin.py:190} INFO - [2025-03-03T06:49:33.051+0000] {dag.py:3229} INFO - Sync 1 DAGs
[2025-03-03T06:49:33.203+0000] {logging_mixin.py:190} INFO - [2025-03-03T06:49:33.203+0000] {dag.py:4156} INFO - Setting next_dagrun for lab1_dag to 2025-03-03 06:40:00+00:00, run_after=2025-03-03 06:45:00+00:00
[2025-03-03T06:49:33.248+0000] {processor.py:208} INFO - Processing /opt/airflow/dags/lab1.py took 1.841 seconds
[2025-03-03T06:50:49.253+0000] {processor.py:186} INFO - Started process (PID=252) to work on /opt/airflow/dags/lab1.py
[2025-03-03T06:50:49.268+0000] {processor.py:914} INFO - Processing file /opt/airflow/dags/lab1.py for tasks to queue
[2025-03-03T06:50:49.309+0000] {logging_mixin.py:190} INFO - [2025-03-03T06:50:49.307+0000] {dagbag.py:587} INFO - Filling up the DagBag from /opt/airflow/dags/lab1.py
[2025-03-03T06:50:49.849+0000] {processor.py:925} INFO - DAG(s) 'lab1_dag' retrieved from /opt/airflow/dags/lab1.py
[2025-03-03T06:50:49.977+0000] {logging_mixin.py:190} INFO - [2025-03-03T06:50:49.976+0000] {dag.py:3229} INFO - Sync 1 DAGs
[2025-03-03T06:50:50.019+0000] {logging_mixin.py:190} INFO - [2025-03-03T06:50:50.019+0000] {dag.py:4156} INFO - Setting next_dagrun for lab1_dag to 2025-03-03 06:45:00+00:00, run_after=2025-03-03 06:50:00+00:00
[2025-03-03T06:50:50.048+0000] {processor.py:208} INFO - Processing /opt/airflow/dags/lab1.py took 0.825 seconds
[2025-03-03T06:51:21.067+0000] {processor.py:186} INFO - Started process (PID=277) to work on /opt/airflow/dags/lab1.py
[2025-03-03T06:51:21.068+0000] {processor.py:914} INFO - Processing file /opt/airflow/dags/lab1.py for tasks to queue
[2025-03-03T06:51:21.096+0000] {logging_mixin.py:190} INFO - [2025-03-03T06:51:21.093+0000] {dagbag.py:587} INFO - Filling up the DagBag from /opt/airflow/dags/lab1.py
[2025-03-03T06:51:21.409+0000] {processor.py:925} INFO - DAG(s) 'lab1_dag' retrieved from /opt/airflow/dags/lab1.py
[2025-03-03T06:51:21.452+0000] {logging_mixin.py:190} INFO - [2025-03-03T06:51:21.452+0000] {dag.py:3229} INFO - Sync 1 DAGs
[2025-03-03T06:51:21.484+0000] {logging_mixin.py:190} INFO - [2025-03-03T06:51:21.484+0000] {dag.py:4156} INFO - Setting next_dagrun for lab1_dag to 2025-03-03 06:45:00+00:00, run_after=2025-03-03 06:50:00+00:00
[2025-03-03T06:51:21.507+0000] {processor.py:208} INFO - Processing /opt/airflow/dags/lab1.py took 0.495 seconds
[2025-03-03T06:51:52.072+0000] {processor.py:186} INFO - Started process (PID=295) to work on /opt/airflow/dags/lab1.py
[2025-03-03T06:51:52.082+0000] {processor.py:914} INFO - Processing file /opt/airflow/dags/lab1.py for tasks to queue
[2025-03-03T06:51:52.092+0000] {logging_mixin.py:190} INFO - [2025-03-03T06:51:52.091+0000] {dagbag.py:587} INFO - Filling up the DagBag from /opt/airflow/dags/lab1.py
[2025-03-03T06:51:52.350+0000] {processor.py:925} INFO - DAG(s) 'lab1_dag' retrieved from /opt/airflow/dags/lab1.py
[2025-03-03T06:51:52.404+0000] {logging_mixin.py:190} INFO - [2025-03-03T06:51:52.403+0000] {dag.py:3229} INFO - Sync 1 DAGs
[2025-03-03T06:51:52.460+0000] {logging_mixin.py:190} INFO - [2025-03-03T06:51:52.460+0000] {dag.py:4156} INFO - Setting next_dagrun for lab1_dag to 2025-03-03 06:45:00+00:00, run_after=2025-03-03 06:50:00+00:00
[2025-03-03T06:51:52.480+0000] {processor.py:208} INFO - Processing /opt/airflow/dags/lab1.py took 0.435 seconds
[2025-03-03T06:52:23.418+0000] {processor.py:186} INFO - Started process (PID=312) to work on /opt/airflow/dags/lab1.py
[2025-03-03T06:52:23.421+0000] {processor.py:914} INFO - Processing file /opt/airflow/dags/lab1.py for tasks to queue
[2025-03-03T06:52:23.433+0000] {logging_mixin.py:190} INFO - [2025-03-03T06:52:23.432+0000] {dagbag.py:587} INFO - Filling up the DagBag from /opt/airflow/dags/lab1.py
[2025-03-03T06:52:23.766+0000] {processor.py:925} INFO - DAG(s) 'lab1_dag' retrieved from /opt/airflow/dags/lab1.py
[2025-03-03T06:52:23.837+0000] {logging_mixin.py:190} INFO - [2025-03-03T06:52:23.837+0000] {dag.py:3229} INFO - Sync 1 DAGs
[2025-03-03T06:52:23.880+0000] {logging_mixin.py:190} INFO - [2025-03-03T06:52:23.880+0000] {dag.py:4156} INFO - Setting next_dagrun for lab1_dag to 2025-03-03 06:45:00+00:00, run_after=2025-03-03 06:50:00+00:00
[2025-03-03T06:52:23.918+0000] {processor.py:208} INFO - Processing /opt/airflow/dags/lab1.py took 0.510 seconds
[2025-03-03T06:52:54.842+0000] {processor.py:186} INFO - Started process (PID=329) to work on /opt/airflow/dags/lab1.py
[2025-03-03T06:52:54.849+0000] {processor.py:914} INFO - Processing file /opt/airflow/dags/lab1.py for tasks to queue
[2025-03-03T06:52:54.867+0000] {logging_mixin.py:190} INFO - [2025-03-03T06:52:54.867+0000] {dagbag.py:587} INFO - Filling up the DagBag from /opt/airflow/dags/lab1.py
[2025-03-03T06:52:55.106+0000] {processor.py:925} INFO - DAG(s) 'lab1_dag' retrieved from /opt/airflow/dags/lab1.py
[2025-03-03T06:52:55.142+0000] {logging_mixin.py:190} INFO - [2025-03-03T06:52:55.142+0000] {dag.py:3229} INFO - Sync 1 DAGs
[2025-03-03T06:52:55.168+0000] {logging_mixin.py:190} INFO - [2025-03-03T06:52:55.168+0000] {dag.py:4156} INFO - Setting next_dagrun for lab1_dag to 2025-03-03 06:45:00+00:00, run_after=2025-03-03 06:50:00+00:00
[2025-03-03T06:52:55.189+0000] {processor.py:208} INFO - Processing /opt/airflow/dags/lab1.py took 0.377 seconds
[2025-03-03T06:53:26.174+0000] {processor.py:186} INFO - Started process (PID=345) to work on /opt/airflow/dags/lab1.py
[2025-03-03T06:53:26.176+0000] {processor.py:914} INFO - Processing file /opt/airflow/dags/lab1.py for tasks to queue
[2025-03-03T06:53:26.188+0000] {logging_mixin.py:190} INFO - [2025-03-03T06:53:26.187+0000] {dagbag.py:587} INFO - Filling up the DagBag from /opt/airflow/dags/lab1.py
[2025-03-03T06:53:26.627+0000] {processor.py:925} INFO - DAG(s) 'lab1_dag' retrieved from /opt/airflow/dags/lab1.py
[2025-03-03T06:53:26.737+0000] {logging_mixin.py:190} INFO - [2025-03-03T06:53:26.735+0000] {dag.py:3229} INFO - Sync 1 DAGs
[2025-03-03T06:53:26.774+0000] {logging_mixin.py:190} INFO - [2025-03-03T06:53:26.773+0000] {dag.py:4156} INFO - Setting next_dagrun for lab1_dag to 2025-03-03 06:45:00+00:00, run_after=2025-03-03 06:50:00+00:00
[2025-03-03T06:53:26.800+0000] {processor.py:208} INFO - Processing /opt/airflow/dags/lab1.py took 0.640 seconds
[2025-03-03T06:53:57.201+0000] {processor.py:186} INFO - Started process (PID=363) to work on /opt/airflow/dags/lab1.py
[2025-03-03T06:53:57.203+0000] {processor.py:914} INFO - Processing file /opt/airflow/dags/lab1.py for tasks to queue
[2025-03-03T06:53:57.207+0000] {logging_mixin.py:190} INFO - [2025-03-03T06:53:57.207+0000] {dagbag.py:587} INFO - Filling up the DagBag from /opt/airflow/dags/lab1.py
[2025-03-03T06:53:57.376+0000] {processor.py:925} INFO - DAG(s) 'lab1_dag' retrieved from /opt/airflow/dags/lab1.py
[2025-03-03T06:53:57.400+0000] {logging_mixin.py:190} INFO - [2025-03-03T06:53:57.400+0000] {dag.py:3229} INFO - Sync 1 DAGs
[2025-03-03T06:53:57.426+0000] {logging_mixin.py:190} INFO - [2025-03-03T06:53:57.426+0000] {dag.py:4156} INFO - Setting next_dagrun for lab1_dag to 2025-03-03 06:45:00+00:00, run_after=2025-03-03 06:50:00+00:00
[2025-03-03T06:53:57.445+0000] {processor.py:208} INFO - Processing /opt/airflow/dags/lab1.py took 0.257 seconds
[2025-03-03T06:54:28.060+0000] {processor.py:186} INFO - Started process (PID=379) to work on /opt/airflow/dags/lab1.py
[2025-03-03T06:54:28.062+0000] {processor.py:914} INFO - Processing file /opt/airflow/dags/lab1.py for tasks to queue
[2025-03-03T06:54:28.066+0000] {logging_mixin.py:190} INFO - [2025-03-03T06:54:28.066+0000] {dagbag.py:587} INFO - Filling up the DagBag from /opt/airflow/dags/lab1.py
[2025-03-03T06:54:28.365+0000] {processor.py:925} INFO - DAG(s) 'lab1_dag' retrieved from /opt/airflow/dags/lab1.py
[2025-03-03T06:54:28.427+0000] {logging_mixin.py:190} INFO - [2025-03-03T06:54:28.425+0000] {dag.py:3229} INFO - Sync 1 DAGs
[2025-03-03T06:54:28.500+0000] {logging_mixin.py:190} INFO - [2025-03-03T06:54:28.499+0000] {dag.py:4156} INFO - Setting next_dagrun for lab1_dag to 2025-03-03 06:45:00+00:00, run_after=2025-03-03 06:50:00+00:00
[2025-03-03T06:54:28.528+0000] {processor.py:208} INFO - Processing /opt/airflow/dags/lab1.py took 0.481 seconds
[2025-03-03T06:54:58.857+0000] {processor.py:186} INFO - Started process (PID=395) to work on /opt/airflow/dags/lab1.py
[2025-03-03T06:54:58.859+0000] {processor.py:914} INFO - Processing file /opt/airflow/dags/lab1.py for tasks to queue
[2025-03-03T06:54:58.862+0000] {logging_mixin.py:190} INFO - [2025-03-03T06:54:58.862+0000] {dagbag.py:587} INFO - Filling up the DagBag from /opt/airflow/dags/lab1.py
[2025-03-03T06:54:59.028+0000] {processor.py:925} INFO - DAG(s) 'lab1_dag' retrieved from /opt/airflow/dags/lab1.py
[2025-03-03T06:54:59.056+0000] {logging_mixin.py:190} INFO - [2025-03-03T06:54:59.055+0000] {dag.py:3229} INFO - Sync 1 DAGs
[2025-03-03T06:54:59.084+0000] {logging_mixin.py:190} INFO - [2025-03-03T06:54:59.084+0000] {dag.py:4156} INFO - Setting next_dagrun for lab1_dag to 2025-03-03 06:45:00+00:00, run_after=2025-03-03 06:50:00+00:00
[2025-03-03T06:54:59.107+0000] {processor.py:208} INFO - Processing /opt/airflow/dags/lab1.py took 0.257 seconds
[2025-03-03T06:55:29.158+0000] {processor.py:186} INFO - Started process (PID=411) to work on /opt/airflow/dags/lab1.py
[2025-03-03T06:55:29.160+0000] {processor.py:914} INFO - Processing file /opt/airflow/dags/lab1.py for tasks to queue
[2025-03-03T06:55:29.164+0000] {logging_mixin.py:190} INFO - [2025-03-03T06:55:29.163+0000] {dagbag.py:587} INFO - Filling up the DagBag from /opt/airflow/dags/lab1.py
[2025-03-03T06:55:29.331+0000] {processor.py:925} INFO - DAG(s) 'lab1_dag' retrieved from /opt/airflow/dags/lab1.py
[2025-03-03T06:55:29.367+0000] {logging_mixin.py:190} INFO - [2025-03-03T06:55:29.366+0000] {dag.py:3229} INFO - Sync 1 DAGs
[2025-03-03T06:55:29.432+0000] {logging_mixin.py:190} INFO - [2025-03-03T06:55:29.431+0000] {dag.py:4156} INFO - Setting next_dagrun for lab1_dag to 2025-03-03 06:50:00+00:00, run_after=2025-03-03 06:55:00+00:00
[2025-03-03T06:55:29.495+0000] {processor.py:208} INFO - Processing /opt/airflow/dags/lab1.py took 0.343 seconds
[2025-03-03T06:55:59.635+0000] {processor.py:186} INFO - Started process (PID=425) to work on /opt/airflow/dags/lab1.py
[2025-03-03T06:55:59.638+0000] {processor.py:914} INFO - Processing file /opt/airflow/dags/lab1.py for tasks to queue
[2025-03-03T06:55:59.648+0000] {logging_mixin.py:190} INFO - [2025-03-03T06:55:59.647+0000] {dagbag.py:587} INFO - Filling up the DagBag from /opt/airflow/dags/lab1.py
[2025-03-03T06:55:59.833+0000] {processor.py:925} INFO - DAG(s) 'lab1_dag' retrieved from /opt/airflow/dags/lab1.py
[2025-03-03T06:55:59.865+0000] {logging_mixin.py:190} INFO - [2025-03-03T06:55:59.865+0000] {dag.py:3229} INFO - Sync 1 DAGs
[2025-03-03T06:55:59.897+0000] {logging_mixin.py:190} INFO - [2025-03-03T06:55:59.897+0000] {dag.py:4156} INFO - Setting next_dagrun for lab1_dag to 2025-03-03 06:50:00+00:00, run_after=2025-03-03 06:55:00+00:00
[2025-03-03T06:55:59.919+0000] {processor.py:208} INFO - Processing /opt/airflow/dags/lab1.py took 0.295 seconds
[2025-03-03T06:56:30.697+0000] {processor.py:186} INFO - Started process (PID=441) to work on /opt/airflow/dags/lab1.py
[2025-03-03T06:56:30.701+0000] {processor.py:914} INFO - Processing file /opt/airflow/dags/lab1.py for tasks to queue
[2025-03-03T06:56:30.716+0000] {logging_mixin.py:190} INFO - [2025-03-03T06:56:30.714+0000] {dagbag.py:587} INFO - Filling up the DagBag from /opt/airflow/dags/lab1.py
[2025-03-03T06:56:31.045+0000] {processor.py:925} INFO - DAG(s) 'lab1_dag' retrieved from /opt/airflow/dags/lab1.py
[2025-03-03T06:56:31.145+0000] {logging_mixin.py:190} INFO - [2025-03-03T06:56:31.144+0000] {dag.py:3229} INFO - Sync 1 DAGs
[2025-03-03T06:56:31.227+0000] {logging_mixin.py:190} INFO - [2025-03-03T06:56:31.227+0000] {dag.py:4156} INFO - Setting next_dagrun for lab1_dag to 2025-03-03 06:50:00+00:00, run_after=2025-03-03 06:55:00+00:00
[2025-03-03T06:56:31.269+0000] {processor.py:208} INFO - Processing /opt/airflow/dags/lab1.py took 0.603 seconds
[2025-03-03T06:57:55.032+0000] {processor.py:186} INFO - Started process (PID=252) to work on /opt/airflow/dags/lab1.py
[2025-03-03T06:57:55.035+0000] {processor.py:914} INFO - Processing file /opt/airflow/dags/lab1.py for tasks to queue
[2025-03-03T06:57:55.042+0000] {logging_mixin.py:190} INFO - [2025-03-03T06:57:55.041+0000] {dagbag.py:587} INFO - Filling up the DagBag from /opt/airflow/dags/lab1.py
[2025-03-03T06:57:55.467+0000] {processor.py:925} INFO - DAG(s) 'lab1_dag' retrieved from /opt/airflow/dags/lab1.py
[2025-03-03T06:57:55.554+0000] {logging_mixin.py:190} INFO - [2025-03-03T06:57:55.553+0000] {dag.py:3229} INFO - Sync 1 DAGs
[2025-03-03T06:57:55.649+0000] {logging_mixin.py:190} INFO - [2025-03-03T06:57:55.649+0000] {dag.py:4156} INFO - Setting next_dagrun for lab1_dag to 2025-03-03 06:50:00+00:00, run_after=2025-03-03 06:55:00+00:00
[2025-03-03T06:57:55.707+0000] {processor.py:208} INFO - Processing /opt/airflow/dags/lab1.py took 0.696 seconds
[2025-03-03T06:58:26.151+0000] {processor.py:186} INFO - Started process (PID=276) to work on /opt/airflow/dags/lab1.py
[2025-03-03T06:58:26.153+0000] {processor.py:914} INFO - Processing file /opt/airflow/dags/lab1.py for tasks to queue
[2025-03-03T06:58:26.161+0000] {logging_mixin.py:190} INFO - [2025-03-03T06:58:26.161+0000] {dagbag.py:587} INFO - Filling up the DagBag from /opt/airflow/dags/lab1.py
[2025-03-03T06:58:26.490+0000] {processor.py:925} INFO - DAG(s) 'lab1_dag' retrieved from /opt/airflow/dags/lab1.py
[2025-03-03T06:58:26.526+0000] {logging_mixin.py:190} INFO - [2025-03-03T06:58:26.525+0000] {dag.py:3229} INFO - Sync 1 DAGs
[2025-03-03T06:58:26.573+0000] {logging_mixin.py:190} INFO - [2025-03-03T06:58:26.573+0000] {dag.py:4156} INFO - Setting next_dagrun for lab1_dag to 2025-03-03 06:50:00+00:00, run_after=2025-03-03 06:55:00+00:00
[2025-03-03T06:58:26.596+0000] {processor.py:208} INFO - Processing /opt/airflow/dags/lab1.py took 0.465 seconds
[2025-03-03T06:58:56.722+0000] {processor.py:186} INFO - Started process (PID=292) to work on /opt/airflow/dags/lab1.py
[2025-03-03T06:58:56.723+0000] {processor.py:914} INFO - Processing file /opt/airflow/dags/lab1.py for tasks to queue
[2025-03-03T06:58:56.729+0000] {logging_mixin.py:190} INFO - [2025-03-03T06:58:56.728+0000] {dagbag.py:587} INFO - Filling up the DagBag from /opt/airflow/dags/lab1.py
[2025-03-03T06:58:56.921+0000] {processor.py:925} INFO - DAG(s) 'lab1_dag' retrieved from /opt/airflow/dags/lab1.py
[2025-03-03T06:58:57.090+0000] {logging_mixin.py:190} INFO - [2025-03-03T06:58:57.089+0000] {dag.py:3229} INFO - Sync 1 DAGs
[2025-03-03T06:58:57.121+0000] {logging_mixin.py:190} INFO - [2025-03-03T06:58:57.121+0000] {dag.py:4156} INFO - Setting next_dagrun for lab1_dag to 2025-03-03 06:50:00+00:00, run_after=2025-03-03 06:55:00+00:00
[2025-03-03T06:58:57.150+0000] {processor.py:208} INFO - Processing /opt/airflow/dags/lab1.py took 0.440 seconds
[2025-03-03T07:00:44.475+0000] {processor.py:186} INFO - Started process (PID=251) to work on /opt/airflow/dags/lab1.py
[2025-03-03T07:00:44.480+0000] {processor.py:914} INFO - Processing file /opt/airflow/dags/lab1.py for tasks to queue
[2025-03-03T07:00:44.499+0000] {logging_mixin.py:190} INFO - [2025-03-03T07:00:44.497+0000] {dagbag.py:587} INFO - Filling up the DagBag from /opt/airflow/dags/lab1.py
[2025-03-03T07:00:45.309+0000] {processor.py:925} INFO - DAG(s) 'lab1_dag' retrieved from /opt/airflow/dags/lab1.py
[2025-03-03T07:00:45.381+0000] {logging_mixin.py:190} INFO - [2025-03-03T07:00:45.381+0000] {dag.py:3229} INFO - Sync 1 DAGs
[2025-03-03T07:00:45.422+0000] {logging_mixin.py:190} INFO - [2025-03-03T07:00:45.422+0000] {dag.py:4156} INFO - Setting next_dagrun for lab1_dag to 2025-03-03 06:55:00+00:00, run_after=2025-03-03 07:00:00+00:00
[2025-03-03T07:00:45.577+0000] {processor.py:208} INFO - Processing /opt/airflow/dags/lab1.py took 1.115 seconds
[2025-03-03T07:01:16.585+0000] {processor.py:186} INFO - Started process (PID=282) to work on /opt/airflow/dags/lab1.py
[2025-03-03T07:01:16.587+0000] {processor.py:914} INFO - Processing file /opt/airflow/dags/lab1.py for tasks to queue
[2025-03-03T07:01:16.591+0000] {logging_mixin.py:190} INFO - [2025-03-03T07:01:16.591+0000] {dagbag.py:587} INFO - Filling up the DagBag from /opt/airflow/dags/lab1.py
[2025-03-03T07:01:16.962+0000] {processor.py:925} INFO - DAG(s) 'lab1_dag' retrieved from /opt/airflow/dags/lab1.py
[2025-03-03T07:01:17.029+0000] {logging_mixin.py:190} INFO - [2025-03-03T07:01:17.024+0000] {dag.py:3229} INFO - Sync 1 DAGs
[2025-03-03T07:01:17.441+0000] {logging_mixin.py:190} INFO - [2025-03-03T07:01:17.440+0000] {dag.py:4156} INFO - Setting next_dagrun for lab1_dag to 2025-03-03 06:55:00+00:00, run_after=2025-03-03 07:00:00+00:00
[2025-03-03T07:01:17.536+0000] {processor.py:208} INFO - Processing /opt/airflow/dags/lab1.py took 0.987 seconds
[2025-03-03T07:01:47.671+0000] {processor.py:186} INFO - Started process (PID=298) to work on /opt/airflow/dags/lab1.py
[2025-03-03T07:01:47.675+0000] {processor.py:914} INFO - Processing file /opt/airflow/dags/lab1.py for tasks to queue
[2025-03-03T07:01:47.678+0000] {logging_mixin.py:190} INFO - [2025-03-03T07:01:47.677+0000] {dagbag.py:587} INFO - Filling up the DagBag from /opt/airflow/dags/lab1.py
[2025-03-03T07:01:47.899+0000] {processor.py:925} INFO - DAG(s) 'lab1_dag' retrieved from /opt/airflow/dags/lab1.py
[2025-03-03T07:01:48.223+0000] {logging_mixin.py:190} INFO - [2025-03-03T07:01:48.223+0000] {dag.py:3229} INFO - Sync 1 DAGs
[2025-03-03T07:01:48.247+0000] {logging_mixin.py:190} INFO - [2025-03-03T07:01:48.247+0000] {dag.py:4156} INFO - Setting next_dagrun for lab1_dag to 2025-03-03 06:55:00+00:00, run_after=2025-03-03 07:00:00+00:00
[2025-03-03T07:01:48.268+0000] {processor.py:208} INFO - Processing /opt/airflow/dags/lab1.py took 0.622 seconds
[2025-03-03T07:02:18.432+0000] {processor.py:186} INFO - Started process (PID=314) to work on /opt/airflow/dags/lab1.py
[2025-03-03T07:02:18.433+0000] {processor.py:914} INFO - Processing file /opt/airflow/dags/lab1.py for tasks to queue
[2025-03-03T07:02:18.437+0000] {logging_mixin.py:190} INFO - [2025-03-03T07:02:18.437+0000] {dagbag.py:587} INFO - Filling up the DagBag from /opt/airflow/dags/lab1.py
[2025-03-03T07:02:18.700+0000] {processor.py:925} INFO - DAG(s) 'lab1_dag' retrieved from /opt/airflow/dags/lab1.py
[2025-03-03T07:02:18.738+0000] {logging_mixin.py:190} INFO - [2025-03-03T07:02:18.736+0000] {dag.py:3229} INFO - Sync 1 DAGs
[2025-03-03T07:02:18.799+0000] {logging_mixin.py:190} INFO - [2025-03-03T07:02:18.799+0000] {dag.py:4156} INFO - Setting next_dagrun for lab1_dag to 2025-03-03 06:55:00+00:00, run_after=2025-03-03 07:00:00+00:00
[2025-03-03T07:02:18.819+0000] {processor.py:208} INFO - Processing /opt/airflow/dags/lab1.py took 0.394 seconds
[2025-03-03T07:02:49.036+0000] {processor.py:186} INFO - Started process (PID=330) to work on /opt/airflow/dags/lab1.py
[2025-03-03T07:02:49.038+0000] {processor.py:914} INFO - Processing file /opt/airflow/dags/lab1.py for tasks to queue
[2025-03-03T07:02:49.041+0000] {logging_mixin.py:190} INFO - [2025-03-03T07:02:49.040+0000] {dagbag.py:587} INFO - Filling up the DagBag from /opt/airflow/dags/lab1.py
[2025-03-03T07:02:49.236+0000] {processor.py:925} INFO - DAG(s) 'lab1_dag' retrieved from /opt/airflow/dags/lab1.py
[2025-03-03T07:02:49.262+0000] {logging_mixin.py:190} INFO - [2025-03-03T07:02:49.262+0000] {dag.py:3229} INFO - Sync 1 DAGs
[2025-03-03T07:02:49.288+0000] {logging_mixin.py:190} INFO - [2025-03-03T07:02:49.288+0000] {dag.py:4156} INFO - Setting next_dagrun for lab1_dag to 2025-03-03 06:55:00+00:00, run_after=2025-03-03 07:00:00+00:00
[2025-03-03T07:02:49.327+0000] {processor.py:208} INFO - Processing /opt/airflow/dags/lab1.py took 0.297 seconds
[2025-03-03T07:03:19.606+0000] {processor.py:186} INFO - Started process (PID=340) to work on /opt/airflow/dags/lab1.py
[2025-03-03T07:03:19.614+0000] {processor.py:914} INFO - Processing file /opt/airflow/dags/lab1.py for tasks to queue
[2025-03-03T07:03:19.652+0000] {logging_mixin.py:190} INFO - [2025-03-03T07:03:19.650+0000] {dagbag.py:587} INFO - Filling up the DagBag from /opt/airflow/dags/lab1.py
[2025-03-03T07:03:20.015+0000] {processor.py:925} INFO - DAG(s) 'lab1_dag' retrieved from /opt/airflow/dags/lab1.py
[2025-03-03T07:03:20.276+0000] {logging_mixin.py:190} INFO - [2025-03-03T07:03:20.275+0000] {dag.py:3229} INFO - Sync 1 DAGs
[2025-03-03T07:03:20.351+0000] {logging_mixin.py:190} INFO - [2025-03-03T07:03:20.351+0000] {dag.py:4156} INFO - Setting next_dagrun for lab1_dag to 2025-03-03 06:55:00+00:00, run_after=2025-03-03 07:00:00+00:00
[2025-03-03T07:03:20.414+0000] {processor.py:208} INFO - Processing /opt/airflow/dags/lab1.py took 0.911 seconds
[2025-03-03T07:03:50.669+0000] {processor.py:186} INFO - Started process (PID=356) to work on /opt/airflow/dags/lab1.py
[2025-03-03T07:03:50.680+0000] {processor.py:914} INFO - Processing file /opt/airflow/dags/lab1.py for tasks to queue
[2025-03-03T07:03:50.731+0000] {logging_mixin.py:190} INFO - [2025-03-03T07:03:50.729+0000] {dagbag.py:587} INFO - Filling up the DagBag from /opt/airflow/dags/lab1.py
[2025-03-03T07:03:50.976+0000] {processor.py:925} INFO - DAG(s) 'lab1_dag' retrieved from /opt/airflow/dags/lab1.py
[2025-03-03T07:03:51.098+0000] {logging_mixin.py:190} INFO - [2025-03-03T07:03:51.097+0000] {dag.py:3229} INFO - Sync 1 DAGs
[2025-03-03T07:03:51.158+0000] {logging_mixin.py:190} INFO - [2025-03-03T07:03:51.158+0000] {dag.py:4156} INFO - Setting next_dagrun for lab1_dag to 2025-03-03 06:55:00+00:00, run_after=2025-03-03 07:00:00+00:00
[2025-03-03T07:03:51.178+0000] {processor.py:208} INFO - Processing /opt/airflow/dags/lab1.py took 0.517 seconds
[2025-03-03T07:07:06.449+0000] {processor.py:186} INFO - Started process (PID=245) to work on /opt/airflow/dags/lab1.py
[2025-03-03T07:07:06.451+0000] {processor.py:914} INFO - Processing file /opt/airflow/dags/lab1.py for tasks to queue
[2025-03-03T07:07:06.456+0000] {logging_mixin.py:190} INFO - [2025-03-03T07:07:06.455+0000] {dagbag.py:587} INFO - Filling up the DagBag from /opt/airflow/dags/lab1.py
[2025-03-03T07:07:06.806+0000] {processor.py:925} INFO - DAG(s) 'lab1_dag' retrieved from /opt/airflow/dags/lab1.py
[2025-03-03T07:07:07.009+0000] {logging_mixin.py:190} INFO - [2025-03-03T07:07:07.008+0000] {override.py:1900} INFO - Created Permission View: can read on DAG:lab1_dag
[2025-03-03T07:07:07.022+0000] {logging_mixin.py:190} INFO - [2025-03-03T07:07:07.022+0000] {override.py:1900} INFO - Created Permission View: can delete on DAG:lab1_dag
[2025-03-03T07:07:07.036+0000] {logging_mixin.py:190} INFO - [2025-03-03T07:07:07.036+0000] {override.py:1900} INFO - Created Permission View: can edit on DAG:lab1_dag
[2025-03-03T07:07:07.048+0000] {logging_mixin.py:190} INFO - [2025-03-03T07:07:07.047+0000] {override.py:1900} INFO - Created Permission View: can create on DAG Run:lab1_dag
[2025-03-03T07:07:07.058+0000] {logging_mixin.py:190} INFO - [2025-03-03T07:07:07.057+0000] {override.py:1900} INFO - Created Permission View: can read on DAG Run:lab1_dag
[2025-03-03T07:07:07.070+0000] {logging_mixin.py:190} INFO - [2025-03-03T07:07:07.069+0000] {override.py:1900} INFO - Created Permission View: can delete on DAG Run:lab1_dag
[2025-03-03T07:07:07.081+0000] {logging_mixin.py:190} INFO - [2025-03-03T07:07:07.080+0000] {override.py:1900} INFO - Created Permission View: menu access on DAG Run:lab1_dag
[2025-03-03T07:07:07.084+0000] {logging_mixin.py:190} INFO - [2025-03-03T07:07:07.083+0000] {dag.py:3229} INFO - Sync 1 DAGs
[2025-03-03T07:07:07.103+0000] {logging_mixin.py:190} INFO - [2025-03-03T07:07:07.102+0000] {dag.py:3252} INFO - Creating ORM DAG for lab1_dag
[2025-03-03T07:07:07.121+0000] {logging_mixin.py:190} INFO - [2025-03-03T07:07:07.120+0000] {dag.py:4156} INFO - Setting next_dagrun for lab1_dag to 2025-03-03 07:00:00+00:00, run_after=2025-03-03 07:05:00+00:00
[2025-03-03T07:07:07.150+0000] {processor.py:208} INFO - Processing /opt/airflow/dags/lab1.py took 0.713 seconds
[2025-03-03T07:07:37.398+0000] {processor.py:186} INFO - Started process (PID=280) to work on /opt/airflow/dags/lab1.py
[2025-03-03T07:07:37.412+0000] {processor.py:914} INFO - Processing file /opt/airflow/dags/lab1.py for tasks to queue
[2025-03-03T07:07:37.460+0000] {logging_mixin.py:190} INFO - [2025-03-03T07:07:37.455+0000] {dagbag.py:587} INFO - Filling up the DagBag from /opt/airflow/dags/lab1.py
[2025-03-03T07:07:38.421+0000] {processor.py:925} INFO - DAG(s) 'lab1_dag' retrieved from /opt/airflow/dags/lab1.py
[2025-03-03T07:07:38.647+0000] {logging_mixin.py:190} INFO - [2025-03-03T07:07:38.647+0000] {dag.py:3229} INFO - Sync 1 DAGs
[2025-03-03T07:07:38.688+0000] {logging_mixin.py:190} INFO - [2025-03-03T07:07:38.687+0000] {dag.py:4156} INFO - Setting next_dagrun for lab1_dag to 2025-03-03 07:00:00+00:00, run_after=2025-03-03 07:05:00+00:00
[2025-03-03T07:07:38.724+0000] {processor.py:208} INFO - Processing /opt/airflow/dags/lab1.py took 1.351 seconds
[2025-03-03T07:08:09.647+0000] {processor.py:186} INFO - Started process (PID=303) to work on /opt/airflow/dags/lab1.py
[2025-03-03T07:08:09.650+0000] {processor.py:914} INFO - Processing file /opt/airflow/dags/lab1.py for tasks to queue
[2025-03-03T07:08:09.665+0000] {logging_mixin.py:190} INFO - [2025-03-03T07:08:09.663+0000] {dagbag.py:587} INFO - Filling up the DagBag from /opt/airflow/dags/lab1.py
[2025-03-03T07:08:09.833+0000] {processor.py:925} INFO - DAG(s) 'lab1_dag' retrieved from /opt/airflow/dags/lab1.py
[2025-03-03T07:08:09.864+0000] {logging_mixin.py:190} INFO - [2025-03-03T07:08:09.864+0000] {dag.py:3229} INFO - Sync 1 DAGs
[2025-03-03T07:08:09.892+0000] {logging_mixin.py:190} INFO - [2025-03-03T07:08:09.892+0000] {dag.py:4156} INFO - Setting next_dagrun for lab1_dag to 2025-03-03 07:05:00+00:00, run_after=2025-03-03 07:10:00+00:00
[2025-03-03T07:08:09.912+0000] {processor.py:208} INFO - Processing /opt/airflow/dags/lab1.py took 0.286 seconds
[2025-03-03T07:08:40.089+0000] {processor.py:186} INFO - Started process (PID=319) to work on /opt/airflow/dags/lab1.py
[2025-03-03T07:08:40.090+0000] {processor.py:914} INFO - Processing file /opt/airflow/dags/lab1.py for tasks to queue
[2025-03-03T07:08:40.093+0000] {logging_mixin.py:190} INFO - [2025-03-03T07:08:40.093+0000] {dagbag.py:587} INFO - Filling up the DagBag from /opt/airflow/dags/lab1.py
[2025-03-03T07:08:40.257+0000] {processor.py:925} INFO - DAG(s) 'lab1_dag' retrieved from /opt/airflow/dags/lab1.py
[2025-03-03T07:08:40.283+0000] {logging_mixin.py:190} INFO - [2025-03-03T07:08:40.282+0000] {dag.py:3229} INFO - Sync 1 DAGs
[2025-03-03T07:08:40.311+0000] {logging_mixin.py:190} INFO - [2025-03-03T07:08:40.311+0000] {dag.py:4156} INFO - Setting next_dagrun for lab1_dag to 2025-03-03 07:05:00+00:00, run_after=2025-03-03 07:10:00+00:00
[2025-03-03T07:08:40.333+0000] {processor.py:208} INFO - Processing /opt/airflow/dags/lab1.py took 0.250 seconds
[2025-03-03T07:09:10.692+0000] {processor.py:186} INFO - Started process (PID=335) to work on /opt/airflow/dags/lab1.py
[2025-03-03T07:09:10.693+0000] {processor.py:914} INFO - Processing file /opt/airflow/dags/lab1.py for tasks to queue
[2025-03-03T07:09:10.695+0000] {logging_mixin.py:190} INFO - [2025-03-03T07:09:10.695+0000] {dagbag.py:587} INFO - Filling up the DagBag from /opt/airflow/dags/lab1.py
[2025-03-03T07:09:10.831+0000] {processor.py:925} INFO - DAG(s) 'lab1_dag' retrieved from /opt/airflow/dags/lab1.py
[2025-03-03T07:09:10.859+0000] {logging_mixin.py:190} INFO - [2025-03-03T07:09:10.858+0000] {dag.py:3229} INFO - Sync 1 DAGs
[2025-03-03T07:09:10.888+0000] {logging_mixin.py:190} INFO - [2025-03-03T07:09:10.887+0000] {dag.py:4156} INFO - Setting next_dagrun for lab1_dag to 2025-03-03 07:05:00+00:00, run_after=2025-03-03 07:10:00+00:00
[2025-03-03T07:09:10.914+0000] {processor.py:208} INFO - Processing /opt/airflow/dags/lab1.py took 0.228 seconds
[2025-03-03T07:09:41.097+0000] {processor.py:186} INFO - Started process (PID=356) to work on /opt/airflow/dags/lab1.py
[2025-03-03T07:09:41.105+0000] {processor.py:914} INFO - Processing file /opt/airflow/dags/lab1.py for tasks to queue
[2025-03-03T07:09:41.121+0000] {logging_mixin.py:190} INFO - [2025-03-03T07:09:41.120+0000] {dagbag.py:587} INFO - Filling up the DagBag from /opt/airflow/dags/lab1.py
[2025-03-03T07:09:41.688+0000] {processor.py:925} INFO - DAG(s) 'lab1_dag' retrieved from /opt/airflow/dags/lab1.py
[2025-03-03T07:09:41.899+0000] {logging_mixin.py:190} INFO - [2025-03-03T07:09:41.897+0000] {dag.py:3229} INFO - Sync 1 DAGs
[2025-03-03T07:09:41.968+0000] {logging_mixin.py:190} INFO - [2025-03-03T07:09:41.968+0000] {dag.py:4156} INFO - Setting next_dagrun for lab1_dag to 2025-03-03 07:05:00+00:00, run_after=2025-03-03 07:10:00+00:00
[2025-03-03T07:09:42.003+0000] {processor.py:208} INFO - Processing /opt/airflow/dags/lab1.py took 0.972 seconds
[2025-03-03T07:10:12.899+0000] {processor.py:186} INFO - Started process (PID=390) to work on /opt/airflow/dags/lab1.py
[2025-03-03T07:10:12.901+0000] {processor.py:914} INFO - Processing file /opt/airflow/dags/lab1.py for tasks to queue
[2025-03-03T07:10:12.903+0000] {logging_mixin.py:190} INFO - [2025-03-03T07:10:12.903+0000] {dagbag.py:587} INFO - Filling up the DagBag from /opt/airflow/dags/lab1.py
[2025-03-03T07:10:13.069+0000] {processor.py:925} INFO - DAG(s) 'lab1_dag' retrieved from /opt/airflow/dags/lab1.py
[2025-03-03T07:10:13.083+0000] {logging_mixin.py:190} INFO - [2025-03-03T07:10:13.082+0000] {dag.py:3229} INFO - Sync 1 DAGs
[2025-03-03T07:10:13.112+0000] {logging_mixin.py:190} INFO - [2025-03-03T07:10:13.112+0000] {dag.py:4156} INFO - Setting next_dagrun for lab1_dag to 2025-03-03 07:10:00+00:00, run_after=2025-03-03 07:15:00+00:00
[2025-03-03T07:10:13.135+0000] {processor.py:208} INFO - Processing /opt/airflow/dags/lab1.py took 0.241 seconds
[2025-03-03T07:10:43.363+0000] {processor.py:186} INFO - Started process (PID=406) to work on /opt/airflow/dags/lab1.py
[2025-03-03T07:10:43.365+0000] {processor.py:914} INFO - Processing file /opt/airflow/dags/lab1.py for tasks to queue
[2025-03-03T07:10:43.369+0000] {logging_mixin.py:190} INFO - [2025-03-03T07:10:43.369+0000] {dagbag.py:587} INFO - Filling up the DagBag from /opt/airflow/dags/lab1.py
[2025-03-03T07:10:43.524+0000] {processor.py:925} INFO - DAG(s) 'lab1_dag' retrieved from /opt/airflow/dags/lab1.py
[2025-03-03T07:10:43.660+0000] {logging_mixin.py:190} INFO - [2025-03-03T07:10:43.659+0000] {dag.py:3229} INFO - Sync 1 DAGs
[2025-03-03T07:10:43.687+0000] {logging_mixin.py:190} INFO - [2025-03-03T07:10:43.686+0000] {dag.py:4156} INFO - Setting next_dagrun for lab1_dag to 2025-03-03 07:10:00+00:00, run_after=2025-03-03 07:15:00+00:00
[2025-03-03T07:10:43.710+0000] {processor.py:208} INFO - Processing /opt/airflow/dags/lab1.py took 0.355 seconds
[2025-03-03T07:11:14.047+0000] {processor.py:186} INFO - Started process (PID=438) to work on /opt/airflow/dags/lab1.py
[2025-03-03T07:11:14.052+0000] {processor.py:914} INFO - Processing file /opt/airflow/dags/lab1.py for tasks to queue
[2025-03-03T07:11:14.071+0000] {logging_mixin.py:190} INFO - [2025-03-03T07:11:14.068+0000] {dagbag.py:587} INFO - Filling up the DagBag from /opt/airflow/dags/lab1.py
[2025-03-03T07:11:14.491+0000] {processor.py:925} INFO - DAG(s) 'lab1_dag' retrieved from /opt/airflow/dags/lab1.py
[2025-03-03T07:11:14.605+0000] {logging_mixin.py:190} INFO - [2025-03-03T07:11:14.605+0000] {dag.py:3229} INFO - Sync 1 DAGs
[2025-03-03T07:11:14.704+0000] {logging_mixin.py:190} INFO - [2025-03-03T07:11:14.704+0000] {dag.py:4156} INFO - Setting next_dagrun for lab1_dag to 2025-03-03 07:10:00+00:00, run_after=2025-03-03 07:15:00+00:00
[2025-03-03T07:11:14.754+0000] {processor.py:208} INFO - Processing /opt/airflow/dags/lab1.py took 0.737 seconds
[2025-03-03T07:11:45.211+0000] {processor.py:186} INFO - Started process (PID=458) to work on /opt/airflow/dags/lab1.py
[2025-03-03T07:11:45.212+0000] {processor.py:914} INFO - Processing file /opt/airflow/dags/lab1.py for tasks to queue
[2025-03-03T07:11:45.217+0000] {logging_mixin.py:190} INFO - [2025-03-03T07:11:45.216+0000] {dagbag.py:587} INFO - Filling up the DagBag from /opt/airflow/dags/lab1.py
[2025-03-03T07:11:45.406+0000] {processor.py:925} INFO - DAG(s) 'lab1_dag' retrieved from /opt/airflow/dags/lab1.py
[2025-03-03T07:11:45.428+0000] {logging_mixin.py:190} INFO - [2025-03-03T07:11:45.427+0000] {dag.py:3229} INFO - Sync 1 DAGs
[2025-03-03T07:11:45.510+0000] {logging_mixin.py:190} INFO - [2025-03-03T07:11:45.510+0000] {dag.py:4156} INFO - Setting next_dagrun for lab1_dag to 2025-03-03 07:10:00+00:00, run_after=2025-03-03 07:15:00+00:00
[2025-03-03T07:11:45.579+0000] {processor.py:208} INFO - Processing /opt/airflow/dags/lab1.py took 0.375 seconds
[2025-03-03T07:12:15.897+0000] {processor.py:186} INFO - Started process (PID=474) to work on /opt/airflow/dags/lab1.py
[2025-03-03T07:12:15.900+0000] {processor.py:914} INFO - Processing file /opt/airflow/dags/lab1.py for tasks to queue
[2025-03-03T07:12:15.909+0000] {logging_mixin.py:190} INFO - [2025-03-03T07:12:15.907+0000] {dagbag.py:587} INFO - Filling up the DagBag from /opt/airflow/dags/lab1.py
[2025-03-03T07:12:16.065+0000] {processor.py:925} INFO - DAG(s) 'lab1_dag' retrieved from /opt/airflow/dags/lab1.py
[2025-03-03T07:12:16.221+0000] {logging_mixin.py:190} INFO - [2025-03-03T07:12:16.220+0000] {dag.py:3229} INFO - Sync 1 DAGs
[2025-03-03T07:12:16.270+0000] {logging_mixin.py:190} INFO - [2025-03-03T07:12:16.269+0000] {dag.py:4156} INFO - Setting next_dagrun for lab1_dag to 2025-03-03 07:10:00+00:00, run_after=2025-03-03 07:15:00+00:00
[2025-03-03T07:12:16.330+0000] {processor.py:208} INFO - Processing /opt/airflow/dags/lab1.py took 0.456 seconds
[2025-03-03T07:12:46.649+0000] {processor.py:186} INFO - Started process (PID=491) to work on /opt/airflow/dags/lab1.py
[2025-03-03T07:12:46.651+0000] {processor.py:914} INFO - Processing file /opt/airflow/dags/lab1.py for tasks to queue
[2025-03-03T07:12:46.655+0000] {logging_mixin.py:190} INFO - [2025-03-03T07:12:46.655+0000] {dagbag.py:587} INFO - Filling up the DagBag from /opt/airflow/dags/lab1.py
[2025-03-03T07:12:46.877+0000] {processor.py:925} INFO - DAG(s) 'lab1_dag' retrieved from /opt/airflow/dags/lab1.py
[2025-03-03T07:12:46.908+0000] {logging_mixin.py:190} INFO - [2025-03-03T07:12:46.908+0000] {dag.py:3229} INFO - Sync 1 DAGs
[2025-03-03T07:12:46.957+0000] {logging_mixin.py:190} INFO - [2025-03-03T07:12:46.957+0000] {dag.py:4156} INFO - Setting next_dagrun for lab1_dag to 2025-03-03 07:10:00+00:00, run_after=2025-03-03 07:15:00+00:00
[2025-03-03T07:12:46.982+0000] {processor.py:208} INFO - Processing /opt/airflow/dags/lab1.py took 0.341 seconds
[2025-03-03T07:13:17.119+0000] {processor.py:186} INFO - Started process (PID=507) to work on /opt/airflow/dags/lab1.py
[2025-03-03T07:13:17.120+0000] {processor.py:914} INFO - Processing file /opt/airflow/dags/lab1.py for tasks to queue
[2025-03-03T07:13:17.124+0000] {logging_mixin.py:190} INFO - [2025-03-03T07:13:17.123+0000] {dagbag.py:587} INFO - Filling up the DagBag from /opt/airflow/dags/lab1.py
[2025-03-03T07:13:17.506+0000] {processor.py:925} INFO - DAG(s) 'lab1_dag' retrieved from /opt/airflow/dags/lab1.py
[2025-03-03T07:13:17.519+0000] {logging_mixin.py:190} INFO - [2025-03-03T07:13:17.519+0000] {dag.py:3229} INFO - Sync 1 DAGs
[2025-03-03T07:13:17.548+0000] {logging_mixin.py:190} INFO - [2025-03-03T07:13:17.547+0000] {dag.py:4156} INFO - Setting next_dagrun for lab1_dag to 2025-03-03 07:10:00+00:00, run_after=2025-03-03 07:15:00+00:00
[2025-03-03T07:13:17.605+0000] {processor.py:208} INFO - Processing /opt/airflow/dags/lab1.py took 0.497 seconds
[2025-03-03T07:13:47.836+0000] {processor.py:186} INFO - Started process (PID=523) to work on /opt/airflow/dags/lab1.py
[2025-03-03T07:13:47.838+0000] {processor.py:914} INFO - Processing file /opt/airflow/dags/lab1.py for tasks to queue
[2025-03-03T07:13:47.843+0000] {logging_mixin.py:190} INFO - [2025-03-03T07:13:47.842+0000] {dagbag.py:587} INFO - Filling up the DagBag from /opt/airflow/dags/lab1.py
[2025-03-03T07:13:47.996+0000] {processor.py:925} INFO - DAG(s) 'lab1_dag' retrieved from /opt/airflow/dags/lab1.py
[2025-03-03T07:13:48.103+0000] {logging_mixin.py:190} INFO - [2025-03-03T07:13:48.103+0000] {dag.py:3229} INFO - Sync 1 DAGs
[2025-03-03T07:13:48.133+0000] {logging_mixin.py:190} INFO - [2025-03-03T07:13:48.133+0000] {dag.py:4156} INFO - Setting next_dagrun for lab1_dag to 2025-03-03 07:10:00+00:00, run_after=2025-03-03 07:15:00+00:00
[2025-03-03T07:13:48.170+0000] {processor.py:208} INFO - Processing /opt/airflow/dags/lab1.py took 0.352 seconds
[2025-03-03T07:14:18.505+0000] {processor.py:186} INFO - Started process (PID=539) to work on /opt/airflow/dags/lab1.py
[2025-03-03T07:14:18.507+0000] {processor.py:914} INFO - Processing file /opt/airflow/dags/lab1.py for tasks to queue
[2025-03-03T07:14:18.510+0000] {logging_mixin.py:190} INFO - [2025-03-03T07:14:18.509+0000] {dagbag.py:587} INFO - Filling up the DagBag from /opt/airflow/dags/lab1.py
[2025-03-03T07:14:18.676+0000] {processor.py:925} INFO - DAG(s) 'lab1_dag' retrieved from /opt/airflow/dags/lab1.py
[2025-03-03T07:14:18.705+0000] {logging_mixin.py:190} INFO - [2025-03-03T07:14:18.704+0000] {dag.py:3229} INFO - Sync 1 DAGs
[2025-03-03T07:14:18.750+0000] {logging_mixin.py:190} INFO - [2025-03-03T07:14:18.750+0000] {dag.py:4156} INFO - Setting next_dagrun for lab1_dag to 2025-03-03 07:10:00+00:00, run_after=2025-03-03 07:15:00+00:00
[2025-03-03T07:14:18.790+0000] {processor.py:208} INFO - Processing /opt/airflow/dags/lab1.py took 0.292 seconds
[2025-03-03T07:14:49.356+0000] {processor.py:186} INFO - Started process (PID=555) to work on /opt/airflow/dags/lab1.py
[2025-03-03T07:14:49.357+0000] {processor.py:914} INFO - Processing file /opt/airflow/dags/lab1.py for tasks to queue
[2025-03-03T07:14:49.360+0000] {logging_mixin.py:190} INFO - [2025-03-03T07:14:49.359+0000] {dagbag.py:587} INFO - Filling up the DagBag from /opt/airflow/dags/lab1.py
[2025-03-03T07:14:49.506+0000] {processor.py:925} INFO - DAG(s) 'lab1_dag' retrieved from /opt/airflow/dags/lab1.py
[2025-03-03T07:14:49.519+0000] {logging_mixin.py:190} INFO - [2025-03-03T07:14:49.518+0000] {dag.py:3229} INFO - Sync 1 DAGs
[2025-03-03T07:14:49.547+0000] {logging_mixin.py:190} INFO - [2025-03-03T07:14:49.546+0000] {dag.py:4156} INFO - Setting next_dagrun for lab1_dag to 2025-03-03 07:10:00+00:00, run_after=2025-03-03 07:15:00+00:00
[2025-03-03T07:14:49.567+0000] {processor.py:208} INFO - Processing /opt/airflow/dags/lab1.py took 0.219 seconds
[2025-03-03T07:15:20.183+0000] {processor.py:186} INFO - Started process (PID=593) to work on /opt/airflow/dags/lab1.py
[2025-03-03T07:15:20.185+0000] {processor.py:914} INFO - Processing file /opt/airflow/dags/lab1.py for tasks to queue
[2025-03-03T07:15:20.188+0000] {logging_mixin.py:190} INFO - [2025-03-03T07:15:20.188+0000] {dagbag.py:587} INFO - Filling up the DagBag from /opt/airflow/dags/lab1.py
[2025-03-03T07:15:20.380+0000] {processor.py:925} INFO - DAG(s) 'lab1_dag' retrieved from /opt/airflow/dags/lab1.py
[2025-03-03T07:15:20.546+0000] {logging_mixin.py:190} INFO - [2025-03-03T07:15:20.546+0000] {dag.py:3229} INFO - Sync 1 DAGs
[2025-03-03T07:15:20.577+0000] {logging_mixin.py:190} INFO - [2025-03-03T07:15:20.577+0000] {dag.py:4156} INFO - Setting next_dagrun for lab1_dag to 2025-03-03 07:15:00+00:00, run_after=2025-03-03 07:20:00+00:00
[2025-03-03T07:15:20.606+0000] {processor.py:208} INFO - Processing /opt/airflow/dags/lab1.py took 0.430 seconds
[2025-03-03T07:15:50.727+0000] {processor.py:186} INFO - Started process (PID=609) to work on /opt/airflow/dags/lab1.py
[2025-03-03T07:15:50.728+0000] {processor.py:914} INFO - Processing file /opt/airflow/dags/lab1.py for tasks to queue
[2025-03-03T07:15:50.732+0000] {logging_mixin.py:190} INFO - [2025-03-03T07:15:50.731+0000] {dagbag.py:587} INFO - Filling up the DagBag from /opt/airflow/dags/lab1.py
[2025-03-03T07:15:50.939+0000] {processor.py:925} INFO - DAG(s) 'lab1_dag' retrieved from /opt/airflow/dags/lab1.py
[2025-03-03T07:15:50.970+0000] {logging_mixin.py:190} INFO - [2025-03-03T07:15:50.969+0000] {dag.py:3229} INFO - Sync 1 DAGs
[2025-03-03T07:15:51.004+0000] {logging_mixin.py:190} INFO - [2025-03-03T07:15:51.003+0000] {dag.py:4156} INFO - Setting next_dagrun for lab1_dag to 2025-03-03 07:15:00+00:00, run_after=2025-03-03 07:20:00+00:00
[2025-03-03T07:15:51.034+0000] {processor.py:208} INFO - Processing /opt/airflow/dags/lab1.py took 0.320 seconds
[2025-03-03T07:16:21.147+0000] {processor.py:186} INFO - Started process (PID=625) to work on /opt/airflow/dags/lab1.py
[2025-03-03T07:16:21.148+0000] {processor.py:914} INFO - Processing file /opt/airflow/dags/lab1.py for tasks to queue
[2025-03-03T07:16:21.151+0000] {logging_mixin.py:190} INFO - [2025-03-03T07:16:21.151+0000] {dagbag.py:587} INFO - Filling up the DagBag from /opt/airflow/dags/lab1.py
[2025-03-03T07:16:21.293+0000] {processor.py:925} INFO - DAG(s) 'lab1_dag' retrieved from /opt/airflow/dags/lab1.py
[2025-03-03T07:16:21.304+0000] {logging_mixin.py:190} INFO - [2025-03-03T07:16:21.304+0000] {dag.py:3229} INFO - Sync 1 DAGs
[2025-03-03T07:16:21.333+0000] {logging_mixin.py:190} INFO - [2025-03-03T07:16:21.333+0000] {dag.py:4156} INFO - Setting next_dagrun for lab1_dag to 2025-03-03 07:15:00+00:00, run_after=2025-03-03 07:20:00+00:00
[2025-03-03T07:16:21.355+0000] {processor.py:208} INFO - Processing /opt/airflow/dags/lab1.py took 0.215 seconds
[2025-03-03T07:16:52.761+0000] {processor.py:186} INFO - Started process (PID=641) to work on /opt/airflow/dags/lab1.py
[2025-03-03T07:16:52.762+0000] {processor.py:914} INFO - Processing file /opt/airflow/dags/lab1.py for tasks to queue
[2025-03-03T07:16:52.766+0000] {logging_mixin.py:190} INFO - [2025-03-03T07:16:52.765+0000] {dagbag.py:587} INFO - Filling up the DagBag from /opt/airflow/dags/lab1.py
[2025-03-03T07:16:52.929+0000] {processor.py:925} INFO - DAG(s) 'lab1_dag' retrieved from /opt/airflow/dags/lab1.py
[2025-03-03T07:16:53.064+0000] {logging_mixin.py:190} INFO - [2025-03-03T07:16:53.063+0000] {dag.py:3229} INFO - Sync 1 DAGs
[2025-03-03T07:16:53.093+0000] {logging_mixin.py:190} INFO - [2025-03-03T07:16:53.093+0000] {dag.py:4156} INFO - Setting next_dagrun for lab1_dag to 2025-03-03 07:15:00+00:00, run_after=2025-03-03 07:20:00+00:00
[2025-03-03T07:16:53.120+0000] {processor.py:208} INFO - Processing /opt/airflow/dags/lab1.py took 0.369 seconds
[2025-03-03T07:17:25.245+0000] {processor.py:186} INFO - Started process (PID=657) to work on /opt/airflow/dags/lab1.py
[2025-03-03T07:17:25.247+0000] {processor.py:914} INFO - Processing file /opt/airflow/dags/lab1.py for tasks to queue
[2025-03-03T07:17:25.250+0000] {logging_mixin.py:190} INFO - [2025-03-03T07:17:25.250+0000] {dagbag.py:587} INFO - Filling up the DagBag from /opt/airflow/dags/lab1.py
[2025-03-03T07:17:25.420+0000] {processor.py:925} INFO - DAG(s) 'lab1_dag' retrieved from /opt/airflow/dags/lab1.py
[2025-03-03T07:17:25.451+0000] {logging_mixin.py:190} INFO - [2025-03-03T07:17:25.450+0000] {dag.py:3229} INFO - Sync 1 DAGs
[2025-03-03T07:17:25.485+0000] {logging_mixin.py:190} INFO - [2025-03-03T07:17:25.484+0000] {dag.py:4156} INFO - Setting next_dagrun for lab1_dag to 2025-03-03 07:15:00+00:00, run_after=2025-03-03 07:20:00+00:00
[2025-03-03T07:17:25.515+0000] {processor.py:208} INFO - Processing /opt/airflow/dags/lab1.py took 0.278 seconds
[2025-03-03T07:17:56.711+0000] {processor.py:186} INFO - Started process (PID=673) to work on /opt/airflow/dags/lab1.py
[2025-03-03T07:17:56.713+0000] {processor.py:914} INFO - Processing file /opt/airflow/dags/lab1.py for tasks to queue
[2025-03-03T07:17:56.717+0000] {logging_mixin.py:190} INFO - [2025-03-03T07:17:56.716+0000] {dagbag.py:587} INFO - Filling up the DagBag from /opt/airflow/dags/lab1.py
[2025-03-03T07:17:56.928+0000] {processor.py:925} INFO - DAG(s) 'lab1_dag' retrieved from /opt/airflow/dags/lab1.py
[2025-03-03T07:17:56.945+0000] {logging_mixin.py:190} INFO - [2025-03-03T07:17:56.944+0000] {dag.py:3229} INFO - Sync 1 DAGs
[2025-03-03T07:17:56.983+0000] {logging_mixin.py:190} INFO - [2025-03-03T07:17:56.983+0000] {dag.py:4156} INFO - Setting next_dagrun for lab1_dag to 2025-03-03 07:15:00+00:00, run_after=2025-03-03 07:20:00+00:00
[2025-03-03T07:17:57.008+0000] {processor.py:208} INFO - Processing /opt/airflow/dags/lab1.py took 0.307 seconds
[2025-03-03T07:18:28.202+0000] {processor.py:186} INFO - Started process (PID=689) to work on /opt/airflow/dags/lab1.py
[2025-03-03T07:18:28.203+0000] {processor.py:914} INFO - Processing file /opt/airflow/dags/lab1.py for tasks to queue
[2025-03-03T07:18:28.207+0000] {logging_mixin.py:190} INFO - [2025-03-03T07:18:28.206+0000] {dagbag.py:587} INFO - Filling up the DagBag from /opt/airflow/dags/lab1.py
[2025-03-03T07:18:28.354+0000] {processor.py:925} INFO - DAG(s) 'lab1_dag' retrieved from /opt/airflow/dags/lab1.py
[2025-03-03T07:18:28.490+0000] {logging_mixin.py:190} INFO - [2025-03-03T07:18:28.490+0000] {dag.py:3229} INFO - Sync 1 DAGs
[2025-03-03T07:18:28.516+0000] {logging_mixin.py:190} INFO - [2025-03-03T07:18:28.516+0000] {dag.py:4156} INFO - Setting next_dagrun for lab1_dag to 2025-03-03 07:15:00+00:00, run_after=2025-03-03 07:20:00+00:00
[2025-03-03T07:18:28.537+0000] {processor.py:208} INFO - Processing /opt/airflow/dags/lab1.py took 0.341 seconds
[2025-03-03T07:19:00.091+0000] {processor.py:186} INFO - Started process (PID=705) to work on /opt/airflow/dags/lab1.py
[2025-03-03T07:19:00.092+0000] {processor.py:914} INFO - Processing file /opt/airflow/dags/lab1.py for tasks to queue
[2025-03-03T07:19:00.096+0000] {logging_mixin.py:190} INFO - [2025-03-03T07:19:00.095+0000] {dagbag.py:587} INFO - Filling up the DagBag from /opt/airflow/dags/lab1.py
[2025-03-03T07:19:00.257+0000] {processor.py:925} INFO - DAG(s) 'lab1_dag' retrieved from /opt/airflow/dags/lab1.py
[2025-03-03T07:19:00.283+0000] {logging_mixin.py:190} INFO - [2025-03-03T07:19:00.282+0000] {dag.py:3229} INFO - Sync 1 DAGs
[2025-03-03T07:19:00.311+0000] {logging_mixin.py:190} INFO - [2025-03-03T07:19:00.311+0000] {dag.py:4156} INFO - Setting next_dagrun for lab1_dag to 2025-03-03 07:15:00+00:00, run_after=2025-03-03 07:20:00+00:00
[2025-03-03T07:19:00.333+0000] {processor.py:208} INFO - Processing /opt/airflow/dags/lab1.py took 0.248 seconds
[2025-03-03T07:19:31.773+0000] {processor.py:186} INFO - Started process (PID=721) to work on /opt/airflow/dags/lab1.py
[2025-03-03T07:19:31.774+0000] {processor.py:914} INFO - Processing file /opt/airflow/dags/lab1.py for tasks to queue
[2025-03-03T07:19:31.779+0000] {logging_mixin.py:190} INFO - [2025-03-03T07:19:31.779+0000] {dagbag.py:587} INFO - Filling up the DagBag from /opt/airflow/dags/lab1.py
[2025-03-03T07:19:31.954+0000] {processor.py:925} INFO - DAG(s) 'lab1_dag' retrieved from /opt/airflow/dags/lab1.py
[2025-03-03T07:19:31.970+0000] {logging_mixin.py:190} INFO - [2025-03-03T07:19:31.969+0000] {dag.py:3229} INFO - Sync 1 DAGs
[2025-03-03T07:19:32.006+0000] {logging_mixin.py:190} INFO - [2025-03-03T07:19:32.006+0000] {dag.py:4156} INFO - Setting next_dagrun for lab1_dag to 2025-03-03 07:15:00+00:00, run_after=2025-03-03 07:20:00+00:00
[2025-03-03T07:19:32.033+0000] {processor.py:208} INFO - Processing /opt/airflow/dags/lab1.py took 0.269 seconds
