[2025-03-03T07:15:11.565+0000] {local_task_job_runner.py:123} INFO - ::group::Pre task execution logs
[2025-03-03T07:15:11.600+0000] {taskinstance.py:2612} INFO - Dependencies all met for dep_context=non-requeueable deps ti=<TaskInstance: ml_dag.train scheduled__2025-03-03T07:10:00+00:00 [queued]>
[2025-03-03T07:15:11.632+0000] {taskinstance.py:2612} INFO - Dependencies all met for dep_context=requeueable deps ti=<TaskInstance: ml_dag.train scheduled__2025-03-03T07:10:00+00:00 [queued]>
[2025-03-03T07:15:11.634+0000] {taskinstance.py:2865} INFO - Starting attempt 1 of 1
[2025-03-03T07:15:11.662+0000] {taskinstance.py:2888} INFO - Executing <Task(_PythonDecoratedOperator): train> on 2025-03-03 07:10:00+00:00
[2025-03-03T07:15:11.690+0000] {logging_mixin.py:190} WARNING - /home/***/.local/lib/python3.12/site-packages/***/task/task_runner/standard_task_runner.py:70 DeprecationWarning: This process (pid=560) is multi-threaded, use of fork() may lead to deadlocks in the child.
[2025-03-03T07:15:11.689+0000] {standard_task_runner.py:104} INFO - Running: ['***', 'tasks', 'run', 'ml_dag', 'train', 'scheduled__2025-03-03T07:10:00+00:00', '--job-id', '12', '--raw', '--subdir', 'DAGS_FOLDER/test.py', '--cfg-path', '/tmp/tmpe81itom8']
[2025-03-03T07:15:11.692+0000] {standard_task_runner.py:72} INFO - Started process 589 to run task
[2025-03-03T07:15:11.692+0000] {standard_task_runner.py:105} INFO - Job 12: Subtask train
[2025-03-03T07:15:11.783+0000] {task_command.py:467} INFO - Running <TaskInstance: ml_dag.train scheduled__2025-03-03T07:10:00+00:00 [running]> on host 57f235e0432a
[2025-03-03T07:15:11.947+0000] {taskinstance.py:3131} INFO - Exporting env vars: AIRFLOW_CTX_DAG_OWNER='***' AIRFLOW_CTX_DAG_ID='ml_dag' AIRFLOW_CTX_TASK_ID='train' AIRFLOW_CTX_EXECUTION_DATE='2025-03-03T07:10:00+00:00' AIRFLOW_CTX_TRY_NUMBER='1' AIRFLOW_CTX_DAG_RUN_ID='scheduled__2025-03-03T07:10:00+00:00'
[2025-03-03T07:15:11.949+0000] {taskinstance.py:731} INFO - ::endgroup::
[2025-03-03T07:15:12.679+0000] {cursor.py:1156} INFO - Number of results in first chunk: 1
[2025-03-03T07:17:08.143+0000] {cursor.py:1156} INFO - Number of results in first chunk: 1
[2025-03-03T07:17:09.908+0000] {cursor.py:1156} INFO - Number of results in first chunk: 14
[2025-03-03T07:17:09.909+0000] {python.py:240} INFO - Done. Returned value was: None
[2025-03-03T07:17:09.921+0000] {taskinstance.py:340} INFO - ::group::Post task execution logs
[2025-03-03T07:17:09.922+0000] {taskinstance.py:352} INFO - Marking task as SUCCESS. dag_id=ml_dag, task_id=train, run_id=scheduled__2025-03-03T07:10:00+00:00, execution_date=20250303T071000, start_date=20250303T071511, end_date=20250303T071709
[2025-03-03T07:17:09.954+0000] {local_task_job_runner.py:266} INFO - Task exited with return code 0
[2025-03-03T07:17:09.970+0000] {taskinstance.py:3900} INFO - 0 downstream tasks scheduled from follow-on schedule check
[2025-03-03T07:17:09.973+0000] {local_task_job_runner.py:245} INFO - ::endgroup::
