[2025-03-03T07:11:14.037+0000] {local_task_job_runner.py:123} INFO - ::group::Pre task execution logs
[2025-03-03T07:11:14.062+0000] {taskinstance.py:2612} INFO - Dependencies all met for dep_context=non-requeueable deps ti=<TaskInstance: ml_dag.train manual__2025-03-03T07:11:09.077996+00:00 [queued]>
[2025-03-03T07:11:14.074+0000] {taskinstance.py:2612} INFO - Dependencies all met for dep_context=requeueable deps ti=<TaskInstance: ml_dag.train manual__2025-03-03T07:11:09.077996+00:00 [queued]>
[2025-03-03T07:11:14.075+0000] {taskinstance.py:2865} INFO - Starting attempt 1 of 1
[2025-03-03T07:11:14.095+0000] {taskinstance.py:2888} INFO - Executing <Task(_PythonDecoratedOperator): train> on 2025-03-03 07:11:09.077996+00:00
[2025-03-03T07:11:14.110+0000] {logging_mixin.py:190} WARNING - /home/***/.local/lib/python3.12/site-packages/***/task/task_runner/standard_task_runner.py:70 DeprecationWarning: This process (pid=428) is multi-threaded, use of fork() may lead to deadlocks in the child.
[2025-03-03T07:11:14.110+0000] {standard_task_runner.py:104} INFO - Running: ['***', 'tasks', 'run', 'ml_dag', 'train', 'manual__2025-03-03T07:11:09.077996+00:00', '--job-id', '9', '--raw', '--subdir', 'DAGS_FOLDER/test.py', '--cfg-path', '/tmp/tmprhlkp5z_']
[2025-03-03T07:11:14.112+0000] {standard_task_runner.py:72} INFO - Started process 442 to run task
[2025-03-03T07:11:14.113+0000] {standard_task_runner.py:105} INFO - Job 9: Subtask train
[2025-03-03T07:11:14.173+0000] {task_command.py:467} INFO - Running <TaskInstance: ml_dag.train manual__2025-03-03T07:11:09.077996+00:00 [running]> on host 57f235e0432a
[2025-03-03T07:11:14.265+0000] {taskinstance.py:3131} INFO - Exporting env vars: AIRFLOW_CTX_DAG_OWNER='***' AIRFLOW_CTX_DAG_ID='ml_dag' AIRFLOW_CTX_TASK_ID='train' AIRFLOW_CTX_EXECUTION_DATE='2025-03-03T07:11:09.077996+00:00' AIRFLOW_CTX_TRY_NUMBER='1' AIRFLOW_CTX_DAG_RUN_ID='manual__2025-03-03T07:11:09.077996+00:00'
[2025-03-03T07:11:14.278+0000] {taskinstance.py:731} INFO - ::endgroup::
[2025-03-03T07:11:14.860+0000] {cursor.py:1156} INFO - Number of results in first chunk: 1
[2025-03-03T07:13:15.879+0000] {cursor.py:1156} INFO - Number of results in first chunk: 1
[2025-03-03T07:13:17.680+0000] {cursor.py:1156} INFO - Number of results in first chunk: 14
[2025-03-03T07:13:17.688+0000] {python.py:240} INFO - Done. Returned value was: None
[2025-03-03T07:13:17.926+0000] {taskinstance.py:340} INFO - ::group::Post task execution logs
[2025-03-03T07:13:17.930+0000] {taskinstance.py:352} INFO - Marking task as SUCCESS. dag_id=ml_dag, task_id=train, run_id=manual__2025-03-03T07:11:09.077996+00:00, execution_date=20250303T071109, start_date=20250303T071114, end_date=20250303T071317
[2025-03-03T07:13:18.061+0000] {local_task_job_runner.py:266} INFO - Task exited with return code 0
[2025-03-03T07:13:18.154+0000] {taskinstance.py:3900} INFO - 0 downstream tasks scheduled from follow-on schedule check
[2025-03-03T07:13:18.157+0000] {local_task_job_runner.py:245} INFO - ::endgroup::
