[2025-04-24T02:05:13.136+0000] {local_task_job_runner.py:123} INFO - ::group::Pre task execution logs
[2025-04-24T02:05:13.166+0000] {taskinstance.py:2612} INFO - Dependencies all met for dep_context=non-requeueable deps ti=<TaskInstance: build_crypto_dbt.dbt_run manual__2025-04-24T02:05:10.728326+00:00 [queued]>
[2025-04-24T02:05:13.186+0000] {taskinstance.py:2612} INFO - Dependencies all met for dep_context=requeueable deps ti=<TaskInstance: build_crypto_dbt.dbt_run manual__2025-04-24T02:05:10.728326+00:00 [queued]>
[2025-04-24T02:05:13.187+0000] {taskinstance.py:2865} INFO - Starting attempt 1 of 1
[2025-04-24T02:05:13.212+0000] {taskinstance.py:2888} INFO - Executing <Task(BashOperator): dbt_run> on 2025-04-24 02:05:10.728326+00:00
[2025-04-24T02:05:13.230+0000] {standard_task_runner.py:104} INFO - Running: ['***', 'tasks', 'run', 'build_crypto_dbt', 'dbt_run', 'manual__2025-04-24T02:05:10.728326+00:00', '--job-id', '25', '--raw', '--subdir', 'DAGS_FOLDER/build_crypto_dbt.py', '--cfg-path', '/tmp/tmpycq96a64']
[2025-04-24T02:05:13.235+0000] {standard_task_runner.py:105} INFO - Job 25: Subtask dbt_run
[2025-04-24T02:05:13.234+0000] {logging_mixin.py:190} WARNING - /home/***/.local/lib/python3.12/site-packages/***/task/task_runner/standard_task_runner.py:70 DeprecationWarning: This process (pid=336) is multi-threaded, use of fork() may lead to deadlocks in the child.
[2025-04-24T02:05:13.236+0000] {standard_task_runner.py:72} INFO - Started process 337 to run task
[2025-04-24T02:05:13.338+0000] {task_command.py:467} INFO - Running <TaskInstance: build_crypto_dbt.dbt_run manual__2025-04-24T02:05:10.728326+00:00 [running]> on host 09ab332ca4a7
[2025-04-24T02:05:13.533+0000] {taskinstance.py:3131} INFO - Exporting env vars: AIRFLOW_CTX_DAG_OWNER='***' AIRFLOW_CTX_DAG_ID='build_crypto_dbt' AIRFLOW_CTX_TASK_ID='dbt_run' AIRFLOW_CTX_EXECUTION_DATE='2025-04-24T02:05:10.728326+00:00' AIRFLOW_CTX_TRY_NUMBER='1' AIRFLOW_CTX_DAG_RUN_ID='manual__2025-04-24T02:05:10.728326+00:00'
[2025-04-24T02:05:13.535+0000] {taskinstance.py:731} INFO - ::endgroup::
[2025-04-24T02:05:13.608+0000] {subprocess.py:63} INFO - Tmp dir root location: /tmp
[2025-04-24T02:05:13.614+0000] {subprocess.py:75} INFO - Running command: ['/usr/bin/bash', '-c', '/home/***/.local/bin/dbt run --profiles-dir /opt/***/build_crypto --project-dir /opt/***/build_crypto']
[2025-04-24T02:05:13.630+0000] {subprocess.py:86} INFO - Output:
[2025-04-24T02:05:18.122+0000] {subprocess.py:93} INFO - [0m02:05:18  Running with dbt=1.5.5
[2025-04-24T02:05:19.979+0000] {subprocess.py:93} INFO - [0m02:05:19  Registered adapter: snowflake=1.5.5
[2025-04-24T02:05:20.255+0000] {subprocess.py:93} INFO - [0m02:05:20  Found 3 models, 0 tests, 1 snapshot, 0 analyses, 322 macros, 0 operations, 0 seed files, 3 sources, 0 exposures, 0 metrics, 0 groups
[2025-04-24T02:05:20.257+0000] {subprocess.py:93} INFO - [0m02:05:20
[2025-04-24T02:05:21.759+0000] {subprocess.py:93} INFO - [0m02:05:21  Concurrency: 1 threads (target='dev')
[2025-04-24T02:05:21.760+0000] {subprocess.py:93} INFO - [0m02:05:21
[2025-04-24T02:05:21.900+0000] {subprocess.py:93} INFO - [0m02:05:21  1 of 1 START sql table model analytics.crypto_summary .......................... [RUN]
[2025-04-24T02:05:23.157+0000] {subprocess.py:93} INFO - [0m02:05:23  1 of 1 OK created sql table model analytics.crypto_summary ..................... [[32mSUCCESS 1[0m in 1.25s]
[2025-04-24T02:05:23.166+0000] {subprocess.py:93} INFO - [0m02:05:23
[2025-04-24T02:05:23.167+0000] {subprocess.py:93} INFO - [0m02:05:23  Finished running 1 table model in 0 hours 0 minutes and 2.91 seconds (2.91s).
[2025-04-24T02:05:23.218+0000] {subprocess.py:93} INFO - [0m02:05:23
[2025-04-24T02:05:23.224+0000] {subprocess.py:93} INFO - [0m02:05:23  [32mCompleted successfully[0m
[2025-04-24T02:05:23.226+0000] {subprocess.py:93} INFO - [0m02:05:23
[2025-04-24T02:05:23.227+0000] {subprocess.py:93} INFO - [0m02:05:23  Done. PASS=1 WARN=0 ERROR=0 SKIP=0 TOTAL=1
[2025-04-24T02:05:24.051+0000] {subprocess.py:97} INFO - Command exited with return code 0
[2025-04-24T02:05:24.091+0000] {taskinstance.py:340} INFO - ::group::Post task execution logs
[2025-04-24T02:05:24.092+0000] {taskinstance.py:352} INFO - Marking task as SUCCESS. dag_id=build_crypto_dbt, task_id=dbt_run, run_id=manual__2025-04-24T02:05:10.728326+00:00, execution_date=20250424T020510, start_date=20250424T020513, end_date=20250424T020524
[2025-04-24T02:05:24.158+0000] {local_task_job_runner.py:266} INFO - Task exited with return code 0
[2025-04-24T02:05:24.169+0000] {local_task_job_runner.py:245} INFO - ::endgroup::
