[2025-03-03T07:10:06.256+0000] {local_task_job_runner.py:123} INFO - ::group::Pre task execution logs
[2025-03-03T07:10:06.281+0000] {taskinstance.py:2612} INFO - Dependencies all met for dep_context=non-requeueable deps ti=<TaskInstance: lab1_dag.extract scheduled__2025-03-03T07:05:00+00:00 [queued]>
[2025-03-03T07:10:06.291+0000] {taskinstance.py:2612} INFO - Dependencies all met for dep_context=requeueable deps ti=<TaskInstance: lab1_dag.extract scheduled__2025-03-03T07:05:00+00:00 [queued]>
[2025-03-03T07:10:06.292+0000] {taskinstance.py:2865} INFO - Starting attempt 1 of 1
[2025-03-03T07:10:06.306+0000] {taskinstance.py:2888} INFO - Executing <Task(_PythonDecoratedOperator): extract> on 2025-03-03 07:05:00+00:00
[2025-03-03T07:10:06.334+0000] {logging_mixin.py:190} WARNING - /home/***/.local/lib/python3.12/site-packages/***/task/task_runner/standard_task_runner.py:70 DeprecationWarning: This process (pid=371) is multi-threaded, use of fork() may lead to deadlocks in the child.
[2025-03-03T07:10:06.346+0000] {standard_task_runner.py:104} INFO - Running: ['***', 'tasks', 'run', 'lab1_dag', 'extract', 'scheduled__2025-03-03T07:05:00+00:00', '--job-id', '5', '--raw', '--subdir', 'DAGS_FOLDER/test.py', '--cfg-path', '/tmp/tmpsy68rhnd']
[2025-03-03T07:10:06.348+0000] {standard_task_runner.py:72} INFO - Started process 381 to run task
[2025-03-03T07:10:06.348+0000] {standard_task_runner.py:105} INFO - Job 5: Subtask extract
[2025-03-03T07:10:06.636+0000] {task_command.py:467} INFO - Running <TaskInstance: lab1_dag.extract scheduled__2025-03-03T07:05:00+00:00 [running]> on host 57f235e0432a
[2025-03-03T07:10:06.952+0000] {taskinstance.py:3131} INFO - Exporting env vars: AIRFLOW_CTX_DAG_OWNER='***' AIRFLOW_CTX_DAG_ID='lab1_dag' AIRFLOW_CTX_TASK_ID='extract' AIRFLOW_CTX_EXECUTION_DATE='2025-03-03T07:05:00+00:00' AIRFLOW_CTX_TRY_NUMBER='1' AIRFLOW_CTX_DAG_RUN_ID='scheduled__2025-03-03T07:05:00+00:00'
[2025-03-03T07:10:06.963+0000] {taskinstance.py:731} INFO - ::endgroup::
[2025-03-03T07:10:06.967+0000] {logging_mixin.py:190} INFO - YF.download() has changed argument auto_adjust default to True
[2025-03-03T07:10:07.428+0000] {logging_mixin.py:190} WARNING - [                       0%                       ]
[2025-03-03T07:10:07.438+0000] {logging_mixin.py:190} WARNING - [*********************100%***********************]  2 of 2 completed
[2025-03-03T07:10:07.496+0000] {python.py:240} INFO - Done. Returned value was: None
[2025-03-03T07:10:07.525+0000] {taskinstance.py:340} INFO - ::group::Post task execution logs
[2025-03-03T07:10:07.526+0000] {taskinstance.py:352} INFO - Marking task as SUCCESS. dag_id=lab1_dag, task_id=extract, run_id=scheduled__2025-03-03T07:05:00+00:00, execution_date=20250303T070500, start_date=20250303T071006, end_date=20250303T071007
[2025-03-03T07:10:07.575+0000] {local_task_job_runner.py:266} INFO - Task exited with return code 0
[2025-03-03T07:10:07.590+0000] {taskinstance.py:3900} INFO - 0 downstream tasks scheduled from follow-on schedule check
[2025-03-03T07:10:07.592+0000] {local_task_job_runner.py:245} INFO - ::endgroup::
