[2025-03-01T23:05:21.792+0000] {processor.py:186} INFO - Started process (PID=2557) to work on /opt/airflow/dags/stock_price_dag.py
[2025-03-01T23:05:21.794+0000] {processor.py:914} INFO - Processing file /opt/airflow/dags/stock_price_dag.py for tasks to queue
[2025-03-01T23:05:21.797+0000] {logging_mixin.py:190} INFO - [2025-03-01T23:05:21.797+0000] {dagbag.py:587} INFO - Filling up the DagBag from /opt/airflow/dags/stock_price_dag.py
[2025-03-01T23:05:21.922+0000] {processor.py:925} INFO - DAG(s) 'stock_price' retrieved from /opt/airflow/dags/stock_price_dag.py
[2025-03-01T23:05:22.315+0000] {logging_mixin.py:190} INFO - [2025-03-01T23:05:22.314+0000] {override.py:1900} INFO - Created Permission View: can read on DAG:stock_price
[2025-03-01T23:05:22.328+0000] {logging_mixin.py:190} INFO - [2025-03-01T23:05:22.327+0000] {override.py:1900} INFO - Created Permission View: can delete on DAG:stock_price
[2025-03-01T23:05:22.336+0000] {logging_mixin.py:190} INFO - [2025-03-01T23:05:22.336+0000] {override.py:1900} INFO - Created Permission View: can edit on DAG:stock_price
[2025-03-01T23:05:22.347+0000] {logging_mixin.py:190} INFO - [2025-03-01T23:05:22.347+0000] {override.py:1900} INFO - Created Permission View: can read on DAG Run:stock_price
[2025-03-01T23:05:22.355+0000] {logging_mixin.py:190} INFO - [2025-03-01T23:05:22.355+0000] {override.py:1900} INFO - Created Permission View: can create on DAG Run:stock_price
[2025-03-01T23:05:22.365+0000] {logging_mixin.py:190} INFO - [2025-03-01T23:05:22.365+0000] {override.py:1900} INFO - Created Permission View: can delete on DAG Run:stock_price
[2025-03-01T23:05:22.376+0000] {logging_mixin.py:190} INFO - [2025-03-01T23:05:22.376+0000] {override.py:1900} INFO - Created Permission View: menu access on DAG Run:stock_price
[2025-03-01T23:05:22.378+0000] {logging_mixin.py:190} INFO - [2025-03-01T23:05:22.377+0000] {dag.py:3229} INFO - Sync 1 DAGs
[2025-03-01T23:05:22.398+0000] {logging_mixin.py:190} INFO - [2025-03-01T23:05:22.398+0000] {dag.py:3252} INFO - Creating ORM DAG for stock_price
[2025-03-01T23:05:22.417+0000] {logging_mixin.py:190} INFO - [2025-03-01T23:05:22.417+0000] {dag.py:4156} INFO - Setting next_dagrun for stock_price to 2025-02-28 02:30:00+00:00, run_after=2025-03-01 02:30:00+00:00
[2025-03-01T23:05:22.451+0000] {processor.py:208} INFO - Processing /opt/airflow/dags/stock_price_dag.py took 0.670 seconds
[2025-03-01T23:05:52.945+0000] {processor.py:186} INFO - Started process (PID=2568) to work on /opt/airflow/dags/stock_price_dag.py
[2025-03-01T23:05:52.946+0000] {processor.py:914} INFO - Processing file /opt/airflow/dags/stock_price_dag.py for tasks to queue
[2025-03-01T23:05:52.951+0000] {logging_mixin.py:190} INFO - [2025-03-01T23:05:52.950+0000] {dagbag.py:587} INFO - Filling up the DagBag from /opt/airflow/dags/stock_price_dag.py
[2025-03-01T23:05:53.006+0000] {processor.py:925} INFO - DAG(s) 'stock_price' retrieved from /opt/airflow/dags/stock_price_dag.py
[2025-03-01T23:05:53.027+0000] {logging_mixin.py:190} INFO - [2025-03-01T23:05:53.026+0000] {dag.py:3229} INFO - Sync 1 DAGs
[2025-03-01T23:05:53.058+0000] {logging_mixin.py:190} INFO - [2025-03-01T23:05:53.058+0000] {dag.py:4156} INFO - Setting next_dagrun for stock_price to 2025-02-28 02:30:00+00:00, run_after=2025-03-01 02:30:00+00:00
[2025-03-01T23:05:53.088+0000] {processor.py:208} INFO - Processing /opt/airflow/dags/stock_price_dag.py took 0.149 seconds
[2025-03-01T23:06:23.530+0000] {processor.py:186} INFO - Started process (PID=2579) to work on /opt/airflow/dags/stock_price_dag.py
[2025-03-01T23:06:23.534+0000] {processor.py:914} INFO - Processing file /opt/airflow/dags/stock_price_dag.py for tasks to queue
[2025-03-01T23:06:23.569+0000] {logging_mixin.py:190} INFO - [2025-03-01T23:06:23.567+0000] {dagbag.py:587} INFO - Filling up the DagBag from /opt/airflow/dags/stock_price_dag.py
[2025-03-01T23:06:23.788+0000] {processor.py:925} INFO - DAG(s) 'stock_price' retrieved from /opt/airflow/dags/stock_price_dag.py
[2025-03-01T23:06:23.986+0000] {logging_mixin.py:190} INFO - [2025-03-01T23:06:23.985+0000] {dag.py:3229} INFO - Sync 1 DAGs
[2025-03-01T23:06:24.102+0000] {logging_mixin.py:190} INFO - [2025-03-01T23:06:24.102+0000] {dag.py:4156} INFO - Setting next_dagrun for stock_price to 2025-02-28 02:30:00+00:00, run_after=2025-03-01 02:30:00+00:00
[2025-03-01T23:06:24.171+0000] {processor.py:208} INFO - Processing /opt/airflow/dags/stock_price_dag.py took 0.729 seconds
[2025-03-01T23:06:54.814+0000] {processor.py:186} INFO - Started process (PID=2590) to work on /opt/airflow/dags/stock_price_dag.py
[2025-03-01T23:06:54.816+0000] {processor.py:914} INFO - Processing file /opt/airflow/dags/stock_price_dag.py for tasks to queue
[2025-03-01T23:06:54.822+0000] {logging_mixin.py:190} INFO - [2025-03-01T23:06:54.821+0000] {dagbag.py:587} INFO - Filling up the DagBag from /opt/airflow/dags/stock_price_dag.py
[2025-03-01T23:06:54.864+0000] {processor.py:925} INFO - DAG(s) 'stock_price' retrieved from /opt/airflow/dags/stock_price_dag.py
[2025-03-01T23:06:54.888+0000] {logging_mixin.py:190} INFO - [2025-03-01T23:06:54.888+0000] {dag.py:3229} INFO - Sync 1 DAGs
[2025-03-01T23:06:54.921+0000] {logging_mixin.py:190} INFO - [2025-03-01T23:06:54.921+0000] {dag.py:4156} INFO - Setting next_dagrun for stock_price to 2025-02-28 02:30:00+00:00, run_after=2025-03-01 02:30:00+00:00
[2025-03-01T23:06:54.947+0000] {processor.py:208} INFO - Processing /opt/airflow/dags/stock_price_dag.py took 0.141 seconds
[2025-03-01T23:07:25.197+0000] {processor.py:186} INFO - Started process (PID=2601) to work on /opt/airflow/dags/stock_price_dag.py
[2025-03-01T23:07:25.198+0000] {processor.py:914} INFO - Processing file /opt/airflow/dags/stock_price_dag.py for tasks to queue
[2025-03-01T23:07:25.209+0000] {logging_mixin.py:190} INFO - [2025-03-01T23:07:25.208+0000] {dagbag.py:587} INFO - Filling up the DagBag from /opt/airflow/dags/stock_price_dag.py
[2025-03-01T23:07:25.280+0000] {processor.py:925} INFO - DAG(s) 'stock_price' retrieved from /opt/airflow/dags/stock_price_dag.py
[2025-03-01T23:07:25.314+0000] {logging_mixin.py:190} INFO - [2025-03-01T23:07:25.313+0000] {dag.py:3229} INFO - Sync 1 DAGs
[2025-03-01T23:07:25.351+0000] {logging_mixin.py:190} INFO - [2025-03-01T23:07:25.350+0000] {dag.py:4156} INFO - Setting next_dagrun for stock_price to 2025-02-28 02:30:00+00:00, run_after=2025-03-01 02:30:00+00:00
[2025-03-01T23:07:25.377+0000] {processor.py:208} INFO - Processing /opt/airflow/dags/stock_price_dag.py took 0.190 seconds
[2025-03-01T23:07:55.770+0000] {processor.py:186} INFO - Started process (PID=2612) to work on /opt/airflow/dags/stock_price_dag.py
[2025-03-01T23:07:55.771+0000] {processor.py:914} INFO - Processing file /opt/airflow/dags/stock_price_dag.py for tasks to queue
[2025-03-01T23:07:55.776+0000] {logging_mixin.py:190} INFO - [2025-03-01T23:07:55.776+0000] {dagbag.py:587} INFO - Filling up the DagBag from /opt/airflow/dags/stock_price_dag.py
[2025-03-01T23:07:55.831+0000] {processor.py:925} INFO - DAG(s) 'stock_price' retrieved from /opt/airflow/dags/stock_price_dag.py
[2025-03-01T23:07:55.854+0000] {logging_mixin.py:190} INFO - [2025-03-01T23:07:55.854+0000] {dag.py:3229} INFO - Sync 1 DAGs
[2025-03-01T23:07:55.907+0000] {logging_mixin.py:190} INFO - [2025-03-01T23:07:55.907+0000] {dag.py:4156} INFO - Setting next_dagrun for stock_price to 2025-02-28 02:30:00+00:00, run_after=2025-03-01 02:30:00+00:00
[2025-03-01T23:07:55.947+0000] {processor.py:208} INFO - Processing /opt/airflow/dags/stock_price_dag.py took 0.183 seconds
[2025-03-01T23:08:26.141+0000] {processor.py:186} INFO - Started process (PID=2623) to work on /opt/airflow/dags/stock_price_dag.py
[2025-03-01T23:08:26.142+0000] {processor.py:914} INFO - Processing file /opt/airflow/dags/stock_price_dag.py for tasks to queue
[2025-03-01T23:08:26.145+0000] {logging_mixin.py:190} INFO - [2025-03-01T23:08:26.145+0000] {dagbag.py:587} INFO - Filling up the DagBag from /opt/airflow/dags/stock_price_dag.py
[2025-03-01T23:08:26.187+0000] {processor.py:925} INFO - DAG(s) 'stock_price' retrieved from /opt/airflow/dags/stock_price_dag.py
[2025-03-01T23:08:26.210+0000] {logging_mixin.py:190} INFO - [2025-03-01T23:08:26.209+0000] {dag.py:3229} INFO - Sync 1 DAGs
[2025-03-01T23:08:26.252+0000] {logging_mixin.py:190} INFO - [2025-03-01T23:08:26.251+0000] {dag.py:4156} INFO - Setting next_dagrun for stock_price to 2025-02-28 02:30:00+00:00, run_after=2025-03-01 02:30:00+00:00
[2025-03-01T23:08:26.290+0000] {processor.py:208} INFO - Processing /opt/airflow/dags/stock_price_dag.py took 0.155 seconds
[2025-03-01T23:08:56.690+0000] {processor.py:186} INFO - Started process (PID=2634) to work on /opt/airflow/dags/stock_price_dag.py
[2025-03-01T23:08:56.691+0000] {processor.py:914} INFO - Processing file /opt/airflow/dags/stock_price_dag.py for tasks to queue
[2025-03-01T23:08:56.694+0000] {logging_mixin.py:190} INFO - [2025-03-01T23:08:56.694+0000] {dagbag.py:587} INFO - Filling up the DagBag from /opt/airflow/dags/stock_price_dag.py
[2025-03-01T23:08:56.746+0000] {processor.py:925} INFO - DAG(s) 'stock_price' retrieved from /opt/airflow/dags/stock_price_dag.py
[2025-03-01T23:08:56.769+0000] {logging_mixin.py:190} INFO - [2025-03-01T23:08:56.769+0000] {dag.py:3229} INFO - Sync 1 DAGs
[2025-03-01T23:08:56.803+0000] {logging_mixin.py:190} INFO - [2025-03-01T23:08:56.803+0000] {dag.py:4156} INFO - Setting next_dagrun for stock_price to 2025-02-28 02:30:00+00:00, run_after=2025-03-01 02:30:00+00:00
[2025-03-01T23:08:56.827+0000] {processor.py:208} INFO - Processing /opt/airflow/dags/stock_price_dag.py took 0.145 seconds
[2025-03-01T23:09:27.147+0000] {processor.py:186} INFO - Started process (PID=2645) to work on /opt/airflow/dags/stock_price_dag.py
[2025-03-01T23:09:27.149+0000] {processor.py:914} INFO - Processing file /opt/airflow/dags/stock_price_dag.py for tasks to queue
[2025-03-01T23:09:27.152+0000] {logging_mixin.py:190} INFO - [2025-03-01T23:09:27.151+0000] {dagbag.py:587} INFO - Filling up the DagBag from /opt/airflow/dags/stock_price_dag.py
[2025-03-01T23:09:27.203+0000] {processor.py:925} INFO - DAG(s) 'stock_price' retrieved from /opt/airflow/dags/stock_price_dag.py
[2025-03-01T23:09:27.225+0000] {logging_mixin.py:190} INFO - [2025-03-01T23:09:27.224+0000] {dag.py:3229} INFO - Sync 1 DAGs
[2025-03-01T23:09:27.257+0000] {logging_mixin.py:190} INFO - [2025-03-01T23:09:27.257+0000] {dag.py:4156} INFO - Setting next_dagrun for stock_price to 2025-02-28 02:30:00+00:00, run_after=2025-03-01 02:30:00+00:00
[2025-03-01T23:09:27.283+0000] {processor.py:208} INFO - Processing /opt/airflow/dags/stock_price_dag.py took 0.149 seconds
[2025-03-01T23:09:57.631+0000] {processor.py:186} INFO - Started process (PID=2656) to work on /opt/airflow/dags/stock_price_dag.py
[2025-03-01T23:09:57.632+0000] {processor.py:914} INFO - Processing file /opt/airflow/dags/stock_price_dag.py for tasks to queue
[2025-03-01T23:09:57.636+0000] {logging_mixin.py:190} INFO - [2025-03-01T23:09:57.636+0000] {dagbag.py:587} INFO - Filling up the DagBag from /opt/airflow/dags/stock_price_dag.py
[2025-03-01T23:09:57.691+0000] {processor.py:925} INFO - DAG(s) 'stock_price' retrieved from /opt/airflow/dags/stock_price_dag.py
[2025-03-01T23:09:57.712+0000] {logging_mixin.py:190} INFO - [2025-03-01T23:09:57.712+0000] {dag.py:3229} INFO - Sync 1 DAGs
[2025-03-01T23:09:57.804+0000] {logging_mixin.py:190} INFO - [2025-03-01T23:09:57.803+0000] {dag.py:4156} INFO - Setting next_dagrun for stock_price to 2025-02-28 02:30:00+00:00, run_after=2025-03-01 02:30:00+00:00
[2025-03-01T23:09:57.861+0000] {processor.py:208} INFO - Processing /opt/airflow/dags/stock_price_dag.py took 0.238 seconds
[2025-03-01T23:10:27.949+0000] {processor.py:186} INFO - Started process (PID=2667) to work on /opt/airflow/dags/stock_price_dag.py
[2025-03-01T23:10:27.950+0000] {processor.py:914} INFO - Processing file /opt/airflow/dags/stock_price_dag.py for tasks to queue
[2025-03-01T23:10:27.953+0000] {logging_mixin.py:190} INFO - [2025-03-01T23:10:27.953+0000] {dagbag.py:587} INFO - Filling up the DagBag from /opt/airflow/dags/stock_price_dag.py
[2025-03-01T23:10:28.002+0000] {processor.py:925} INFO - DAG(s) 'stock_price' retrieved from /opt/airflow/dags/stock_price_dag.py
[2025-03-01T23:10:28.024+0000] {logging_mixin.py:190} INFO - [2025-03-01T23:10:28.024+0000] {dag.py:3229} INFO - Sync 1 DAGs
[2025-03-01T23:10:28.052+0000] {logging_mixin.py:190} INFO - [2025-03-01T23:10:28.052+0000] {dag.py:4156} INFO - Setting next_dagrun for stock_price to 2025-02-28 02:30:00+00:00, run_after=2025-03-01 02:30:00+00:00
[2025-03-01T23:10:28.119+0000] {processor.py:208} INFO - Processing /opt/airflow/dags/stock_price_dag.py took 0.177 seconds
[2025-03-01T23:10:58.721+0000] {processor.py:186} INFO - Started process (PID=2678) to work on /opt/airflow/dags/stock_price_dag.py
[2025-03-01T23:10:58.722+0000] {processor.py:914} INFO - Processing file /opt/airflow/dags/stock_price_dag.py for tasks to queue
[2025-03-01T23:10:58.733+0000] {logging_mixin.py:190} INFO - [2025-03-01T23:10:58.732+0000] {dagbag.py:587} INFO - Filling up the DagBag from /opt/airflow/dags/stock_price_dag.py
[2025-03-01T23:10:58.823+0000] {processor.py:925} INFO - DAG(s) 'stock_price' retrieved from /opt/airflow/dags/stock_price_dag.py
[2025-03-01T23:10:58.937+0000] {logging_mixin.py:190} INFO - [2025-03-01T23:10:58.934+0000] {dag.py:3229} INFO - Sync 1 DAGs
[2025-03-01T23:10:59.457+0000] {logging_mixin.py:190} INFO - [2025-03-01T23:10:59.456+0000] {dag.py:4156} INFO - Setting next_dagrun for stock_price to 2025-03-01 02:30:00+00:00, run_after=2025-03-02 02:30:00+00:00
[2025-03-01T23:10:59.503+0000] {processor.py:208} INFO - Processing /opt/airflow/dags/stock_price_dag.py took 0.801 seconds
[2025-03-01T23:13:42.975+0000] {processor.py:186} INFO - Started process (PID=214) to work on /opt/airflow/dags/stock_price_dag.py
[2025-03-01T23:13:42.986+0000] {processor.py:914} INFO - Processing file /opt/airflow/dags/stock_price_dag.py for tasks to queue
[2025-03-01T23:13:43.009+0000] {logging_mixin.py:190} INFO - [2025-03-01T23:13:43.008+0000] {dagbag.py:587} INFO - Filling up the DagBag from /opt/airflow/dags/stock_price_dag.py
[2025-03-01T23:13:43.209+0000] {processor.py:925} INFO - DAG(s) 'stock_price' retrieved from /opt/airflow/dags/stock_price_dag.py
[2025-03-01T23:13:44.477+0000] {logging_mixin.py:190} INFO - [2025-03-01T23:13:44.475+0000] {dag.py:3229} INFO - Sync 1 DAGs
[2025-03-01T23:13:44.660+0000] {logging_mixin.py:190} INFO - [2025-03-01T23:13:44.659+0000] {dag.py:4156} INFO - Setting next_dagrun for stock_price to 2025-02-28 15:13:00+00:00, run_after=2025-03-01 15:13:00+00:00
[2025-03-01T23:13:44.758+0000] {processor.py:208} INFO - Processing /opt/airflow/dags/stock_price_dag.py took 1.860 seconds
[2025-03-01T23:14:15.117+0000] {processor.py:186} INFO - Started process (PID=252) to work on /opt/airflow/dags/stock_price_dag.py
[2025-03-01T23:14:15.119+0000] {processor.py:914} INFO - Processing file /opt/airflow/dags/stock_price_dag.py for tasks to queue
[2025-03-01T23:14:15.122+0000] {logging_mixin.py:190} INFO - [2025-03-01T23:14:15.122+0000] {dagbag.py:587} INFO - Filling up the DagBag from /opt/airflow/dags/stock_price_dag.py
[2025-03-01T23:14:15.185+0000] {processor.py:925} INFO - DAG(s) 'stock_price' retrieved from /opt/airflow/dags/stock_price_dag.py
[2025-03-01T23:14:15.213+0000] {logging_mixin.py:190} INFO - [2025-03-01T23:14:15.213+0000] {dag.py:3229} INFO - Sync 1 DAGs
[2025-03-01T23:14:15.244+0000] {logging_mixin.py:190} INFO - [2025-03-01T23:14:15.244+0000] {dag.py:4156} INFO - Setting next_dagrun for stock_price to 2025-03-01 15:13:00+00:00, run_after=2025-03-02 15:13:00+00:00
[2025-03-01T23:14:15.268+0000] {processor.py:208} INFO - Processing /opt/airflow/dags/stock_price_dag.py took 0.157 seconds
[2025-03-01T23:14:45.446+0000] {processor.py:186} INFO - Started process (PID=263) to work on /opt/airflow/dags/stock_price_dag.py
[2025-03-01T23:14:45.447+0000] {processor.py:914} INFO - Processing file /opt/airflow/dags/stock_price_dag.py for tasks to queue
[2025-03-01T23:14:45.452+0000] {logging_mixin.py:190} INFO - [2025-03-01T23:14:45.451+0000] {dagbag.py:587} INFO - Filling up the DagBag from /opt/airflow/dags/stock_price_dag.py
[2025-03-01T23:14:45.516+0000] {processor.py:925} INFO - DAG(s) 'stock_price' retrieved from /opt/airflow/dags/stock_price_dag.py
[2025-03-01T23:14:45.544+0000] {logging_mixin.py:190} INFO - [2025-03-01T23:14:45.543+0000] {dag.py:3229} INFO - Sync 1 DAGs
[2025-03-01T23:14:45.575+0000] {logging_mixin.py:190} INFO - [2025-03-01T23:14:45.575+0000] {dag.py:4156} INFO - Setting next_dagrun for stock_price to 2025-03-01 15:13:00+00:00, run_after=2025-03-02 15:13:00+00:00
[2025-03-01T23:14:45.601+0000] {processor.py:208} INFO - Processing /opt/airflow/dags/stock_price_dag.py took 0.163 seconds
[2025-03-01T23:15:16.120+0000] {processor.py:186} INFO - Started process (PID=274) to work on /opt/airflow/dags/stock_price_dag.py
[2025-03-01T23:15:16.127+0000] {processor.py:914} INFO - Processing file /opt/airflow/dags/stock_price_dag.py for tasks to queue
[2025-03-01T23:15:16.131+0000] {logging_mixin.py:190} INFO - [2025-03-01T23:15:16.130+0000] {dagbag.py:587} INFO - Filling up the DagBag from /opt/airflow/dags/stock_price_dag.py
[2025-03-01T23:15:16.182+0000] {processor.py:925} INFO - DAG(s) 'stock_price' retrieved from /opt/airflow/dags/stock_price_dag.py
[2025-03-01T23:15:16.209+0000] {logging_mixin.py:190} INFO - [2025-03-01T23:15:16.207+0000] {dag.py:3229} INFO - Sync 1 DAGs
[2025-03-01T23:15:16.259+0000] {logging_mixin.py:190} INFO - [2025-03-01T23:15:16.259+0000] {dag.py:4156} INFO - Setting next_dagrun for stock_price to 2025-03-01 15:13:00+00:00, run_after=2025-03-02 15:13:00+00:00
[2025-03-01T23:15:16.291+0000] {processor.py:208} INFO - Processing /opt/airflow/dags/stock_price_dag.py took 0.177 seconds
